<?xml version="1.0" encoding="utf-8"?><testsuites name="pytest tests"><testsuite name="pytest" errors="0" failures="0" skipped="0" tests="29" time="3.502" timestamp="2026-09-10T17:42:39.268158+05:30" hostname="Teja"><testcase classname="tests.test_provenance_status_regression.TestProvenanceDistinction" name="test_all_certified_actual_returns_completed" time="0.550" /><testcase classname="tests.test_provenance_status_regression.TestPlannerStampIsEarnedByStatusField" name="test_non_status_certification_does_not_earn_actual_stamp[certified0-sources0]" time="0.550" /><testcase classname="tests.test_provenance_status_regression.TestProvenanceDistinction" name="test_all_onboarding_baseline_returns_effectively_completed" time="0.002" /><testcase classname="tests.test_provenance_status_regression.TestPlannerStampIsEarnedByStatusField" name="test_non_status_certification_does_not_earn_actual_stamp[certified1-sources1]" time="0.003" /><testcase classname="tests.test_provenance_status_regression.TestProvenanceDistinction" name="test_unverified_legacy_returns_effectively_completed" time="0.002" /><testcase classname="tests.test_provenance_status_regression.TestPlannerStampIsEarnedByStatusField" name="test_non_status_certification_does_not_earn_actual_stamp[certified2-sources2]" time="0.002" /><testcase classname="tests.test_provenance_status_regression.TestProvenanceDistinction" name="test_missing_provenance_returns_effectively_completed" time="0.002" /><testcase classname="tests.test_provenance_status_regression.TestPlannerStampIsEarnedByStatusField" name="test_non_status_certification_does_not_earn_actual_stamp[certified3-sources3]" time="0.003" /><testcase classname="tests.test_provenance_status_regression.TestProvenanceDistinction" name="test_empty_string_provenance_returns_effectively_completed" time="0.002" /><testcase classname="tests.test_provenance_status_regression.TestPlannerStampIsEarnedByStatusField" name="test_non_status_certification_does_not_earn_actual_stamp[certified4-sources4]" time="0.003" /><testcase classname="tests.test_provenance_status_regression.TestProvenanceDistinction" name="test_mixed_certified_and_onboarding_returns_completed" time="0.002" /><testcase classname="tests.test_provenance_status_regression.TestPlannerStampIsEarnedByStatusField" name="test_legacy_completion_survives_unrelated_certified_write[certified0-sources0]" time="0.003" /><testcase classname="tests.test_provenance_status_regression.TestProvenanceDistinction" name="test_mixed_legacy_and_onboarding_returns_effectively_completed" time="0.003" /><testcase classname="tests.test_provenance_status_regression.TestPlannerStampIsEarnedByStatusField" name="test_legacy_completion_survives_unrelated_certified_write[certified1-sources1]" time="0.003" /><testcase classname="tests.test_provenance_status_regression.TestProvenanceDistinction" name="test_all_nodes_done_all_certified_returns_mastered" time="0.002" /><testcase classname="tests.test_provenance_status_regression.TestPlannerStampIsEarnedByStatusField" name="test_legacy_completion_survives_unrelated_certified_write[certified2-sources2]" time="0.004" /><testcase classname="tests.test_provenance_status_regression.TestPlannerStampIsEarnedByStatusField" name="test_certified_status_still_earns_actual_stamp" time="0.003" /><testcase classname="tests.test_provenance_status_regression.TestPlannerStampIsEarnedByStatusField" name="test_certified_status_still_resolves_to_completed" time="0.002" /><testcase classname="tests.test_provenance_status_regression.TestProvenanceDistinction" name="test_all_nodes_done_all_onboarding_returns_mastered" time="0.002" /><testcase classname="tests.test_canonical_relationship_authority.TestCanonicalAuthority" name="test_ai_cannot_redefine_a_canonical_prerequisite" time="0.002" /><testcase classname="tests.test_provenance_status_regression.TestPlannerStampIsEarnedByStatusField" name="test_onboarding_baseline_stamp_is_preserved_not_downgraded" time="0.003" /><testcase classname="tests.test_canonical_relationship_authority.TestCanonicalAuthority" name="test_ai_cannot_redefine_a_canonical_related_topic" time="0.005" /><testcase classname="tests.test_canonical_relationship_authority.TestCanonicalAuthority" name="test_canonical_entries_come_first" time="0.003" /><testcase classname="tests.test_canonical_relationship_authority.TestCanonicalAuthority" name="test_ai_only_entries_are_kept_as_supplementary" time="0.006" /><testcase classname="tests.test_canonical_relationship_authority.TestCanonicalAuthority" name="test_empty_ai_output_leaves_canonical_intact" time="0.004" /><testcase classname="tests.test_canonical_relationship_authority.TestCanonicalAuthority" name="test_ai_cannot_empty_the_canonical_list" time="0.002" /><testcase classname="tests.test_canonical_relationship_authority.TestCanonicalAuthority" name="test_merge_is_deterministic" time="0.004" /><testcase classname="tests.test_canonical_relationship_authority.TestCanonicalAuthority" name="test_canonical_entries_are_sourced_from_the_roadmap" time="0.003" /><testcase classname="tests.test_canonical_relationship_authority.TestCanonicalAuthority" name="test_unknown_canonical_ids_are_dropped_not_invented" time="0.003" /></testsuite></testsuites>