<?xml version="1.0" encoding="utf-8"?><testsuites name="pytest tests"><testsuite name="pytest" errors="116" failures="39" skipped="0" tests="700" time="31.365" timestamp="2026-09-10T17:42:55.762377+05:30" hostname="Teja"><testcase classname="" name="tests.backend_test" time="0.000"><error message="collection failure">tests\backend_test.py:11: in &lt;module&gt;
    with open("/app/frontend/.env") as f:
         ^^^^^^^^^^^^^^^^^^^^^^^^^^
E   FileNotFoundError: [Errno 2] No such file or directory: '/app/frontend/.env'</error><error message="collection failure">tests\backend_test.py:11: in &lt;module&gt;
    with open("/app/frontend/.env") as f:
         ^^^^^^^^^^^^^^^^^^^^^^^^^^
E   FileNotFoundError: [Errno 2] No such file or directory: '/app/frontend/.env'</error></testcase><testcase classname="" name="tests.test_iteration3" time="0.000"><error message="collection failure">tests\test_iteration3.py:11: in &lt;module&gt;
    with open("/app/frontend/.env") as f:
         ^^^^^^^^^^^^^^^^^^^^^^^^^^
E   FileNotFoundError: [Errno 2] No such file or directory: '/app/frontend/.env'</error><error message="collection failure">tests\test_iteration3.py:11: in &lt;module&gt;
    with open("/app/frontend/.env") as f:
         ^^^^^^^^^^^^^^^^^^^^^^^^^^
E   FileNotFoundError: [Errno 2] No such file or directory: '/app/frontend/.env'</error></testcase><testcase classname="" name="tests.test_missions" time="0.000"><error message="collection failure">tests\test_missions.py:35: in &lt;module&gt;
    raise RuntimeError(
E   RuntimeError: REACT_APP_BACKEND_URL is not configured.</error><error message="collection failure">tests\test_missions.py:35: in &lt;module&gt;
    raise RuntimeError(
E   RuntimeError: REACT_APP_BACKEND_URL is not configured.</error></testcase><testcase classname="" name="tests.test_roadmap_expansion" time="0.000"><error message="collection failure">tests\test_roadmap_expansion.py:9: in &lt;module&gt;
    with open("/app/frontend/.env") as f:
         ^^^^^^^^^^^^^^^^^^^^^^^^^^
E   FileNotFoundError: [Errno 2] No such file or directory: '/app/frontend/.env'</error><error message="collection failure">tests\test_roadmap_expansion.py:9: in &lt;module&gt;
    with open("/app/frontend/.env") as f:
         ^^^^^^^^^^^^^^^^^^^^^^^^^^
E   FileNotFoundError: [Errno 2] No such file or directory: '/app/frontend/.env'</error></testcase><testcase classname="" name="tests.test_roadmap_lld_hld_expansion" time="0.000"><error message="collection failure">tests\test_roadmap_lld_hld_expansion.py:9: in &lt;module&gt;
    with open("/app/frontend/.env") as f:
         ^^^^^^^^^^^^^^^^^^^^^^^^^^
E   FileNotFoundError: [Errno 2] No such file or directory: '/app/frontend/.env'</error><error message="collection failure">tests\test_roadmap_lld_hld_expansion.py:9: in &lt;module&gt;
    with open("/app/frontend/.env") as f:
         ^^^^^^^^^^^^^^^^^^^^^^^^^^
E   FileNotFoundError: [Errno 2] No such file or directory: '/app/frontend/.env'</error></testcase><testcase classname="tests.test_evidence_provenance" name="test_baseline_without_evidence_has_zero_actual_and_no_persisted_seed[programming_fundamentals-0]" time="0.327" /><testcase classname="tests.test_evidence_provenance" name="test_baseline_without_evidence_has_zero_actual_and_no_persisted_seed[programming_fundamentals-7]" time="0.171" /><testcase classname="tests.test_evidence_provenance" name="test_baseline_without_evidence_has_zero_actual_and_no_persisted_seed[programming_fundamentals-9]" time="0.151" /><testcase classname="tests.test_evidence_provenance" name="test_baseline_without_evidence_has_zero_actual_and_no_persisted_seed[programming_fundamentals-10]" time="0.193" /><testcase classname="tests.test_evidence_provenance" name="test_baseline_without_evidence_has_zero_actual_and_no_persisted_seed[java-7]" time="0.054" /><testcase classname="tests.test_evidence_provenance" name="test_baseline_without_evidence_has_zero_actual_and_no_persisted_seed[dsa-9]" time="0.062" /><testcase classname="tests.test_evidence_provenance" name="test_baseline_without_evidence_has_zero_actual_and_no_persisted_seed[operating_systems-6]" time="0.050" /><testcase classname="tests.test_evidence_provenance" name="test_baseline_without_evidence_has_zero_actual_and_no_persisted_seed[dbms-5]" time="0.039" /><testcase classname="tests.test_evidence_provenance" name="test_baseline_without_evidence_has_zero_actual_and_no_persisted_seed[computer_networks-4]" time="0.035" /><testcase classname="tests.test_evidence_provenance" name="test_baseline_without_evidence_has_zero_actual_and_no_persisted_seed[lld-8]" time="0.036" /><testcase classname="tests.test_evidence_provenance" name="test_baseline_without_evidence_has_zero_actual_and_no_persisted_seed[hld-3]" time="0.034" /><testcase classname="tests.test_evidence_provenance" name="test_all_eight_actual_and_baseline_remain_separate[programming_fundamentals]" time="0.030" /><testcase classname="tests.test_evidence_provenance" name="test_all_eight_actual_and_baseline_remain_separate[dsa]" time="0.029" /><testcase classname="tests.test_evidence_provenance" name="test_all_eight_actual_and_baseline_remain_separate[java]" time="0.031" /><testcase classname="tests.test_evidence_provenance" name="test_all_eight_actual_and_baseline_remain_separate[lld]" time="0.031" /><testcase classname="tests.test_evidence_provenance" name="test_all_eight_actual_and_baseline_remain_separate[hld]" time="0.032" /><testcase classname="tests.test_evidence_provenance" name="test_all_eight_actual_and_baseline_remain_separate[operating_systems]" time="0.027" /><testcase classname="tests.test_evidence_provenance" name="test_all_eight_actual_and_baseline_remain_separate[dbms]" time="0.028" /><testcase classname="tests.test_evidence_provenance" name="test_all_eight_actual_and_baseline_remain_separate[computer_networks]" time="0.030" /><testcase classname="tests.test_evidence_provenance" name="test_legacy_with_dates_attempts_and_wrong_track_never_certifies_mastery" time="0.029" /><testcase classname="tests.test_evidence_provenance" name="test_subject_mastery_of_42_is_preserved_beside_baseline_of_80" time="0.030" /><testcase classname="tests.test_evidence_provenance" name="test_later_task_gain_preserves_unknown_seventy_and_only_uses_certified_prior" time="0.135" /><testcase classname="tests.test_evidence_provenance" name="test_new_status_records_completion_without_certifying_unknown_mastery" time="0.047" /><testcase classname="tests.test_evidence_provenance" name="test_new_revision_records_its_date_without_changing_historical_revision_facts" time="0.002" /><testcase classname="tests.test_evidence_provenance" name="test_problem_feedback_averages_only_attributable_confidence" time="0.006" /><testcase classname="tests.test_evidence_provenance" name="test_notes_and_bookmarks_do_not_certify_unknown_progress" time="0.003" /><testcase classname="tests.test_evidence_provenance" name="test_explicit_new_confidence_is_independent_measurement_and_preserves_legacy" time="0.002" /><testcase classname="tests.test_evidence_provenance" name="test_attempt_and_revision_facts_preserved_without_certifying_old_scores" time="0.041" /><testcase classname="tests.test_evidence_provenance" name="test_runtime_baseline_cannot_be_counted_as_actual_or_mislabelled_as_legacy" time="0.038" /><testcase classname="tests.test_evidence_provenance" name="test_independent_tracks_have_no_onboarding_baseline" time="0.067" /><testcase classname="tests.test_evidence_provenance" name="test_unsupported_sources_missing_stamps_and_wrong_version_are_excluded" time="0.071" /><testcase classname="tests.test_evidence_provenance" name="test_unknown_track_identity_is_inspectable_but_not_in_actual_totals" time="0.003" /><testcase classname="tests.test_evidence_provenance" name="test_kb_api_rollups_readiness_and_mentor_exclude_legacy" time="0.226" /><testcase classname="tests.test_evidence_provenance" name="test_all_subject_completion_is_certified_or_explicit_planner_compatibility" time="0.030" /><testcase classname="tests.test_evidence_provenance" name="test_onboarding_update_does_not_overwrite_actual_or_legacy_and_invalidates_targeted_mission" time="0.060" /><testcase classname="tests.test_ai_gateway.TestErrorClassification" name="test_invalid_key_patterns[API key not valid-invalid_key]" time="0.001" /><testcase classname="tests.test_ai_gateway.TestErrorClassification" name="test_invalid_key_patterns[api_key_invalid: check your credentials-invalid_key]" time="0.001" /><testcase classname="tests.test_ai_gateway.TestErrorClassification" name="test_invalid_key_patterns[Unauthorized access-invalid_key]" time="0.001" /><testcase classname="tests.test_ai_gateway.TestErrorClassification" name="test_invalid_key_patterns[Permission denied for this resource-invalid_key]" time="0.001" /><testcase classname="tests.test_ai_gateway.TestErrorClassification" name="test_invalid_key_patterns[Error 401: invalid credentials-invalid_key]" time="0.001" /><testcase classname="tests.test_ai_gateway.TestErrorClassification" name="test_rate_limit_patterns[Rate limit exceeded-rate_limit]" time="0.001" /><testcase classname="tests.test_ai_gateway.TestErrorClassification" name="test_rate_limit_patterns[Quota exhausted for today-rate_limit]" time="0.002" /><testcase classname="tests.test_ai_gateway.TestErrorClassification" name="test_rate_limit_patterns[Too many requests-rate_limit]" time="0.001" /><testcase classname="tests.test_ai_gateway.TestErrorClassification" name="test_rate_limit_patterns[Resource exhausted-rate_limit]" time="0.001" /><testcase classname="tests.test_ai_gateway.TestErrorClassification" name="test_rate_limit_patterns[Error 429-rate_limit]" time="0.001" /><testcase classname="tests.test_ai_gateway.TestErrorClassification" name="test_model_not_found_patterns[Model not found: gemini-1.5-flash-model_not_found]" time="0.002" /><testcase classname="tests.test_ai_gateway.TestErrorClassification" name="test_model_not_found_patterns[Invalid model name specified-model_not_found]" time="0.002" /><testcase classname="tests.test_ai_gateway.TestErrorClassification" name="test_model_not_found_patterns[Unknown model: gpt-99-model_not_found]" time="0.001" /><testcase classname="tests.test_ai_gateway.TestErrorClassification" name="test_model_not_found_patterns[NotFoundError: model does not exist-model_not_found]" time="0.001" /><testcase classname="tests.test_ai_gateway.TestErrorClassification" name="test_timeout_patterns[Request timeout after 30s-timeout]" time="0.001" /><testcase classname="tests.test_ai_gateway.TestErrorClassification" name="test_timeout_patterns[Read timed out after 30s-timeout]" time="0.001" /><testcase classname="tests.test_ai_gateway.TestErrorClassification" name="test_network_patterns[Connection refused-upstream]" time="0.001" /><testcase classname="tests.test_ai_gateway.TestErrorClassification" name="test_network_patterns[Service unavailable-upstream]" time="0.003" /><testcase classname="tests.test_ai_gateway.TestErrorClassification" name="test_network_patterns[Error 503: backend down-upstream]" time="0.001" /><testcase classname="tests.test_ai_gateway.TestErrorClassification" name="test_network_patterns[Name resolution failed-upstream]" time="0.001" /><testcase classname="tests.test_ai_gateway.TestErrorClassification" name="test_unknown_error_fallback" time="0.001" /><testcase classname="tests.test_ai_gateway.TestErrorClassification" name="test_classify_by_class_name" time="0.002" /><testcase classname="tests.test_ai_gateway.TestErrorClassification" name="test_provider_error_attributes" time="0.002" /><testcase classname="tests.test_phase6_reliability_security.TestErrorClassification" name="test_fast_path_class_name[AuthenticationError-invalid_key-401]" time="0.001" /><testcase classname="tests.test_phase6_reliability_security.TestErrorClassification" name="test_fast_path_class_name[PermissionDeniedError-invalid_key-401]" time="0.002" /><testcase classname="tests.test_phase6_reliability_security.TestErrorClassification" name="test_fast_path_class_name[NotFoundError-model_not_found-404]" time="0.002" /><testcase classname="tests.test_phase6_reliability_security.TestErrorClassification" name="test_fast_path_class_name[RateLimitError-rate_limit-429]" time="0.002" /><testcase classname="tests.test_phase6_reliability_security.TestErrorClassification" name="test_fast_path_class_name[Timeout-timeout-504]" time="0.002" /><testcase classname="tests.test_phase6_reliability_security.TestErrorClassification" name="test_fast_path_class_name[APITimeoutError-timeout-504]" time="0.002" /><testcase classname="tests.test_phase6_reliability_security.TestErrorClassification" name="test_fast_path_class_name[APIConnectionError-upstream-502]" time="0.002" /><testcase classname="tests.test_phase6_reliability_security.TestErrorClassification" name="test_fast_path_class_name[ServiceUnavailableError-upstream-502]" time="0.004" /><testcase classname="tests.test_phase6_reliability_security.TestErrorClassification" name="test_slow_path_regex[api_key_invalid-invalid_key]" time="0.002" /><testcase classname="tests.test_phase6_reliability_security.TestErrorClassification" name="test_slow_path_regex[401 Unauthorized-invalid_key]" time="0.001" /><testcase classname="tests.test_phase6_reliability_security.TestErrorClassification" name="test_slow_path_regex[Permission denied-invalid_key]" time="0.001" /><testcase classname="tests.test_phase6_reliability_security.TestErrorClassification" name="test_slow_path_regex[model not found-model_not_found]" time="0.003" /><testcase classname="tests.test_phase6_reliability_security.TestErrorClassification" name="test_slow_path_regex[Invalid model name-model_not_found]" time="0.001" /><testcase classname="tests.test_phase6_reliability_security.TestErrorClassification" name="test_slow_path_regex[404 unknown model-model_not_found]" time="0.001" /><testcase classname="tests.test_phase6_reliability_security.TestErrorClassification" name="test_slow_path_regex[rate limit exceeded-rate_limit]" time="0.001" /><testcase classname="tests.test_phase6_reliability_security.TestErrorClassification" name="test_slow_path_regex[Resource exhausted-rate_limit]" time="0.002" /><testcase classname="tests.test_phase6_reliability_security.TestErrorClassification" name="test_slow_path_regex[429 too many requests-rate_limit]" time="0.003" /><testcase classname="tests.test_phase6_reliability_security.TestErrorClassification" name="test_slow_path_regex[read timed out-timeout]" time="0.001" /><testcase classname="tests.test_phase6_reliability_security.TestErrorClassification" name="test_slow_path_regex[Connection refused-upstream]" time="0.001" /><testcase classname="tests.test_phase6_reliability_security.TestErrorClassification" name="test_slow_path_regex[503 Service unavailable-upstream]" time="0.002" /><testcase classname="tests.test_phase6_reliability_security.TestErrorClassification" name="test_unknown_fallback" time="0.001" /><testcase classname="tests.test_adaptive_planning_phase4_step2" name="test_A1_absolute_beginner_starts_at_programming_fundamentals" time="0.137" /><testcase classname="tests.test_adaptive_planning_phase4_step2" name="test_A2_low_pf_learner_continues_programming_fundamentals" time="0.142" /><testcase classname="tests.test_adaptive_planning_phase4_step2" name="test_A3_strong_pf_declaration_progresses_into_java" time="0.231" /><testcase classname="tests.test_iteration7_progress" name="test_roadmap_tracks_10_and_companies_14" time="2.624"><error message="failed on setup with &quot;AssertionError: 404 page not found&#10;  &#10;assert 404 in (200, 201)&#10; +  where 404 = &lt;Response [404]&gt;.status_code&quot;">@pytest.fixture(scope="module")
    def client():
        s = requests.Session()
        email = f"TEST_iter7_{uuid.uuid4().hex[:8]}@prepos.io"
        pwd = "Test@1234"
        r = s.post(f"{API}/auth/register", json={"email": email, "password": pwd, "name": "Iter7 Tester"})
&gt;       assert r.status_code in (200, 201), r.text
E       AssertionError: 404 page not found
E         
E       assert 404 in (200, 201)
E        +  where 404 = &lt;Response [404]&gt;.status_code

tests\test_iteration7_progress.py:18: AssertionError</error></testcase><testcase classname="tests.test_iteration7_progress" name="test_roadmap_tree_yields_1000_unique_nodes" time="0.002"><error message="failed on setup with &quot;AssertionError: 404 page not found&#10;  &#10;assert 404 in (200, 201)&#10; +  where 404 = &lt;Response [404]&gt;.status_code&quot;">@pytest.fixture(scope="module")
    def client():
        s = requests.Session()
        email = f"TEST_iter7_{uuid.uuid4().hex[:8]}@prepos.io"
        pwd = "Test@1234"
        r = s.post(f"{API}/auth/register", json={"email": email, "password": pwd, "name": "Iter7 Tester"})
&gt;       assert r.status_code in (200, 201), r.text
E       AssertionError: 404 page not found
E         
E       assert 404 in (200, 201)
E        +  where 404 = &lt;Response [404]&gt;.status_code

tests\test_iteration7_progress.py:18: AssertionError</error></testcase><testcase classname="tests.test_adaptive_planning_phase4_step2" name="test_B1_oracle_learner_gets_core_cs_mission" time="0.311" /><testcase classname="tests.test_iteration7_progress" name="test_new_nodes_resolve[projects.build.url_shortener]" time="0.002"><error message="failed on setup with &quot;AssertionError: 404 page not found&#10;  &#10;assert 404 in (200, 201)&#10; +  where 404 = &lt;Response [404]&gt;.status_code&quot;">@pytest.fixture(scope="module")
    def client():
        s = requests.Session()
        email = f"TEST_iter7_{uuid.uuid4().hex[:8]}@prepos.io"
        pwd = "Test@1234"
        r = s.post(f"{API}/auth/register", json={"email": email, "password": pwd, "name": "Iter7 Tester"})
&gt;       assert r.status_code in (200, 201), r.text
E       AssertionError: 404 page not found
E         
E       assert 404 in (200, 201)
E        +  where 404 = &lt;Response [404]&gt;.status_code

tests\test_iteration7_progress.py:18: AssertionError</error></testcase><testcase classname="tests.test_iteration7_progress" name="test_new_nodes_resolve[projects.build.chat_app]" time="0.002"><error message="failed on setup with &quot;AssertionError: 404 page not found&#10;  &#10;assert 404 in (200, 201)&#10; +  where 404 = &lt;Response [404]&gt;.status_code&quot;">@pytest.fixture(scope="module")
    def client():
        s = requests.Session()
        email = f"TEST_iter7_{uuid.uuid4().hex[:8]}@prepos.io"
        pwd = "Test@1234"
        r = s.post(f"{API}/auth/register", json={"email": email, "password": pwd, "name": "Iter7 Tester"})
&gt;       assert r.status_code in (200, 201), r.text
E       AssertionError: 404 page not found
E         
E       assert 404 in (200, 201)
E        +  where 404 = &lt;Response [404]&gt;.status_code

tests\test_iteration7_progress.py:18: AssertionError</error></testcase><testcase classname="tests.test_iteration7_progress" name="test_new_nodes_resolve[projects.showcase.readme]" time="0.003"><error message="failed on setup with &quot;AssertionError: 404 page not found&#10;  &#10;assert 404 in (200, 201)&#10; +  where 404 = &lt;Response [404]&gt;.status_code&quot;">@pytest.fixture(scope="module")
    def client():
        s = requests.Session()
        email = f"TEST_iter7_{uuid.uuid4().hex[:8]}@prepos.io"
        pwd = "Test@1234"
        r = s.post(f"{API}/auth/register", json={"email": email, "password": pwd, "name": "Iter7 Tester"})
&gt;       assert r.status_code in (200, 201), r.text
E       AssertionError: 404 page not found
E         
E       assert 404 in (200, 201)
E        +  where 404 = &lt;Response [404]&gt;.status_code

tests\test_iteration7_progress.py:18: AssertionError</error></testcase><testcase classname="tests.test_iteration7_progress" name="test_new_nodes_resolve[projects.deploy.ci_cd]" time="0.003"><error message="failed on setup with &quot;AssertionError: 404 page not found&#10;  &#10;assert 404 in (200, 201)&#10; +  where 404 = &lt;Response [404]&gt;.status_code&quot;">@pytest.fixture(scope="module")
    def client():
        s = requests.Session()
        email = f"TEST_iter7_{uuid.uuid4().hex[:8]}@prepos.io"
        pwd = "Test@1234"
        r = s.post(f"{API}/auth/register", json={"email": email, "password": pwd, "name": "Iter7 Tester"})
&gt;       assert r.status_code in (200, 201), r.text
E       AssertionError: 404 page not found
E         
E       assert 404 in (200, 201)
E        +  where 404 = &lt;Response [404]&gt;.status_code

tests\test_iteration7_progress.py:18: AssertionError</error></testcase><testcase classname="tests.test_iteration7_progress" name="test_new_nodes_resolve[behavioral.framework.star]" time="0.003"><error message="failed on setup with &quot;AssertionError: 404 page not found&#10;  &#10;assert 404 in (200, 201)&#10; +  where 404 = &lt;Response [404]&gt;.status_code&quot;">@pytest.fixture(scope="module")
    def client():
        s = requests.Session()
        email = f"TEST_iter7_{uuid.uuid4().hex[:8]}@prepos.io"
        pwd = "Test@1234"
        r = s.post(f"{API}/auth/register", json={"email": email, "password": pwd, "name": "Iter7 Tester"})
&gt;       assert r.status_code in (200, 201), r.text
E       AssertionError: 404 page not found
E         
E       assert 404 in (200, 201)
E        +  where 404 = &lt;Response [404]&gt;.status_code

tests\test_iteration7_progress.py:18: AssertionError</error></testcase><testcase classname="tests.test_iteration7_progress" name="test_new_nodes_resolve[behavioral.stories.leadership]" time="0.005"><error message="failed on setup with &quot;AssertionError: 404 page not found&#10;  &#10;assert 404 in (200, 201)&#10; +  where 404 = &lt;Response [404]&gt;.status_code&quot;">@pytest.fixture(scope="module")
    def client():
        s = requests.Session()
        email = f"TEST_iter7_{uuid.uuid4().hex[:8]}@prepos.io"
        pwd = "Test@1234"
        r = s.post(f"{API}/auth/register", json={"email": email, "password": pwd, "name": "Iter7 Tester"})
&gt;       assert r.status_code in (200, 201), r.text
E       AssertionError: 404 page not found
E         
E       assert 404 in (200, 201)
E        +  where 404 = &lt;Response [404]&gt;.status_code

tests\test_iteration7_progress.py:18: AssertionError</error></testcase><testcase classname="tests.test_adaptive_planning_phase4_step2" name="test_B2_google_learner_favours_dsa_over_core_cs" time="0.265" /><testcase classname="tests.test_iteration7_progress" name="test_new_nodes_resolve[behavioral.stories.conflict]" time="0.002"><error message="failed on setup with &quot;AssertionError: 404 page not found&#10;  &#10;assert 404 in (200, 201)&#10; +  where 404 = &lt;Response [404]&gt;.status_code&quot;">@pytest.fixture(scope="module")
    def client():
        s = requests.Session()
        email = f"TEST_iter7_{uuid.uuid4().hex[:8]}@prepos.io"
        pwd = "Test@1234"
        r = s.post(f"{API}/auth/register", json={"email": email, "password": pwd, "name": "Iter7 Tester"})
&gt;       assert r.status_code in (200, 201), r.text
E       AssertionError: 404 page not found
E         
E       assert 404 in (200, 201)
E        +  where 404 = &lt;Response [404]&gt;.status_code

tests\test_iteration7_progress.py:18: AssertionError</error></testcase><testcase classname="tests.test_iteration7_progress" name="test_new_nodes_resolve[behavioral.values.amazon_lp]" time="0.002"><error message="failed on setup with &quot;AssertionError: 404 page not found&#10;  &#10;assert 404 in (200, 201)&#10; +  where 404 = &lt;Response [404]&gt;.status_code&quot;">@pytest.fixture(scope="module")
    def client():
        s = requests.Session()
        email = f"TEST_iter7_{uuid.uuid4().hex[:8]}@prepos.io"
        pwd = "Test@1234"
        r = s.post(f"{API}/auth/register", json={"email": email, "password": pwd, "name": "Iter7 Tester"})
&gt;       assert r.status_code in (200, 201), r.text
E       AssertionError: 404 page not found
E         
E       assert 404 in (200, 201)
E        +  where 404 = &lt;Response [404]&gt;.status_code

tests\test_iteration7_progress.py:18: AssertionError</error></testcase><testcase classname="tests.test_iteration7_progress" name="test_new_nodes_resolve[behavioral.negotiation.scripts]" time="0.002"><error message="failed on setup with &quot;AssertionError: 404 page not found&#10;  &#10;assert 404 in (200, 201)&#10; +  where 404 = &lt;Response [404]&gt;.status_code&quot;">@pytest.fixture(scope="module")
    def client():
        s = requests.Session()
        email = f"TEST_iter7_{uuid.uuid4().hex[:8]}@prepos.io"
        pwd = "Test@1234"
        r = s.post(f"{API}/auth/register", json={"email": email, "password": pwd, "name": "Iter7 Tester"})
&gt;       assert r.status_code in (200, 201), r.text
E       AssertionError: 404 page not found
E         
E       assert 404 in (200, 201)
E        +  where 404 = &lt;Response [404]&gt;.status_code

tests\test_iteration7_progress.py:18: AssertionError</error></testcase><testcase classname="tests.test_iteration7_progress" name="test_new_nodes_resolve[resume.craft.format]" time="0.002"><error message="failed on setup with &quot;AssertionError: 404 page not found&#10;  &#10;assert 404 in (200, 201)&#10; +  where 404 = &lt;Response [404]&gt;.status_code&quot;">@pytest.fixture(scope="module")
    def client():
        s = requests.Session()
        email = f"TEST_iter7_{uuid.uuid4().hex[:8]}@prepos.io"
        pwd = "Test@1234"
        r = s.post(f"{API}/auth/register", json={"email": email, "password": pwd, "name": "Iter7 Tester"})
&gt;       assert r.status_code in (200, 201), r.text
E       AssertionError: 404 page not found
E         
E       assert 404 in (200, 201)
E        +  where 404 = &lt;Response [404]&gt;.status_code

tests\test_iteration7_progress.py:18: AssertionError</error></testcase><testcase classname="tests.test_iteration7_progress" name="test_new_nodes_resolve[resume.craft.action_verbs]" time="0.002"><error message="failed on setup with &quot;AssertionError: 404 page not found&#10;  &#10;assert 404 in (200, 201)&#10; +  where 404 = &lt;Response [404]&gt;.status_code&quot;">@pytest.fixture(scope="module")
    def client():
        s = requests.Session()
        email = f"TEST_iter7_{uuid.uuid4().hex[:8]}@prepos.io"
        pwd = "Test@1234"
        r = s.post(f"{API}/auth/register", json={"email": email, "password": pwd, "name": "Iter7 Tester"})
&gt;       assert r.status_code in (200, 201), r.text
E       AssertionError: 404 page not found
E         
E       assert 404 in (200, 201)
E        +  where 404 = &lt;Response [404]&gt;.status_code

tests\test_iteration7_progress.py:18: AssertionError</error></testcase><testcase classname="tests.test_iteration7_progress" name="test_new_nodes_resolve[resume.craft.ats]" time="0.003"><error message="failed on setup with &quot;AssertionError: 404 page not found&#10;  &#10;assert 404 in (200, 201)&#10; +  where 404 = &lt;Response [404]&gt;.status_code&quot;">@pytest.fixture(scope="module")
    def client():
        s = requests.Session()
        email = f"TEST_iter7_{uuid.uuid4().hex[:8]}@prepos.io"
        pwd = "Test@1234"
        r = s.post(f"{API}/auth/register", json={"email": email, "password": pwd, "name": "Iter7 Tester"})
&gt;       assert r.status_code in (200, 201), r.text
E       AssertionError: 404 page not found
E         
E       assert 404 in (200, 201)
E        +  where 404 = &lt;Response [404]&gt;.status_code

tests\test_iteration7_progress.py:18: AssertionError</error></testcase><testcase classname="tests.test_iteration7_progress" name="test_new_nodes_resolve[resume.linkedin.headline]" time="0.003"><error message="failed on setup with &quot;AssertionError: 404 page not found&#10;  &#10;assert 404 in (200, 201)&#10; +  where 404 = &lt;Response [404]&gt;.status_code&quot;">@pytest.fixture(scope="module")
    def client():
        s = requests.Session()
        email = f"TEST_iter7_{uuid.uuid4().hex[:8]}@prepos.io"
        pwd = "Test@1234"
        r = s.post(f"{API}/auth/register", json={"email": email, "password": pwd, "name": "Iter7 Tester"})
&gt;       assert r.status_code in (200, 201), r.text
E       AssertionError: 404 page not found
E         
E       assert 404 in (200, 201)
E        +  where 404 = &lt;Response [404]&gt;.status_code

tests\test_iteration7_progress.py:18: AssertionError</error></testcase><testcase classname="tests.test_iteration7_progress" name="test_new_nodes_resolve[resume.cover.letter]" time="0.002"><error message="failed on setup with &quot;AssertionError: 404 page not found&#10;  &#10;assert 404 in (200, 201)&#10; +  where 404 = &lt;Response [404]&gt;.status_code&quot;">@pytest.fixture(scope="module")
    def client():
        s = requests.Session()
        email = f"TEST_iter7_{uuid.uuid4().hex[:8]}@prepos.io"
        pwd = "Test@1234"
        r = s.post(f"{API}/auth/register", json={"email": email, "password": pwd, "name": "Iter7 Tester"})
&gt;       assert r.status_code in (200, 201), r.text
E       AssertionError: 404 page not found
E         
E       assert 404 in (200, 201)
E        +  where 404 = &lt;Response [404]&gt;.status_code

tests\test_iteration7_progress.py:18: AssertionError</error></testcase><testcase classname="tests.test_adaptive_planning_phase4_step2" name="test_C1_pf_java_dsa_complete_moves_to_core_cs" time="0.261" /><testcase classname="tests.test_iteration7_progress" name="test_new_nodes_resolve[resume.cover.cold_outreach]" time="0.002"><error message="failed on setup with &quot;AssertionError: 404 page not found&#10;  &#10;assert 404 in (200, 201)&#10; +  where 404 = &lt;Response [404]&gt;.status_code&quot;">@pytest.fixture(scope="module")
    def client():
        s = requests.Session()
        email = f"TEST_iter7_{uuid.uuid4().hex[:8]}@prepos.io"
        pwd = "Test@1234"
        r = s.post(f"{API}/auth/register", json={"email": email, "password": pwd, "name": "Iter7 Tester"})
&gt;       assert r.status_code in (200, 201), r.text
E       AssertionError: 404 page not found
E         
E       assert 404 in (200, 201)
E        +  where 404 = &lt;Response [404]&gt;.status_code

tests\test_iteration7_progress.py:18: AssertionError</error></testcase><testcase classname="tests.test_iteration7_progress" name="test_summary_fresh_user" time="0.003"><error message="failed on setup with &quot;AssertionError: 404 page not found&#10;  &#10;assert 404 in (200, 201)&#10; +  where 404 = &lt;Response [404]&gt;.status_code&quot;">@pytest.fixture(scope="module")
    def client():
        s = requests.Session()
        email = f"TEST_iter7_{uuid.uuid4().hex[:8]}@prepos.io"
        pwd = "Test@1234"
        r = s.post(f"{API}/auth/register", json={"email": email, "password": pwd, "name": "Iter7 Tester"})
&gt;       assert r.status_code in (200, 201), r.text
E       AssertionError: 404 page not found
E         
E       assert 404 in (200, 201)
E        +  where 404 = &lt;Response [404]&gt;.status_code

tests\test_iteration7_progress.py:18: AssertionError</error></testcase><testcase classname="tests.test_iteration7_progress" name="test_status_completed_stamps_dates" time="0.002"><error message="failed on setup with &quot;AssertionError: 404 page not found&#10;  &#10;assert 404 in (200, 201)&#10; +  where 404 = &lt;Response [404]&gt;.status_code&quot;">@pytest.fixture(scope="module")
    def client():
        s = requests.Session()
        email = f"TEST_iter7_{uuid.uuid4().hex[:8]}@prepos.io"
        pwd = "Test@1234"
        r = s.post(f"{API}/auth/register", json={"email": email, "password": pwd, "name": "Iter7 Tester"})
&gt;       assert r.status_code in (200, 201), r.text
E       AssertionError: 404 page not found
E         
E       assert 404 in (200, 201)
E        +  where 404 = &lt;Response [404]&gt;.status_code

tests\test_iteration7_progress.py:18: AssertionError</error></testcase><testcase classname="tests.test_iteration7_progress" name="test_status_invalid_returns_422" time="0.003"><error message="failed on setup with &quot;AssertionError: 404 page not found&#10;  &#10;assert 404 in (200, 201)&#10; +  where 404 = &lt;Response [404]&gt;.status_code&quot;">@pytest.fixture(scope="module")
    def client():
        s = requests.Session()
        email = f"TEST_iter7_{uuid.uuid4().hex[:8]}@prepos.io"
        pwd = "Test@1234"
        r = s.post(f"{API}/auth/register", json={"email": email, "password": pwd, "name": "Iter7 Tester"})
&gt;       assert r.status_code in (200, 201), r.text
E       AssertionError: 404 page not found
E         
E       assert 404 in (200, 201)
E        +  where 404 = &lt;Response [404]&gt;.status_code

tests\test_iteration7_progress.py:18: AssertionError</error></testcase><testcase classname="tests.test_iteration7_progress" name="test_status_unknown_node_returns_404" time="0.003"><error message="failed on setup with &quot;AssertionError: 404 page not found&#10;  &#10;assert 404 in (200, 201)&#10; +  where 404 = &lt;Response [404]&gt;.status_code&quot;">@pytest.fixture(scope="module")
    def client():
        s = requests.Session()
        email = f"TEST_iter7_{uuid.uuid4().hex[:8]}@prepos.io"
        pwd = "Test@1234"
        r = s.post(f"{API}/auth/register", json={"email": email, "password": pwd, "name": "Iter7 Tester"})
&gt;       assert r.status_code in (200, 201), r.text
E       AssertionError: 404 page not found
E         
E       assert 404 in (200, 201)
E        +  where 404 = &lt;Response [404]&gt;.status_code

tests\test_iteration7_progress.py:18: AssertionError</error></testcase><testcase classname="tests.test_iteration7_progress" name="test_bookmark_toggle" time="0.003"><error message="failed on setup with &quot;AssertionError: 404 page not found&#10;  &#10;assert 404 in (200, 201)&#10; +  where 404 = &lt;Response [404]&gt;.status_code&quot;">@pytest.fixture(scope="module")
    def client():
        s = requests.Session()
        email = f"TEST_iter7_{uuid.uuid4().hex[:8]}@prepos.io"
        pwd = "Test@1234"
        r = s.post(f"{API}/auth/register", json={"email": email, "password": pwd, "name": "Iter7 Tester"})
&gt;       assert r.status_code in (200, 201), r.text
E       AssertionError: 404 page not found
E         
E       assert 404 in (200, 201)
E        +  where 404 = &lt;Response [404]&gt;.status_code

tests\test_iteration7_progress.py:18: AssertionError</error></testcase><testcase classname="tests.test_iteration7_progress" name="test_favorite_toggle_and_summary_count" time="0.002"><error message="failed on setup with &quot;AssertionError: 404 page not found&#10;  &#10;assert 404 in (200, 201)&#10; +  where 404 = &lt;Response [404]&gt;.status_code&quot;">@pytest.fixture(scope="module")
    def client():
        s = requests.Session()
        email = f"TEST_iter7_{uuid.uuid4().hex[:8]}@prepos.io"
        pwd = "Test@1234"
        r = s.post(f"{API}/auth/register", json={"email": email, "password": pwd, "name": "Iter7 Tester"})
&gt;       assert r.status_code in (200, 201), r.text
E       AssertionError: 404 page not found
E         
E       assert 404 in (200, 201)
E        +  where 404 = &lt;Response [404]&gt;.status_code

tests\test_iteration7_progress.py:18: AssertionError</error></testcase><testcase classname="tests.test_adaptive_planning_phase4_step2" name="test_D1_senior_with_weak_dsa_and_google_target_gets_dsa" time="0.368" /><testcase classname="tests.test_iteration7_progress" name="test_attempt_increments" time="0.003"><error message="failed on setup with &quot;AssertionError: 404 page not found&#10;  &#10;assert 404 in (200, 201)&#10; +  where 404 = &lt;Response [404]&gt;.status_code&quot;">@pytest.fixture(scope="module")
    def client():
        s = requests.Session()
        email = f"TEST_iter7_{uuid.uuid4().hex[:8]}@prepos.io"
        pwd = "Test@1234"
        r = s.post(f"{API}/auth/register", json={"email": email, "password": pwd, "name": "Iter7 Tester"})
&gt;       assert r.status_code in (200, 201), r.text
E       AssertionError: 404 page not found
E         
E       assert 404 in (200, 201)
E        +  where 404 = &lt;Response [404]&gt;.status_code

tests\test_iteration7_progress.py:18: AssertionError</error></testcase><testcase classname="tests.test_iteration7_progress" name="test_today_and_rollup_increment" time="0.003"><error message="failed on setup with &quot;AssertionError: 404 page not found&#10;  &#10;assert 404 in (200, 201)&#10; +  where 404 = &lt;Response [404]&gt;.status_code&quot;">@pytest.fixture(scope="module")
    def client():
        s = requests.Session()
        email = f"TEST_iter7_{uuid.uuid4().hex[:8]}@prepos.io"
        pwd = "Test@1234"
        r = s.post(f"{API}/auth/register", json={"email": email, "password": pwd, "name": "Iter7 Tester"})
&gt;       assert r.status_code in (200, 201), r.text
E       AssertionError: 404 page not found
E         
E       assert 404 in (200, 201)
E        +  where 404 = &lt;Response [404]&gt;.status_code

tests\test_iteration7_progress.py:18: AssertionError</error></testcase><testcase classname="tests.test_iteration7_progress" name="test_status_accepts_revision_due" time="0.003"><error message="failed on setup with &quot;AssertionError: 404 page not found&#10;  &#10;assert 404 in (200, 201)&#10; +  where 404 = &lt;Response [404]&gt;.status_code&quot;">@pytest.fixture(scope="module")
    def client():
        s = requests.Session()
        email = f"TEST_iter7_{uuid.uuid4().hex[:8]}@prepos.io"
        pwd = "Test@1234"
        r = s.post(f"{API}/auth/register", json={"email": email, "password": pwd, "name": "Iter7 Tester"})
&gt;       assert r.status_code in (200, 201), r.text
E       AssertionError: 404 page not found
E         
E       assert 404 in (200, 201)
E        +  where 404 = &lt;Response [404]&gt;.status_code

tests\test_iteration7_progress.py:18: AssertionError</error></testcase><testcase classname="tests.test_iteration7_progress" name="test_legacy_ids_still_work[dsa.foundations.arrays.kadane]" time="0.002"><error message="failed on setup with &quot;AssertionError: 404 page not found&#10;  &#10;assert 404 in (200, 201)&#10; +  where 404 = &lt;Response [404]&gt;.status_code&quot;">@pytest.fixture(scope="module")
    def client():
        s = requests.Session()
        email = f"TEST_iter7_{uuid.uuid4().hex[:8]}@prepos.io"
        pwd = "Test@1234"
        r = s.post(f"{API}/auth/register", json={"email": email, "password": pwd, "name": "Iter7 Tester"})
&gt;       assert r.status_code in (200, 201), r.text
E       AssertionError: 404 page not found
E         
E       assert 404 in (200, 201)
E        +  where 404 = &lt;Response [404]&gt;.status_code

tests\test_iteration7_progress.py:18: AssertionError</error></testcase><testcase classname="tests.test_iteration7_progress" name="test_legacy_ids_still_work[java.collections.hashmap]" time="0.004"><error message="failed on setup with &quot;AssertionError: 404 page not found&#10;  &#10;assert 404 in (200, 201)&#10; +  where 404 = &lt;Response [404]&gt;.status_code&quot;">@pytest.fixture(scope="module")
    def client():
        s = requests.Session()
        email = f"TEST_iter7_{uuid.uuid4().hex[:8]}@prepos.io"
        pwd = "Test@1234"
        r = s.post(f"{API}/auth/register", json={"email": email, "password": pwd, "name": "Iter7 Tester"})
&gt;       assert r.status_code in (200, 201), r.text
E       AssertionError: 404 page not found
E         
E       assert 404 in (200, 201)
E        +  where 404 = &lt;Response [404]&gt;.status_code

tests\test_iteration7_progress.py:18: AssertionError</error></testcase><testcase classname="tests.test_iteration7_progress" name="test_legacy_ids_still_work[lld.cases.parking_lot]" time="0.002"><error message="failed on setup with &quot;AssertionError: 404 page not found&#10;  &#10;assert 404 in (200, 201)&#10; +  where 404 = &lt;Response [404]&gt;.status_code&quot;">@pytest.fixture(scope="module")
    def client():
        s = requests.Session()
        email = f"TEST_iter7_{uuid.uuid4().hex[:8]}@prepos.io"
        pwd = "Test@1234"
        r = s.post(f"{API}/auth/register", json={"email": email, "password": pwd, "name": "Iter7 Tester"})
&gt;       assert r.status_code in (200, 201), r.text
E       AssertionError: 404 page not found
E         
E       assert 404 in (200, 201)
E        +  where 404 = &lt;Response [404]&gt;.status_code

tests\test_iteration7_progress.py:18: AssertionError</error></testcase><testcase classname="tests.test_iteration7_progress" name="test_legacy_ids_still_work[hld.cases.url_shortener]" time="0.002"><error message="failed on setup with &quot;AssertionError: 404 page not found&#10;  &#10;assert 404 in (200, 201)&#10; +  where 404 = &lt;Response [404]&gt;.status_code&quot;">@pytest.fixture(scope="module")
    def client():
        s = requests.Session()
        email = f"TEST_iter7_{uuid.uuid4().hex[:8]}@prepos.io"
        pwd = "Test@1234"
        r = s.post(f"{API}/auth/register", json={"email": email, "password": pwd, "name": "Iter7 Tester"})
&gt;       assert r.status_code in (200, 201), r.text
E       AssertionError: 404 page not found
E         
E       assert 404 in (200, 201)
E        +  where 404 = &lt;Response [404]&gt;.status_code

tests\test_iteration7_progress.py:18: AssertionError</error></testcase><testcase classname="tests.test_iteration7_progress" name="test_roadmap_progress_has_new_tracks" time="0.002"><error message="failed on setup with &quot;AssertionError: 404 page not found&#10;  &#10;assert 404 in (200, 201)&#10; +  where 404 = &lt;Response [404]&gt;.status_code&quot;">@pytest.fixture(scope="module")
    def client():
        s = requests.Session()
        email = f"TEST_iter7_{uuid.uuid4().hex[:8]}@prepos.io"
        pwd = "Test@1234"
        r = s.post(f"{API}/auth/register", json={"email": email, "password": pwd, "name": "Iter7 Tester"})
&gt;       assert r.status_code in (200, 201), r.text
E       AssertionError: 404 page not found
E         
E       assert 404 in (200, 201)
E        +  where 404 = &lt;Response [404]&gt;.status_code

tests\test_iteration7_progress.py:18: AssertionError</error></testcase><testcase classname="tests.test_iteration7_progress" name="test_missions_today_ok" time="0.002"><error message="failed on setup with &quot;AssertionError: 404 page not found&#10;  &#10;assert 404 in (200, 201)&#10; +  where 404 = &lt;Response [404]&gt;.status_code&quot;">@pytest.fixture(scope="module")
    def client():
        s = requests.Session()
        email = f"TEST_iter7_{uuid.uuid4().hex[:8]}@prepos.io"
        pwd = "Test@1234"
        r = s.post(f"{API}/auth/register", json={"email": email, "password": pwd, "name": "Iter7 Tester"})
&gt;       assert r.status_code in (200, 201), r.text
E       AssertionError: 404 page not found
E         
E       assert 404 in (200, 201)
E        +  where 404 = &lt;Response [404]&gt;.status_code

tests\test_iteration7_progress.py:18: AssertionError</error></testcase><testcase classname="tests.test_iteration7_progress" name="test_profile_and_me_ok" time="0.002"><error message="failed on setup with &quot;AssertionError: 404 page not found&#10;  &#10;assert 404 in (200, 201)&#10; +  where 404 = &lt;Response [404]&gt;.status_code&quot;">@pytest.fixture(scope="module")
    def client():
        s = requests.Session()
        email = f"TEST_iter7_{uuid.uuid4().hex[:8]}@prepos.io"
        pwd = "Test@1234"
        r = s.post(f"{API}/auth/register", json={"email": email, "password": pwd, "name": "Iter7 Tester"})
&gt;       assert r.status_code in (200, 201), r.text
E       AssertionError: 404 page not found
E         
E       assert 404 in (200, 201)
E        +  where 404 = &lt;Response [404]&gt;.status_code

tests\test_iteration7_progress.py:18: AssertionError</error></testcase><testcase classname="tests.test_ai_gateway.TestModelSelector" name="test_fast_tier_selects_fast_model" time="0.006" /><testcase classname="tests.test_ai_gateway.TestModelSelector" name="test_standard_tier_selects_standard_model" time="0.003" /><testcase classname="tests.test_adaptive_planning_phase4_step2" name="test_D2_senior_with_weak_core_cs_gets_core_cs" time="0.290" /><testcase classname="tests.test_ai_gateway.TestModelSelector" name="test_deep_tier_selects_deep_model" time="0.002" /><testcase classname="tests.test_ai_gateway.TestModelSelector" name="test_tiers_are_differentiated" time="0.002" /><testcase classname="tests.test_ai_gateway.TestModelSelector" name="test_fast_tier_contains_multiple_model_families" time="0.002" /><testcase classname="tests.test_ai_gateway.TestModelSelector" name="test_fast_requirements_prefer_fast_economy_candidate" time="0.003" /><testcase classname="tests.test_ai_gateway.TestModelSelector" name="test_latency_and_cost_requirements_choose_matching_candidate" time="0.004" /><testcase classname="tests.test_ai_gateway.TestModelSelector" name="test_deep_requirements_prefer_deep_balanced_cost_candidate" time="0.003" /><testcase classname="tests.test_ai_gateway.TestModelSelector" name="test_structured_output_excludes_unsupported_candidate" time="0.002" /><testcase classname="tests.test_ai_gateway.TestModelSelector" name="test_no_candidate_is_returned_when_all_fail_a_hard_requirement" time="0.003" /><testcase classname="tests.test_ai_gateway.TestModelSelector" name="test_selection_is_deterministic" time="0.002" /><testcase classname="tests.test_ai_gateway.TestModelSelector" name="test_env_override_fast" time="0.014" /><testcase classname="tests.test_ai_gateway.TestModelSelector" name="test_env_override_accepts_ordered_candidates" time="0.016" /><testcase classname="tests.test_ai_gateway.TestModelSelector" name="test_env_override_deep" time="0.014" /><testcase classname="tests.test_ai_gateway.TestModelSelector" name="test_gemini_uses_provider_model" time="0.080" /><testcase classname="tests.test_ai_gateway.TestModelSelector" name="test_fake_adapter_without_name_supported" time="0.002" /><testcase classname="tests.test_adaptive_planning_phase4_step2" name="test_E1_and_E2_same_learner_different_company_yields_different_track" time="0.381" /><testcase classname="tests.test_curriculum_sync_phase2_metadata" name="test_programming_fundamentals_is_the_root_subject" time="0.063" /><testcase classname="tests.test_curriculum_sync_phase2_metadata" name="test_generator_source_of_truth_matches_expected_dag" time="0.003" /><testcase classname="tests.test_curriculum_sync_phase2_metadata" name="test_canonical_subject_dependency_dag" time="0.003" /><testcase classname="tests.test_curriculum_sync_phase2_metadata" name="test_unlock_chain_is_exact_reverse_of_prerequisite_dag" time="0.003" /><testcase classname="tests.test_curriculum_sync_phase2_metadata" name="test_recommended_next_subjects_matches_unlocks" time="0.003" /><testcase classname="tests.test_curriculum_sync_phase2_metadata" name="test_no_broken_subject_references" time="0.003" /><testcase classname="tests.test_curriculum_sync_phase2_metadata" name="test_no_cycles_in_subject_prerequisite_graph" time="0.003" /><testcase classname="tests.test_curriculum_sync_phase2_metadata" name="test_every_module_has_complete_curriculum_sync_metadata" time="0.004" /><testcase classname="tests.test_curriculum_sync_phase2_metadata" name="test_every_topic_has_complete_curriculum_sync_metadata" time="0.004" /><testcase classname="tests.test_curriculum_sync_phase2_metadata" name="test_first_module_of_a_subject_links_to_every_prerequisite_subjects_last_module" time="0.003" /><testcase classname="tests.test_curriculum_sync_phase2_metadata" name="test_isolated_subjects_have_no_academic_prerequisite_edges" time="0.003" /><testcase classname="tests.test_curriculum_sync_phase2_metadata" name="test_academic_subjects_never_reference_isolated_subjects" time="0.002" /><testcase classname="tests.test_curriculum_sync_phase2_metadata" name="test_language_support_metadata_is_future_ready" time="0.003" /><testcase classname="tests.test_curriculum_sync_phase2_metadata" name="test_existing_prerequisites_field_is_untouched_by_phase2_metadata" time="0.006" /><testcase classname="tests.test_curriculum_sync_phase2_metadata" name="test_roadmap_generation_is_deterministic_across_processes" time="0.702" /><testcase classname="tests.test_adaptive_planning_phase4_step2" name="test_F1_urgent_timeline_prefers_revision_or_high_frequency_content" time="0.143" /><testcase classname="tests.test_adaptive_planning_phase4_step2" name="test_J2_high_actual_mastery_outranks_high_self_assessment" time="0.002" /><testcase classname="tests.test_adaptive_planning_phase4_step2" name="test_J1_low_actual_mastery_outranks_high_self_assessment" time="0.004" /><testcase classname="tests.test_adaptive_planning_phase4_step2" name="test_K_company_flips_priority_between_dsa_and_core_cs" time="0.178" /><testcase classname="tests.test_adaptive_planning_phase4_step2" name="test_backwards_compat_default_ranking_unchanged_without_context" time="0.001" /><testcase classname="tests.test_adaptive_planning_phase4_step2" name="test_effective_knowledge_is_pure_self_assessment_at_zero_evidence" time="0.001" /><testcase classname="tests.test_adaptive_planning_phase4_step2" name="test_effective_knowledge_asymptotes_toward_actual_with_evidence" time="0.004" /><testcase classname="tests.test_adaptive_planning_phase4_step2" name="test_weights_registry_supports_per_call_overrides" time="0.003" /><testcase classname="tests.test_curriculum_sync_phase2_metadata" name="test_total_node_count_unchanged_by_regeneration" time="0.001" /><testcase classname="tests.test_learning_engine" name="test_unlock_logic_respects_prerequisites" time="0.001" /><testcase classname="tests.test_learning_engine" name="test_get_unlocked_and_next_unlockable_nodes" time="0.015" /><testcase classname="tests.test_learning_engine" name="test_first_time_beginner_starts_from_programming_fundamentals" time="0.213" /><testcase classname="tests.test_iteration8_ai_kb.TestRegression" name="test_roadmap_tree" time="0.015"><error message="failed on setup with &quot;requests.exceptions.MissingSchema: Invalid URL '/api/auth/register': No scheme supplied. Perhaps you meant https:///api/auth/register?&quot;">@pytest.fixture(scope="module")
    def session():
        s = requests.Session()
        email = f"kbtest_{uuid.uuid4().hex[:8]}@prepos.io"
        password = "Test@1234"
&gt;       r = s.post(f"{BASE_URL}/api/auth/register", json={
            "email": email, "password": password, "name": "KB Test"
        })

tests\test_iteration8_ai_kb.py:33: 
_ _ _ _ _ _ _ _ _ _ _ _ _ _ _ _ _ _ _ _ _ _ _ _ _ _ _ _ _ _ _ _ _ _ _ _ _ _ _ _ _ _ _ _ _ _ _ _ _ _ _ _ _ _ _ _ _ _ _ _ 
..\..\..\..\AppData\Local\Packages\PythonSoftwareFoundation.Python.3.11_qbz5n2kfra8p0\LocalCache\local-packages\Python311\site-packages\requests\sessions.py:712: in post
    return self.request("POST", url, data=data, json=json, **kwargs)
           ^^^^^^^^^^^^^^^^^^^^^^^^^^^^^^^^^^^^^^^^^^^^^^^^^^^^^^^^^
..\..\..\..\AppData\Local\Packages\PythonSoftwareFoundation.Python.3.11_qbz5n2kfra8p0\LocalCache\local-packages\Python311\site-packages\requests\sessions.py:635: in request
    prep = self.prepare_request(req)
           ^^^^^^^^^^^^^^^^^^^^^^^^^
..\..\..\..\AppData\Local\Packages\PythonSoftwareFoundation.Python.3.11_qbz5n2kfra8p0\LocalCache\local-packages\Python311\site-packages\requests\sessions.py:541: in prepare_request
    p.prepare(
..\..\..\..\AppData\Local\Packages\PythonSoftwareFoundation.Python.3.11_qbz5n2kfra8p0\LocalCache\local-packages\Python311\site-packages\requests\models.py:439: in prepare
    self.prepare_url(url, params)
_ _ _ _ _ _ _ _ _ _ _ _ _ _ _ _ _ _ _ _ _ _ _ _ _ _ _ _ _ _ _ _ _ _ _ _ _ _ _ _ _ _ _ _ _ _ _ _ _ _ _ _ _ _ _ _ _ _ _ _ 

self = &lt;PreparedRequest [POST]&gt;, url = '/api/auth/register', params = OrderedDict()

    def prepare_url(
        self,
        url: _t.UriType,
        params: _t.ParamsType,
    ) -&gt; None:
        """Prepares the given HTTP URL."""
        #: Accept objects that have string representations.
        #: We're unable to blindly call unicode/str functions
        #: as this will include the bytestring indicator (b'')
        #: on python 3.x.
        #: https://github.com/psf/requests/pull/2238
        if isinstance(url, bytes):
            url = url.decode("utf8")
        else:
            url = str(url)
    
        # Remove leading whitespaces from url
        url = url.lstrip()
    
        # Don't do any URL preparation for non-HTTP schemes like `mailto`,
        # `data` etc to work around exceptions from `url_parse`, which
        # handles RFC 3986 only.
        if ":" in url and not url.lower().startswith("http"):
            self.url = url
            return
    
        # Support for unicode domain names and paths.
        try:
            scheme, auth, host, port, path, query, fragment = parse_url(url)
        except LocationParseError as e:
            raise InvalidURL(*e.args)
    
        if not scheme:
&gt;           raise MissingSchema(
                f"Invalid URL {url!r}: No scheme supplied. "
                f"Perhaps you meant https://{url}?"
            )
E           requests.exceptions.MissingSchema: Invalid URL '/api/auth/register': No scheme supplied. Perhaps you meant https:///api/auth/register?

..\..\..\..\AppData\Local\Packages\PythonSoftwareFoundation.Python.3.11_qbz5n2kfra8p0\LocalCache\local-packages\Python311\site-packages\requests\models.py:514: MissingSchema</error></testcase><testcase classname="tests.test_iteration8_ai_kb.TestRegression" name="test_summary" time="0.001"><error message="failed on setup with &quot;requests.exceptions.MissingSchema: Invalid URL '/api/auth/register': No scheme supplied. Perhaps you meant https:///api/auth/register?&quot;">@pytest.fixture(scope="module")
    def session():
        s = requests.Session()
        email = f"kbtest_{uuid.uuid4().hex[:8]}@prepos.io"
        password = "Test@1234"
&gt;       r = s.post(f"{BASE_URL}/api/auth/register", json={
            "email": email, "password": password, "name": "KB Test"
        })

tests\test_iteration8_ai_kb.py:33: 
_ _ _ _ _ _ _ _ _ _ _ _ _ _ _ _ _ _ _ _ _ _ _ _ _ _ _ _ _ _ _ _ _ _ _ _ _ _ _ _ _ _ _ _ _ _ _ _ _ _ _ _ _ _ _ _ _ _ _ _ 
..\..\..\..\AppData\Local\Packages\PythonSoftwareFoundation.Python.3.11_qbz5n2kfra8p0\LocalCache\local-packages\Python311\site-packages\requests\sessions.py:712: in post
    return self.request("POST", url, data=data, json=json, **kwargs)
           ^^^^^^^^^^^^^^^^^^^^^^^^^^^^^^^^^^^^^^^^^^^^^^^^^^^^^^^^^
..\..\..\..\AppData\Local\Packages\PythonSoftwareFoundation.Python.3.11_qbz5n2kfra8p0\LocalCache\local-packages\Python311\site-packages\requests\sessions.py:635: in request
    prep = self.prepare_request(req)
           ^^^^^^^^^^^^^^^^^^^^^^^^^
..\..\..\..\AppData\Local\Packages\PythonSoftwareFoundation.Python.3.11_qbz5n2kfra8p0\LocalCache\local-packages\Python311\site-packages\requests\sessions.py:541: in prepare_request
    p.prepare(
..\..\..\..\AppData\Local\Packages\PythonSoftwareFoundation.Python.3.11_qbz5n2kfra8p0\LocalCache\local-packages\Python311\site-packages\requests\models.py:439: in prepare
    self.prepare_url(url, params)
_ _ _ _ _ _ _ _ _ _ _ _ _ _ _ _ _ _ _ _ _ _ _ _ _ _ _ _ _ _ _ _ _ _ _ _ _ _ _ _ _ _ _ _ _ _ _ _ _ _ _ _ _ _ _ _ _ _ _ _ 

self = &lt;PreparedRequest [POST]&gt;, url = '/api/auth/register', params = OrderedDict()

    def prepare_url(
        self,
        url: _t.UriType,
        params: _t.ParamsType,
    ) -&gt; None:
        """Prepares the given HTTP URL."""
        #: Accept objects that have string representations.
        #: We're unable to blindly call unicode/str functions
        #: as this will include the bytestring indicator (b'')
        #: on python 3.x.
        #: https://github.com/psf/requests/pull/2238
        if isinstance(url, bytes):
            url = url.decode("utf8")
        else:
            url = str(url)
    
        # Remove leading whitespaces from url
        url = url.lstrip()
    
        # Don't do any URL preparation for non-HTTP schemes like `mailto`,
        # `data` etc to work around exceptions from `url_parse`, which
        # handles RFC 3986 only.
        if ":" in url and not url.lower().startswith("http"):
            self.url = url
            return
    
        # Support for unicode domain names and paths.
        try:
            scheme, auth, host, port, path, query, fragment = parse_url(url)
        except LocationParseError as e:
            raise InvalidURL(*e.args)
    
        if not scheme:
&gt;           raise MissingSchema(
                f"Invalid URL {url!r}: No scheme supplied. "
                f"Perhaps you meant https://{url}?"
            )
E           requests.exceptions.MissingSchema: Invalid URL '/api/auth/register': No scheme supplied. Perhaps you meant https:///api/auth/register?

..\..\..\..\AppData\Local\Packages\PythonSoftwareFoundation.Python.3.11_qbz5n2kfra8p0\LocalCache\local-packages\Python311\site-packages\requests\models.py:514: MissingSchema</error></testcase><testcase classname="tests.test_iteration8_ai_kb.TestRegression" name="test_progress" time="0.001"><error message="failed on setup with &quot;requests.exceptions.MissingSchema: Invalid URL '/api/auth/register': No scheme supplied. Perhaps you meant https:///api/auth/register?&quot;">@pytest.fixture(scope="module")
    def session():
        s = requests.Session()
        email = f"kbtest_{uuid.uuid4().hex[:8]}@prepos.io"
        password = "Test@1234"
&gt;       r = s.post(f"{BASE_URL}/api/auth/register", json={
            "email": email, "password": password, "name": "KB Test"
        })

tests\test_iteration8_ai_kb.py:33: 
_ _ _ _ _ _ _ _ _ _ _ _ _ _ _ _ _ _ _ _ _ _ _ _ _ _ _ _ _ _ _ _ _ _ _ _ _ _ _ _ _ _ _ _ _ _ _ _ _ _ _ _ _ _ _ _ _ _ _ _ 
..\..\..\..\AppData\Local\Packages\PythonSoftwareFoundation.Python.3.11_qbz5n2kfra8p0\LocalCache\local-packages\Python311\site-packages\requests\sessions.py:712: in post
    return self.request("POST", url, data=data, json=json, **kwargs)
           ^^^^^^^^^^^^^^^^^^^^^^^^^^^^^^^^^^^^^^^^^^^^^^^^^^^^^^^^^
..\..\..\..\AppData\Local\Packages\PythonSoftwareFoundation.Python.3.11_qbz5n2kfra8p0\LocalCache\local-packages\Python311\site-packages\requests\sessions.py:635: in request
    prep = self.prepare_request(req)
           ^^^^^^^^^^^^^^^^^^^^^^^^^
..\..\..\..\AppData\Local\Packages\PythonSoftwareFoundation.Python.3.11_qbz5n2kfra8p0\LocalCache\local-packages\Python311\site-packages\requests\sessions.py:541: in prepare_request
    p.prepare(
..\..\..\..\AppData\Local\Packages\PythonSoftwareFoundation.Python.3.11_qbz5n2kfra8p0\LocalCache\local-packages\Python311\site-packages\requests\models.py:439: in prepare
    self.prepare_url(url, params)
_ _ _ _ _ _ _ _ _ _ _ _ _ _ _ _ _ _ _ _ _ _ _ _ _ _ _ _ _ _ _ _ _ _ _ _ _ _ _ _ _ _ _ _ _ _ _ _ _ _ _ _ _ _ _ _ _ _ _ _ 

self = &lt;PreparedRequest [POST]&gt;, url = '/api/auth/register', params = OrderedDict()

    def prepare_url(
        self,
        url: _t.UriType,
        params: _t.ParamsType,
    ) -&gt; None:
        """Prepares the given HTTP URL."""
        #: Accept objects that have string representations.
        #: We're unable to blindly call unicode/str functions
        #: as this will include the bytestring indicator (b'')
        #: on python 3.x.
        #: https://github.com/psf/requests/pull/2238
        if isinstance(url, bytes):
            url = url.decode("utf8")
        else:
            url = str(url)
    
        # Remove leading whitespaces from url
        url = url.lstrip()
    
        # Don't do any URL preparation for non-HTTP schemes like `mailto`,
        # `data` etc to work around exceptions from `url_parse`, which
        # handles RFC 3986 only.
        if ":" in url and not url.lower().startswith("http"):
            self.url = url
            return
    
        # Support for unicode domain names and paths.
        try:
            scheme, auth, host, port, path, query, fragment = parse_url(url)
        except LocationParseError as e:
            raise InvalidURL(*e.args)
    
        if not scheme:
&gt;           raise MissingSchema(
                f"Invalid URL {url!r}: No scheme supplied. "
                f"Perhaps you meant https://{url}?"
            )
E           requests.exceptions.MissingSchema: Invalid URL '/api/auth/register': No scheme supplied. Perhaps you meant https:///api/auth/register?

..\..\..\..\AppData\Local\Packages\PythonSoftwareFoundation.Python.3.11_qbz5n2kfra8p0\LocalCache\local-packages\Python311\site-packages\requests\models.py:514: MissingSchema</error></testcase><testcase classname="tests.test_learning_engine" name="test_onboarding_self_assessment_accepts_zero_as_no_knowledge" time="0.001" /><testcase classname="tests.test_learning_engine" name="test_ranking_prefers_low_confidence_and_high_weakness" time="0.001" /><testcase classname="tests.test_learning_engine" name="test_planner_returns_revision_before_other_candidates" time="0.010" /><testcase classname="tests.test_learning_engine" name="test_builder_output_shape" time="0.001" /><testcase classname="tests.test_learning_engine" name="test_planner_builds_support_and_core_recommendations_from_roadmap" time="0.080" /><testcase classname="tests.test_learning_engine" name="test_revision_selection_uses_due_reviews" time="0.001" /><testcase classname="tests.test_learning_engine" name="test_mission_engine_uses_learning_recommendation_when_provided" time="0.237" /><testcase classname="tests.test_iteration8_ai_kb.TestRegression" name="test_node_detail" time="0.001"><error message="failed on setup with &quot;requests.exceptions.MissingSchema: Invalid URL '/api/auth/register': No scheme supplied. Perhaps you meant https:///api/auth/register?&quot;">@pytest.fixture(scope="module")
    def session():
        s = requests.Session()
        email = f"kbtest_{uuid.uuid4().hex[:8]}@prepos.io"
        password = "Test@1234"
&gt;       r = s.post(f"{BASE_URL}/api/auth/register", json={
            "email": email, "password": password, "name": "KB Test"
        })

tests\test_iteration8_ai_kb.py:33: 
_ _ _ _ _ _ _ _ _ _ _ _ _ _ _ _ _ _ _ _ _ _ _ _ _ _ _ _ _ _ _ _ _ _ _ _ _ _ _ _ _ _ _ _ _ _ _ _ _ _ _ _ _ _ _ _ _ _ _ _ 
..\..\..\..\AppData\Local\Packages\PythonSoftwareFoundation.Python.3.11_qbz5n2kfra8p0\LocalCache\local-packages\Python311\site-packages\requests\sessions.py:712: in post
    return self.request("POST", url, data=data, json=json, **kwargs)
           ^^^^^^^^^^^^^^^^^^^^^^^^^^^^^^^^^^^^^^^^^^^^^^^^^^^^^^^^^
..\..\..\..\AppData\Local\Packages\PythonSoftwareFoundation.Python.3.11_qbz5n2kfra8p0\LocalCache\local-packages\Python311\site-packages\requests\sessions.py:635: in request
    prep = self.prepare_request(req)
           ^^^^^^^^^^^^^^^^^^^^^^^^^
..\..\..\..\AppData\Local\Packages\PythonSoftwareFoundation.Python.3.11_qbz5n2kfra8p0\LocalCache\local-packages\Python311\site-packages\requests\sessions.py:541: in prepare_request
    p.prepare(
..\..\..\..\AppData\Local\Packages\PythonSoftwareFoundation.Python.3.11_qbz5n2kfra8p0\LocalCache\local-packages\Python311\site-packages\requests\models.py:439: in prepare
    self.prepare_url(url, params)
_ _ _ _ _ _ _ _ _ _ _ _ _ _ _ _ _ _ _ _ _ _ _ _ _ _ _ _ _ _ _ _ _ _ _ _ _ _ _ _ _ _ _ _ _ _ _ _ _ _ _ _ _ _ _ _ _ _ _ _ 

self = &lt;PreparedRequest [POST]&gt;, url = '/api/auth/register', params = OrderedDict()

    def prepare_url(
        self,
        url: _t.UriType,
        params: _t.ParamsType,
    ) -&gt; None:
        """Prepares the given HTTP URL."""
        #: Accept objects that have string representations.
        #: We're unable to blindly call unicode/str functions
        #: as this will include the bytestring indicator (b'')
        #: on python 3.x.
        #: https://github.com/psf/requests/pull/2238
        if isinstance(url, bytes):
            url = url.decode("utf8")
        else:
            url = str(url)
    
        # Remove leading whitespaces from url
        url = url.lstrip()
    
        # Don't do any URL preparation for non-HTTP schemes like `mailto`,
        # `data` etc to work around exceptions from `url_parse`, which
        # handles RFC 3986 only.
        if ":" in url and not url.lower().startswith("http"):
            self.url = url
            return
    
        # Support for unicode domain names and paths.
        try:
            scheme, auth, host, port, path, query, fragment = parse_url(url)
        except LocationParseError as e:
            raise InvalidURL(*e.args)
    
        if not scheme:
&gt;           raise MissingSchema(
                f"Invalid URL {url!r}: No scheme supplied. "
                f"Perhaps you meant https://{url}?"
            )
E           requests.exceptions.MissingSchema: Invalid URL '/api/auth/register': No scheme supplied. Perhaps you meant https:///api/auth/register?

..\..\..\..\AppData\Local\Packages\PythonSoftwareFoundation.Python.3.11_qbz5n2kfra8p0\LocalCache\local-packages\Python311\site-packages\requests\models.py:514: MissingSchema</error></testcase><testcase classname="tests.test_iteration8_ai_kb.TestRegression" name="test_bookmark" time="0.001"><error message="failed on setup with &quot;requests.exceptions.MissingSchema: Invalid URL '/api/auth/register': No scheme supplied. Perhaps you meant https:///api/auth/register?&quot;">@pytest.fixture(scope="module")
    def session():
        s = requests.Session()
        email = f"kbtest_{uuid.uuid4().hex[:8]}@prepos.io"
        password = "Test@1234"
&gt;       r = s.post(f"{BASE_URL}/api/auth/register", json={
            "email": email, "password": password, "name": "KB Test"
        })

tests\test_iteration8_ai_kb.py:33: 
_ _ _ _ _ _ _ _ _ _ _ _ _ _ _ _ _ _ _ _ _ _ _ _ _ _ _ _ _ _ _ _ _ _ _ _ _ _ _ _ _ _ _ _ _ _ _ _ _ _ _ _ _ _ _ _ _ _ _ _ 
..\..\..\..\AppData\Local\Packages\PythonSoftwareFoundation.Python.3.11_qbz5n2kfra8p0\LocalCache\local-packages\Python311\site-packages\requests\sessions.py:712: in post
    return self.request("POST", url, data=data, json=json, **kwargs)
           ^^^^^^^^^^^^^^^^^^^^^^^^^^^^^^^^^^^^^^^^^^^^^^^^^^^^^^^^^
..\..\..\..\AppData\Local\Packages\PythonSoftwareFoundation.Python.3.11_qbz5n2kfra8p0\LocalCache\local-packages\Python311\site-packages\requests\sessions.py:635: in request
    prep = self.prepare_request(req)
           ^^^^^^^^^^^^^^^^^^^^^^^^^
..\..\..\..\AppData\Local\Packages\PythonSoftwareFoundation.Python.3.11_qbz5n2kfra8p0\LocalCache\local-packages\Python311\site-packages\requests\sessions.py:541: in prepare_request
    p.prepare(
..\..\..\..\AppData\Local\Packages\PythonSoftwareFoundation.Python.3.11_qbz5n2kfra8p0\LocalCache\local-packages\Python311\site-packages\requests\models.py:439: in prepare
    self.prepare_url(url, params)
_ _ _ _ _ _ _ _ _ _ _ _ _ _ _ _ _ _ _ _ _ _ _ _ _ _ _ _ _ _ _ _ _ _ _ _ _ _ _ _ _ _ _ _ _ _ _ _ _ _ _ _ _ _ _ _ _ _ _ _ 

self = &lt;PreparedRequest [POST]&gt;, url = '/api/auth/register', params = OrderedDict()

    def prepare_url(
        self,
        url: _t.UriType,
        params: _t.ParamsType,
    ) -&gt; None:
        """Prepares the given HTTP URL."""
        #: Accept objects that have string representations.
        #: We're unable to blindly call unicode/str functions
        #: as this will include the bytestring indicator (b'')
        #: on python 3.x.
        #: https://github.com/psf/requests/pull/2238
        if isinstance(url, bytes):
            url = url.decode("utf8")
        else:
            url = str(url)
    
        # Remove leading whitespaces from url
        url = url.lstrip()
    
        # Don't do any URL preparation for non-HTTP schemes like `mailto`,
        # `data` etc to work around exceptions from `url_parse`, which
        # handles RFC 3986 only.
        if ":" in url and not url.lower().startswith("http"):
            self.url = url
            return
    
        # Support for unicode domain names and paths.
        try:
            scheme, auth, host, port, path, query, fragment = parse_url(url)
        except LocationParseError as e:
            raise InvalidURL(*e.args)
    
        if not scheme:
&gt;           raise MissingSchema(
                f"Invalid URL {url!r}: No scheme supplied. "
                f"Perhaps you meant https://{url}?"
            )
E           requests.exceptions.MissingSchema: Invalid URL '/api/auth/register': No scheme supplied. Perhaps you meant https:///api/auth/register?

..\..\..\..\AppData\Local\Packages\PythonSoftwareFoundation.Python.3.11_qbz5n2kfra8p0\LocalCache\local-packages\Python311\site-packages\requests\models.py:514: MissingSchema</error></testcase><testcase classname="tests.test_iteration8_ai_kb.TestRegression" name="test_favorite" time="0.001"><error message="failed on setup with &quot;requests.exceptions.MissingSchema: Invalid URL '/api/auth/register': No scheme supplied. Perhaps you meant https:///api/auth/register?&quot;">@pytest.fixture(scope="module")
    def session():
        s = requests.Session()
        email = f"kbtest_{uuid.uuid4().hex[:8]}@prepos.io"
        password = "Test@1234"
&gt;       r = s.post(f"{BASE_URL}/api/auth/register", json={
            "email": email, "password": password, "name": "KB Test"
        })

tests\test_iteration8_ai_kb.py:33: 
_ _ _ _ _ _ _ _ _ _ _ _ _ _ _ _ _ _ _ _ _ _ _ _ _ _ _ _ _ _ _ _ _ _ _ _ _ _ _ _ _ _ _ _ _ _ _ _ _ _ _ _ _ _ _ _ _ _ _ _ 
..\..\..\..\AppData\Local\Packages\PythonSoftwareFoundation.Python.3.11_qbz5n2kfra8p0\LocalCache\local-packages\Python311\site-packages\requests\sessions.py:712: in post
    return self.request("POST", url, data=data, json=json, **kwargs)
           ^^^^^^^^^^^^^^^^^^^^^^^^^^^^^^^^^^^^^^^^^^^^^^^^^^^^^^^^^
..\..\..\..\AppData\Local\Packages\PythonSoftwareFoundation.Python.3.11_qbz5n2kfra8p0\LocalCache\local-packages\Python311\site-packages\requests\sessions.py:635: in request
    prep = self.prepare_request(req)
           ^^^^^^^^^^^^^^^^^^^^^^^^^
..\..\..\..\AppData\Local\Packages\PythonSoftwareFoundation.Python.3.11_qbz5n2kfra8p0\LocalCache\local-packages\Python311\site-packages\requests\sessions.py:541: in prepare_request
    p.prepare(
..\..\..\..\AppData\Local\Packages\PythonSoftwareFoundation.Python.3.11_qbz5n2kfra8p0\LocalCache\local-packages\Python311\site-packages\requests\models.py:439: in prepare
    self.prepare_url(url, params)
_ _ _ _ _ _ _ _ _ _ _ _ _ _ _ _ _ _ _ _ _ _ _ _ _ _ _ _ _ _ _ _ _ _ _ _ _ _ _ _ _ _ _ _ _ _ _ _ _ _ _ _ _ _ _ _ _ _ _ _ 

self = &lt;PreparedRequest [POST]&gt;, url = '/api/auth/register', params = OrderedDict()

    def prepare_url(
        self,
        url: _t.UriType,
        params: _t.ParamsType,
    ) -&gt; None:
        """Prepares the given HTTP URL."""
        #: Accept objects that have string representations.
        #: We're unable to blindly call unicode/str functions
        #: as this will include the bytestring indicator (b'')
        #: on python 3.x.
        #: https://github.com/psf/requests/pull/2238
        if isinstance(url, bytes):
            url = url.decode("utf8")
        else:
            url = str(url)
    
        # Remove leading whitespaces from url
        url = url.lstrip()
    
        # Don't do any URL preparation for non-HTTP schemes like `mailto`,
        # `data` etc to work around exceptions from `url_parse`, which
        # handles RFC 3986 only.
        if ":" in url and not url.lower().startswith("http"):
            self.url = url
            return
    
        # Support for unicode domain names and paths.
        try:
            scheme, auth, host, port, path, query, fragment = parse_url(url)
        except LocationParseError as e:
            raise InvalidURL(*e.args)
    
        if not scheme:
&gt;           raise MissingSchema(
                f"Invalid URL {url!r}: No scheme supplied. "
                f"Perhaps you meant https://{url}?"
            )
E           requests.exceptions.MissingSchema: Invalid URL '/api/auth/register': No scheme supplied. Perhaps you meant https:///api/auth/register?

..\..\..\..\AppData\Local\Packages\PythonSoftwareFoundation.Python.3.11_qbz5n2kfra8p0\LocalCache\local-packages\Python311\site-packages\requests\models.py:514: MissingSchema</error></testcase><testcase classname="tests.test_learning_engine" name="test_mission_engine_does_not_use_legacy_selection_when_recommendation_is_provided" time="0.105" /><testcase classname="tests.test_iteration8_ai_kb.TestRegression" name="test_attempt" time="0.001"><error message="failed on setup with &quot;requests.exceptions.MissingSchema: Invalid URL '/api/auth/register': No scheme supplied. Perhaps you meant https:///api/auth/register?&quot;">@pytest.fixture(scope="module")
    def session():
        s = requests.Session()
        email = f"kbtest_{uuid.uuid4().hex[:8]}@prepos.io"
        password = "Test@1234"
&gt;       r = s.post(f"{BASE_URL}/api/auth/register", json={
            "email": email, "password": password, "name": "KB Test"
        })

tests\test_iteration8_ai_kb.py:33: 
_ _ _ _ _ _ _ _ _ _ _ _ _ _ _ _ _ _ _ _ _ _ _ _ _ _ _ _ _ _ _ _ _ _ _ _ _ _ _ _ _ _ _ _ _ _ _ _ _ _ _ _ _ _ _ _ _ _ _ _ 
..\..\..\..\AppData\Local\Packages\PythonSoftwareFoundation.Python.3.11_qbz5n2kfra8p0\LocalCache\local-packages\Python311\site-packages\requests\sessions.py:712: in post
    return self.request("POST", url, data=data, json=json, **kwargs)
           ^^^^^^^^^^^^^^^^^^^^^^^^^^^^^^^^^^^^^^^^^^^^^^^^^^^^^^^^^
..\..\..\..\AppData\Local\Packages\PythonSoftwareFoundation.Python.3.11_qbz5n2kfra8p0\LocalCache\local-packages\Python311\site-packages\requests\sessions.py:635: in request
    prep = self.prepare_request(req)
           ^^^^^^^^^^^^^^^^^^^^^^^^^
..\..\..\..\AppData\Local\Packages\PythonSoftwareFoundation.Python.3.11_qbz5n2kfra8p0\LocalCache\local-packages\Python311\site-packages\requests\sessions.py:541: in prepare_request
    p.prepare(
..\..\..\..\AppData\Local\Packages\PythonSoftwareFoundation.Python.3.11_qbz5n2kfra8p0\LocalCache\local-packages\Python311\site-packages\requests\models.py:439: in prepare
    self.prepare_url(url, params)
_ _ _ _ _ _ _ _ _ _ _ _ _ _ _ _ _ _ _ _ _ _ _ _ _ _ _ _ _ _ _ _ _ _ _ _ _ _ _ _ _ _ _ _ _ _ _ _ _ _ _ _ _ _ _ _ _ _ _ _ 

self = &lt;PreparedRequest [POST]&gt;, url = '/api/auth/register', params = OrderedDict()

    def prepare_url(
        self,
        url: _t.UriType,
        params: _t.ParamsType,
    ) -&gt; None:
        """Prepares the given HTTP URL."""
        #: Accept objects that have string representations.
        #: We're unable to blindly call unicode/str functions
        #: as this will include the bytestring indicator (b'')
        #: on python 3.x.
        #: https://github.com/psf/requests/pull/2238
        if isinstance(url, bytes):
            url = url.decode("utf8")
        else:
            url = str(url)
    
        # Remove leading whitespaces from url
        url = url.lstrip()
    
        # Don't do any URL preparation for non-HTTP schemes like `mailto`,
        # `data` etc to work around exceptions from `url_parse`, which
        # handles RFC 3986 only.
        if ":" in url and not url.lower().startswith("http"):
            self.url = url
            return
    
        # Support for unicode domain names and paths.
        try:
            scheme, auth, host, port, path, query, fragment = parse_url(url)
        except LocationParseError as e:
            raise InvalidURL(*e.args)
    
        if not scheme:
&gt;           raise MissingSchema(
                f"Invalid URL {url!r}: No scheme supplied. "
                f"Perhaps you meant https://{url}?"
            )
E           requests.exceptions.MissingSchema: Invalid URL '/api/auth/register': No scheme supplied. Perhaps you meant https:///api/auth/register?

..\..\..\..\AppData\Local\Packages\PythonSoftwareFoundation.Python.3.11_qbz5n2kfra8p0\LocalCache\local-packages\Python311\site-packages\requests\models.py:514: MissingSchema</error></testcase><testcase classname="tests.test_learning_engine" name="test_mission_engine_uses_support_recommendation_when_provided" time="0.005" /><testcase classname="tests.test_learning_engine" name="test_mission_engine_does_not_fallback_to_legacy_support_topic_when_track_is_valid_but_no_unlocked_node" time="0.002" /><testcase classname="tests.test_learning_engine" name="test_mission_engine_does_not_fallback_to_legacy_core_topic_when_no_unlocked_core_node_available" time="0.003" /><testcase classname="tests.test_learning_engine" name="test_mission_engine_preserves_existing_selection_when_recommendation_is_none" time="0.003" /><testcase classname="tests.test_learning_engine" name="test_revision_task_node_id_propagates" time="0.002" /><testcase classname="tests.test_ai_response_parsing" name="test_parse_llm_json_accepts_raw_json_and_whitespace" time="0.002" /><testcase classname="tests.test_ai_response_parsing" name="test_parse_llm_json_accepts_markdown_code_fence" time="0.001" /><testcase classname="tests.test_ai_response_parsing" name="test_parse_llm_json_extracts_object_from_surrounding_text" time="0.001" /><testcase classname="tests.test_ai_response_parsing" name="test_parse_llm_json_returns_none_for_invalid_json[]" time="0.001" /><testcase classname="tests.test_ai_response_parsing" name="test_parse_llm_json_returns_none_for_invalid_json[not json]" time="0.003" /><testcase classname="tests.test_ai_response_parsing" name="test_parse_llm_json_returns_none_for_invalid_json[{&quot;missing&quot;: ]]" time="0.001" /><testcase classname="tests.test_ai_response_parsing" name="test_knowledge_parser_keeps_normalization_and_malformed_fallback" time="0.001" /><testcase classname="tests.test_iteration8_ai_kb.TestRegression" name="test_confidence" time="0.001"><error message="failed on setup with &quot;requests.exceptions.MissingSchema: Invalid URL '/api/auth/register': No scheme supplied. Perhaps you meant https:///api/auth/register?&quot;">@pytest.fixture(scope="module")
    def session():
        s = requests.Session()
        email = f"kbtest_{uuid.uuid4().hex[:8]}@prepos.io"
        password = "Test@1234"
&gt;       r = s.post(f"{BASE_URL}/api/auth/register", json={
            "email": email, "password": password, "name": "KB Test"
        })

tests\test_iteration8_ai_kb.py:33: 
_ _ _ _ _ _ _ _ _ _ _ _ _ _ _ _ _ _ _ _ _ _ _ _ _ _ _ _ _ _ _ _ _ _ _ _ _ _ _ _ _ _ _ _ _ _ _ _ _ _ _ _ _ _ _ _ _ _ _ _ 
..\..\..\..\AppData\Local\Packages\PythonSoftwareFoundation.Python.3.11_qbz5n2kfra8p0\LocalCache\local-packages\Python311\site-packages\requests\sessions.py:712: in post
    return self.request("POST", url, data=data, json=json, **kwargs)
           ^^^^^^^^^^^^^^^^^^^^^^^^^^^^^^^^^^^^^^^^^^^^^^^^^^^^^^^^^
..\..\..\..\AppData\Local\Packages\PythonSoftwareFoundation.Python.3.11_qbz5n2kfra8p0\LocalCache\local-packages\Python311\site-packages\requests\sessions.py:635: in request
    prep = self.prepare_request(req)
           ^^^^^^^^^^^^^^^^^^^^^^^^^
..\..\..\..\AppData\Local\Packages\PythonSoftwareFoundation.Python.3.11_qbz5n2kfra8p0\LocalCache\local-packages\Python311\site-packages\requests\sessions.py:541: in prepare_request
    p.prepare(
..\..\..\..\AppData\Local\Packages\PythonSoftwareFoundation.Python.3.11_qbz5n2kfra8p0\LocalCache\local-packages\Python311\site-packages\requests\models.py:439: in prepare
    self.prepare_url(url, params)
_ _ _ _ _ _ _ _ _ _ _ _ _ _ _ _ _ _ _ _ _ _ _ _ _ _ _ _ _ _ _ _ _ _ _ _ _ _ _ _ _ _ _ _ _ _ _ _ _ _ _ _ _ _ _ _ _ _ _ _ 

self = &lt;PreparedRequest [POST]&gt;, url = '/api/auth/register', params = OrderedDict()

    def prepare_url(
        self,
        url: _t.UriType,
        params: _t.ParamsType,
    ) -&gt; None:
        """Prepares the given HTTP URL."""
        #: Accept objects that have string representations.
        #: We're unable to blindly call unicode/str functions
        #: as this will include the bytestring indicator (b'')
        #: on python 3.x.
        #: https://github.com/psf/requests/pull/2238
        if isinstance(url, bytes):
            url = url.decode("utf8")
        else:
            url = str(url)
    
        # Remove leading whitespaces from url
[...]
    p.prepare(
..\..\..\..\AppData\Local\Packages\PythonSoftwareFoundation.Python.3.11_qbz5n2kfra8p0\LocalCache\local-packages\Python311\site-packages\requests\models.py:439: in prepare
    self.prepare_url(url, params)
_ _ _ _ _ _ _ _ _ _ _ _ _ _ _ _ _ _ _ _ _ _ _ _ _ _ _ _ _ _ _ _ _ _ _ _ _ _ _ _ _ _ _ _ _ _ _ _ _ _ _ _ _ _ _ _ _ _ _ _ 

self = &lt;PreparedRequest [POST]&gt;, url = '/api/auth/register', params = OrderedDict()

    def prepare_url(
        self,
        url: _t.UriType,
        params: _t.ParamsType,
    ) -&gt; None:
        """Prepares the given HTTP URL."""
        #: Accept objects that have string representations.
        #: We're unable to blindly call unicode/str functions
        #: as this will include the bytestring indicator (b'')
        #: on python 3.x.
        #: https://github.com/psf/requests/pull/2238
        if isinstance(url, bytes):
            url = url.decode("utf8")
        else:
            url = str(url)
    
        # Remove leading whitespaces from url
        url = url.lstrip()
    
        # Don't do any URL preparation for non-HTTP schemes like `mailto`,
        # `data` etc to work around exceptions from `url_parse`, which
        # handles RFC 3986 only.
        if ":" in url and not url.lower().startswith("http"):
            self.url = url
            return
    
        # Support for unicode domain names and paths.
        try:
            scheme, auth, host, port, path, query, fragment = parse_url(url)
        except LocationParseError as e:
            raise InvalidURL(*e.args)
    
        if not scheme:
&gt;           raise MissingSchema(
                f"Invalid URL {url!r}: No scheme supplied. "
                f"Perhaps you meant https://{url}?"
            )
E           requests.exceptions.MissingSchema: Invalid URL '/api/auth/register': No scheme supplied. Perhaps you meant https:///api/auth/register?

..\..\..\..\AppData\Local\Packages\PythonSoftwareFoundation.Python.3.11_qbz5n2kfra8p0\LocalCache\local-packages\Python311\site-packages\requests\models.py:514: MissingSchema</error></testcase><testcase classname="tests.test_learner_intelligence_phase2c.TestRetention" name="test_success_and_failure_counts" time="0.001" /><testcase classname="tests.test_learner_intelligence_phase2c.TestRetention" name="test_repeated_mistakes" time="0.001" /><testcase classname="tests.test_learner_intelligence_phase2c.TestRevisionHealth" name="test_debt_and_backlog" time="0.001" /><testcase classname="tests.test_learner_intelligence_phase2c.TestRevisionHealth" name="test_no_scheduled_is_healthy" time="0.002" /><testcase classname="tests.test_iteration8_ai_kb.TestReadOnlyCache" name="test_fresh_node_read_no_gemini" time="0.003"><error message="failed on setup with &quot;requests.exceptions.MissingSchema: Invalid URL '/api/auth/register': No scheme supplied. Perhaps you meant https:///api/auth/register?&quot;">@pytest.fixture(scope="module")
    def session():
        s = requests.Session()
        email = f"kbtest_{uuid.uuid4().hex[:8]}@prepos.io"
        password = "Test@1234"
&gt;       r = s.post(f"{BASE_URL}/api/auth/register", json={
            "email": email, "password": password, "name": "KB Test"
        })

tests\test_iteration8_ai_kb.py:33: 
_ _ _ _ _ _ _ _ _ _ _ _ _ _ _ _ _ _ _ _ _ _ _ _ _ _ _ _ _ _ _ _ _ _ _ _ _ _ _ _ _ _ _ _ _ _ _ _ _ _ _ _ _ _ _ _ _ _ _ _ 
..\..\..\..\AppData\Local\Packages\PythonSoftwareFoundation.Python.3.11_qbz5n2kfra8p0\LocalCache\local-packages\Python311\site-packages\requests\sessions.py:712: in post
    return self.request("POST", url, data=data, json=json, **kwargs)
           ^^^^^^^^^^^^^^^^^^^^^^^^^^^^^^^^^^^^^^^^^^^^^^^^^^^^^^^^^
..\..\..\..\AppData\Local\Packages\PythonSoftwareFoundation.Python.3.11_qbz5n2kfra8p0\LocalCache\local-packages\Python311\site-packages\requests\sessions.py:635: in request
    prep = self.prepare_request(req)
           ^^^^^^^^^^^^^^^^^^^^^^^^^
..\..\..\..\AppData\Local\Packages\PythonSoftwareFoundation.Python.3.11_qbz5n2kfra8p0\LocalCache\local-packages\Python311\site-packages\requests\sessions.py:541: in prepare_request
    p.prepare(
..\..\..\..\AppData\Local\Packages\PythonSoftwareFoundation.Python.3.11_qbz5n2kfra8p0\LocalCache\local-packages\Python311\site-packages\requests\models.py:439: in prepare
    self.prepare_url(url, params)
_ _ _ _ _ _ _ _ _ _ _ _ _ _ _ _ _ _ _ _ _ _ _ _ _ _ _ _ _ _ _ _ _ _ _ _ _ _ _ _ _ _ _ _ _ _ _ _ _ _ _ _ _ _ _ _ _ _ _ _ 

self = &lt;PreparedRequest [POST]&gt;, url = '/api/auth/register', params = OrderedDict()

    def prepare_url(
        self,
        url: _t.UriType,
        params: _t.ParamsType,
    ) -&gt; None:
        """Prepares the given HTTP URL."""
        #: Accept objects that have string representations.
        #: We're unable to blindly call unicode/str functions
        #: as this will include the bytestring indicator (b'')
        #: on python 3.x.
        #: https://github.com/psf/requests/pull/2238
        if isinstance(url, bytes):
            url = url.decode("utf8")
        else:
            url = str(url)
    
        # Remove leading whitespaces from url
        url = url.lstrip()
    
        # Don't do any URL preparation for non-HTTP schemes like `mailto`,
        # `data` etc to work around exceptions from `url_parse`, which
        # handles RFC 3986 only.
        if ":" in url and not url.lower().startswith("http"):
            self.url = url
            return
    
        # Support for unicode domain names and paths.
        try:
            scheme, auth, host, port, path, query, fragment = parse_url(url)
        except LocationParseError as e:
            raise InvalidURL(*e.args)
    
        if not scheme:
&gt;           raise MissingSchema(
                f"Invalid URL {url!r}: No scheme supplied. "
                f"Perhaps you meant https://{url}?"
            )
E           requests.exceptions.MissingSchema: Invalid URL '/api/auth/register': No scheme supplied. Perhaps you meant https:///api/auth/register?

..\..\..\..\AppData\Local\Packages\PythonSoftwareFoundation.Python.3.11_qbz5n2kfra8p0\LocalCache\local-packages\Python311\site-packages\requests\models.py:514: MissingSchema</error></testcase><testcase classname="tests.test_learner_intelligence_phase2c.TestCodingGrowth" name="test_has_signal_and_progression" time="0.001" /><testcase classname="tests.test_learner_intelligence_phase2c.TestCodingGrowth" name="test_no_coding_signal" time="0.002" /><testcase classname="tests.test_learner_intelligence_phase2c.TestReadinessTrend" name="test_upward" time="0.002" /><testcase classname="tests.test_learner_intelligence_phase2c.TestReadinessTrend" name="test_declining" time="0.004" /><testcase classname="tests.test_mission_assessment_phase3c.TestEnrichment" name="test_enrich_adds_optional_fields" time="0.004" /><testcase classname="tests.test_mission_assessment_phase3c.TestEnrichment" name="test_enrich_safe_without_assessment" time="0.003" /><testcase classname="tests.test_phase5_consumer_hardening.TestMentorChatConsumer" name="test_uses_mentor_chat_capability" time="0.004" /><testcase classname="tests.test_phase5_consumer_hardening.TestMentorChatConsumer" name="test_empty_response_does_not_crash_service" time="0.003" /><testcase classname="tests.test_phase5_consumer_hardening.TestMentorLessonConsumer" name="test_uses_mentor_lesson_capability" time="0.005" /><testcase classname="tests.test_phase5_consumer_hardening.TestMentorLessonConsumer" name="test_lesson_uses_shared_parser" time="0.001" /><testcase classname="tests.test_phase5_consumer_hardening.TestAssessmentContentCapability" name="test_assessment_capability_is_registered" time="0.001" /><testcase classname="tests.test_phase5_consumer_hardening.TestAssessmentContentCapability" name="test_assessment_routes_through_gateway" time="0.004" /><testcase classname="tests.test_phase6_reliability_security.TestConcurrency" name="test_two_concurrent_requests_isolated" time="0.005" /><testcase classname="tests.test_phase6_reliability_security.TestConcurrency" name="test_concurrent_failures_isolated" time="0.003" /><testcase classname="tests.test_ai_gateway.TestResponsePipeline" name="test_response_contains_metadata" time="0.003" /><testcase classname="tests.test_ai_gateway.TestRequestPipeline" name="test_request_passes_through" time="0.002" /><testcase classname="tests.test_ai_gateway.TestModelUsedInResponse" name="test_model_used_is_selected_model_not_provider_default" time="0.003" /><testcase classname="tests.test_company_aware_planner_phase2b.TestExperienceLevel" name="test_position_mapping" time="0.001" /><testcase classname="tests.test_iteration8_ai_kb.TestReadOnlyCache" name="test_unknown_node_404" time="0.001"><error message="failed on setup with &quot;requests.exceptions.MissingSchema: Invalid URL '/api/auth/register': No scheme supplied. Perhaps you meant https:///api/auth/register?&quot;">@pytest.fixture(scope="module")
    def session():
        s = requests.Session()
        email = f"kbtest_{uuid.uuid4().hex[:8]}@prepos.io"
        password = "Test@1234"
&gt;       r = s.post(f"{BASE_URL}/api/auth/register", json={
            "email": email, "password": password, "name": "KB Test"
        })

tests\test_iteration8_ai_kb.py:33: 
_ _ _ _ _ _ _ _ _ _ _ _ _ _ _ _ _ _ _ _ _ _ _ _ _ _ _ _ _ _ _ _ _ _ _ _ _ _ _ _ _ _ _ _ _ _ _ _ _ _ _ _ _ _ _ _ _ _ _ _ 
..\..\..\..\AppData\Local\Packages\PythonSoftwareFoundation.Python.3.11_qbz5n2kfra8p0\LocalCache\local-packages\Python311\site-packages\requests\sessions.py:712: in post
    return self.request("POST", url, data=data, json=json, **kwargs)
           ^^^^^^^^^^^^^^^^^^^^^^^^^^^^^^^^^^^^^^^^^^^^^^^^^^^^^^^^^
..\..\..\..\AppData\Local\Packages\PythonSoftwareFoundation.Python.3.11_qbz5n2kfra8p0\LocalCache\local-packages\Python311\site-packages\requests\sessions.py:635: in request
    prep = self.prepare_request(req)
           ^^^^^^^^^^^^^^^^^^^^^^^^^
..\..\..\..\AppData\Local\Packages\PythonSoftwareFoundation.Python.3.11_qbz5n2kfra8p0\LocalCache\local-packages\Python311\site-packages\requests\sessions.py:541: in prepare_request
    p.prepare(
..\..\..\..\AppData\Local\Packages\PythonSoftwareFoundation.Python.3.11_qbz5n2kfra8p0\LocalCache\local-packages\Python311\site-packages\requests\models.py:439: in prepare
    self.prepare_url(url, params)
_ _ _ _ _ _ _ _ _ _ _ _ _ _ _ _ _ _ _ _ _ _ _ _ _ _ _ _ _ _ _ _ _ _ _ _ _ _ _ _ _ _ _ _ _ _ _ _ _ _ _ _ _ _ _ _ _ _ _ _ 

self = &lt;PreparedRequest [POST]&gt;, url = '/api/auth/register', params = OrderedDict()

    def prepare_url(
        self,
        url: _t.UriType,
        params: _t.ParamsType,
    ) -&gt; None:
        """Prepares the given HTTP URL."""
        #: Accept objects that have string representations.
        #: We're unable to blindly call unicode/str functions
        #: as this will include the bytestring indicator (b'')
        #: on python 3.x.
        #: https://github.com/psf/requests/pull/2238
        if isinstance(url, bytes):
            url = url.decode("utf8")
        else:
            url = str(url)
    
        # Remove leading whitespaces from url
        url = url.lstrip()
    
        # Don't do any URL preparation for non-HTTP schemes like `mailto`,
        # `data` etc to work around exceptions from `url_parse`, which
        # handles RFC 3986 only.
        if ":" in url and not url.lower().startswith("http"):
            self.url = url
            return
    
        # Support for unicode domain names and paths.
        try:
            scheme, auth, host, port, path, query, fragment = parse_url(url)
        except LocationParseError as e:
            raise InvalidURL(*e.args)
    
        if not scheme:
&gt;           raise MissingSchema(
                f"Invalid URL {url!r}: No scheme supplied. "
                f"Perhaps you meant https://{url}?"
            )
E           requests.exceptions.MissingSchema: Invalid URL '/api/auth/register': No scheme supplied. Perhaps you meant https:///api/auth/register?

..\..\..\..\AppData\Local\Packages\PythonSoftwareFoundation.Python.3.11_qbz5n2kfra8p0\LocalCache\local-packages\Python311\site-packages\requests\models.py:514: MissingSchema</error></testcase><testcase classname="tests.test_learner_intelligence_phase2c.TestConfidenceTrend" name="test_rising_confidence" time="0.003" /><testcase classname="tests.test_learner_intelligence_phase2c.TestConfidenceTrend" name="test_declining_confidence" time="0.002" /><testcase classname="tests.test_iteration8_ai_kb.TestMissingKey" name="test_generate_without_key_returns_400" time="0.001"><error message="failed on setup with &quot;requests.exceptions.MissingSchema: Invalid URL '/api/auth/register': No scheme supplied. Perhaps you meant https:///api/auth/register?&quot;">@pytest.fixture(scope="module")
    def session():
        s = requests.Session()
        email = f"kbtest_{uuid.uuid4().hex[:8]}@prepos.io"
        password = "Test@1234"
&gt;       r = s.post(f"{BASE_URL}/api/auth/register", json={
            "email": email, "password": password, "name": "KB Test"
        })

tests\test_iteration8_ai_kb.py:33: 
_ _ _ _ _ _ _ _ _ _ _ _ _ _ _ _ _ _ _ _ _ _ _ _ _ _ _ _ _ _ _ _ _ _ _ _ _ _ _ _ _ _ _ _ _ _ _ _ _ _ _ _ _ _ _ _ _ _ _ _ 
..\..\..\..\AppData\Local\Packages\PythonSoftwareFoundation.Python.3.11_qbz5n2kfra8p0\LocalCache\local-packages\Python311\site-packages\requests\sessions.py:712: in post
    return self.request("POST", url, data=data, json=json, **kwargs)
           ^^^^^^^^^^^^^^^^^^^^^^^^^^^^^^^^^^^^^^^^^^^^^^^^^^^^^^^^^
..\..\..\..\AppData\Local\Packages\PythonSoftwareFoundation.Python.3.11_qbz5n2kfra8p0\LocalCache\local-packages\Python311\site-packages\requests\sessions.py:635: in request
    prep = self.prepare_request(req)
           ^^^^^^^^^^^^^^^^^^^^^^^^^
..\..\..\..\AppData\Local\Packages\PythonSoftwareFoundation.Python.3.11_qbz5n2kfra8p0\LocalCache\local-packages\Python311\site-packages\requests\sessions.py:541: in prepare_request
    p.prepare(
..\..\..\..\AppData\Local\Packages\PythonSoftwareFoundation.Python.3.11_qbz5n2kfra8p0\LocalCache\local-packages\Python311\site-packages\requests\models.py:439: in prepare
    self.prepare_url(url, params)
_ _ _ _ _ _ _ _ _ _ _ _ _ _ _ _ _ _ _ _ _ _ _ _ _ _ _ _ _ _ _ _ _ _ _ _ _ _ _ _ _ _ _ _ _ _ _ _ _ _ _ _ _ _ _ _ _ _ _ _ 

self = &lt;PreparedRequest [POST]&gt;, url = '/api/auth/register', params = OrderedDict()

    def prepare_url(
        self,
        url: _t.UriType,
        params: _t.ParamsType,
    ) -&gt; None:
        """Prepares the given HTTP URL."""
        #: Accept objects that have string representations.
        #: We're unable to blindly call unicode/str functions
        #: as this will include the bytestring indicator (b'')
        #: on python 3.x.
        #: https://github.com/psf/requests/pull/2238
        if isinstance(url, bytes):
            url = url.decode("utf8")
        else:
            url = str(url)
    
        # Remove leading whitespaces from url
        url = url.lstrip()
    
        # Don't do any URL preparation for non-HTTP schemes like `mailto`,
        # `data` etc to work around exceptions from `url_parse`, which
        # handles RFC 3986 only.
        if ":" in url and not url.lower().startswith("http"):
            self.url = url
            return
    
        # Support for unicode domain names and paths.
        try:
            scheme, auth, host, port, path, query, fragment = parse_url(url)
        except LocationParseError as e:
            raise InvalidURL(*e.args)
    
        if not scheme:
&gt;           raise MissingSchema(
                f"Invalid URL {url!r}: No scheme supplied. "
                f"Perhaps you meant https://{url}?"
            )
E           requests.exceptions.MissingSchema: Invalid URL '/api/auth/register': No scheme supplied. Perhaps you meant https:///api/auth/register?

..\..\..\..\AppData\Local\Packages\PythonSoftwareFoundation.Python.3.11_qbz5n2kfra8p0\LocalCache\local-packages\Python311\site-packages\requests\models.py:514: MissingSchema</error></testcase><testcase classname="tests.test_iteration9_500_regression.TestUserBugRegression" name="test_retired_model_returns_404_never_500" time="0.002"><error message="failed on setup with &quot;requests.exceptions.MissingSchema: Invalid URL '/api/auth/register': No scheme supplied. Perhaps you meant https:///api/auth/register?&quot;">@pytest.fixture(scope="module")
    def session():
        s = requests.Session()
        email = f"iter9_{uuid.uuid4().hex[:8]}@prepos.io"
        password = "Test@1234"
&gt;       r = s.post(f"{BASE_URL}/api/auth/register", json={
            "email": email, "password": password, "name": "Iter9 Test"
        })

tests\test_iteration9_500_regression.py:55: 
_ _ _ _ _ _ _ _ _ _ _ _ _ _ _ _ _ _ _ _ _ _ _ _ _ _ _ _ _ _ _ _ _ _ _ _ _ _ _ _ _ _ _ _ _ _ _ _ _ _ _ _ _ _ _ _ _ _ _ _ 
..\..\..\..\AppData\Local\Packages\PythonSoftwareFoundation.Python.3.11_qbz5n2kfra8p0\LocalCache\local-packages\Python311\site-packages\requests\sessions.py:712: in post
    return self.request("POST", url, data=data, json=json, **kwargs)
           ^^^^^^^^^^^^^^^^^^^^^^^^^^^^^^^^^^^^^^^^^^^^^^^^^^^^^^^^^
..\..\..\..\AppData\Local\Packages\PythonSoftwareFoundation.Python.3.11_qbz5n2kfra8p0\LocalCache\local-packages\Python311\site-packages\requests\sessions.py:635: in request
    prep = self.prepare_request(req)
           ^^^^^^^^^^^^^^^^^^^^^^^^^
..\..\..\..\AppData\Local\Packages\PythonSoftwareFoundation.Python.3.11_qbz5n2kfra8p0\LocalCache\local-packages\Python311\site-packages\requests\sessions.py:541: in prepare_request
    p.prepare(
..\..\..\..\AppData\Local\Packages\PythonSoftwareFoundation.Python.3.11_qbz5n2kfra8p0\LocalCache\local-packages\Python311\site-packages\requests\models.py:439: in prepare
    self.prepare_url(url, params)
_ _ _ _ _ _ _ _ _ _ _ _ _ _ _ _ _ _ _ _ _ _ _ _ _ _ _ _ _ _ _ _ _ _ _ _ _ _ _ _ _ _ _ _ _ _ _ _ _ _ _ _ _ _ _ _ _ _ _ _ 

self = &lt;PreparedRequest [POST]&gt;, url = '/api/auth/register', params = OrderedDict()

    def prepare_url(
        self,
        url: _t.UriType,
        params: _t.ParamsType,
    ) -&gt; None:
        """Prepares the given HTTP URL."""
        #: Accept objects that have string representations.
        #: We're unable to blindly call unicode/str functions
        #: as this will include the bytestring indicator (b'')
        #: on python 3.x.
        #: https://github.com/psf/requests/pull/2238
        if isinstance(url, bytes):
            url = url.decode("utf8")
        else:
            url = str(url)
    
        # Remove leading whitespaces from url
        url = url.lstrip()
    
        # Don't do any URL preparation for non-HTTP schemes like `mailto`,
        # `data` etc to work around exceptions from `url_parse`, which
        # handles RFC 3986 only.
        if ":" in url and not url.lower().startswith("http"):
            self.url = url
            return
    
        # Support for unicode domain names and paths.
        try:
            scheme, auth, host, port, path, query, fragment = parse_url(url)
        except LocationParseError as e:
            raise InvalidURL(*e.args)
    
        if not scheme:
&gt;           raise MissingSchema(
                f"Invalid URL {url!r}: No scheme supplied. "
                f"Perhaps you meant https://{url}?"
            )
E           requests.exceptions.MissingSchema: Invalid URL '/api/auth/register': No scheme supplied. Perhaps you meant https:///api/auth/register?

..\..\..\..\AppData\Local\Packages\PythonSoftwareFoundation.Python.3.11_qbz5n2kfra8p0\LocalCache\local-packages\Python311\site-packages\requests\models.py:514: MissingSchema</error></testcase><testcase classname="tests.test_streak_engine" name="test_streak_starts_on_first_activity_and_stays_same_day" time="0.001" /></testsuite></testsuites>