<?xml version="1.0" encoding="utf-8"?><testsuites name="pytest tests"><testsuite name="pytest" errors="0" failures="0" skipped="0" tests="5" time="2.374" timestamp="2026-09-09T19:23:19.439737+05:30" hostname="Teja"><testcase classname="tests.test_learner_audit_invariants" name="test_declared_pf_can_unlock_planning_without_persisting_learning_evidence[0]" time="0.210" /><testcase classname="tests.test_learner_audit_invariants" name="test_declared_pf_can_unlock_planning_without_persisting_learning_evidence[7]" time="0.091" /><testcase classname="tests.test_learner_audit_invariants" name="test_declared_pf_can_unlock_planning_without_persisting_learning_evidence[9]" time="0.098" /><testcase classname="tests.test_learner_audit_invariants" name="test_declared_pf_can_unlock_planning_without_persisting_learning_evidence[10]" time="0.114" /><testcase classname="tests.test_learner_audit_invariants" name="test_global_content_cache_hit_does_not_invoke_gateway_or_write" time="0.003" /></testsuite></testsuites>