<?xml version="1.0" encoding="utf-8"?><testsuites name="pytest tests"><testsuite name="pytest" errors="4" failures="15" skipped="0" tests="293" time="12.096" timestamp="2026-09-09T19:19:26.473585+05:30" hostname="Teja"><testcase classname="" name="tests.test_roadmap_expansion" time="0.000"><error message="collection failure">tests\test_roadmap_expansion.py:9: in &lt;module&gt;
    with open("/app/frontend/.env") as f:
         ^^^^^^^^^^^^^^^^^^^^^^^^^^
E   FileNotFoundError: [Errno 2] No such file or directory: '/app/frontend/.env'</error><error message="collection failure">tests\test_roadmap_expansion.py:9: in &lt;module&gt;
    with open("/app/frontend/.env") as f:
         ^^^^^^^^^^^^^^^^^^^^^^^^^^
E   FileNotFoundError: [Errno 2] No such file or directory: '/app/frontend/.env'</error></testcase><testcase classname="" name="tests.test_roadmap_lld_hld_expansion" time="0.000"><error message="collection failure">tests\test_roadmap_lld_hld_expansion.py:9: in &lt;module&gt;
    with open("/app/frontend/.env") as f:
         ^^^^^^^^^^^^^^^^^^^^^^^^^^
E   FileNotFoundError: [Errno 2] No such file or directory: '/app/frontend/.env'</error><error message="collection failure">tests\test_roadmap_lld_hld_expansion.py:9: in &lt;module&gt;
    with open("/app/frontend/.env") as f:
         ^^^^^^^^^^^^^^^^^^^^^^^^^^
E   FileNotFoundError: [Errno 2] No such file or directory: '/app/frontend/.env'</error></testcase><testcase classname="tests.test_learning_engine" name="test_unlock_logic_respects_prerequisites" time="0.003" /><testcase classname="tests.test_phase6_reliability_security.TestErrorClassification" name="test_fast_path_class_name[AuthenticationError-invalid_key-401]" time="0.004" /><testcase classname="tests.test_learning_engine" name="test_get_unlocked_and_next_unlockable_nodes" time="0.012" /><testcase classname="tests.test_phase6_reliability_security.TestErrorClassification" name="test_fast_path_class_name[PermissionDeniedError-invalid_key-401]" time="0.002" /><testcase classname="tests.test_phase6_reliability_security.TestErrorClassification" name="test_fast_path_class_name[NotFoundError-model_not_found-404]" time="0.002" /><testcase classname="tests.test_phase6_reliability_security.TestErrorClassification" name="test_fast_path_class_name[RateLimitError-rate_limit-429]" time="0.002" /><testcase classname="tests.test_phase6_reliability_security.TestErrorClassification" name="test_fast_path_class_name[Timeout-timeout-504]" time="0.001" /><testcase classname="tests.test_learning_engine" name="test_first_time_beginner_starts_from_programming_fundamentals" time="0.257" /><testcase classname="tests.test_phase6_reliability_security.TestErrorClassification" name="test_fast_path_class_name[APITimeoutError-timeout-504]" time="0.001" /><testcase classname="tests.test_phase6_reliability_security.TestErrorClassification" name="test_fast_path_class_name[APIConnectionError-upstream-502]" time="0.001" /><testcase classname="tests.test_phase6_reliability_security.TestErrorClassification" name="test_fast_path_class_name[ServiceUnavailableError-upstream-502]" time="0.002" /><testcase classname="tests.test_phase6_reliability_security.TestErrorClassification" name="test_slow_path_regex[api_key_invalid-invalid_key]" time="0.001" /><testcase classname="tests.test_phase6_reliability_security.TestErrorClassification" name="test_slow_path_regex[401 Unauthorized-invalid_key]" time="0.001" /><testcase classname="tests.test_phase6_reliability_security.TestErrorClassification" name="test_slow_path_regex[Permission denied-invalid_key]" time="0.001" /><testcase classname="tests.test_phase6_reliability_security.TestErrorClassification" name="test_slow_path_regex[model not found-model_not_found]" time="0.002" /><testcase classname="tests.test_phase6_reliability_security.TestErrorClassification" name="test_slow_path_regex[Invalid model name-model_not_found]" time="0.001" /><testcase classname="tests.test_phase6_reliability_security.TestErrorClassification" name="test_slow_path_regex[404 unknown model-model_not_found]" time="0.002" /><testcase classname="tests.test_phase6_reliability_security.TestErrorClassification" name="test_slow_path_regex[rate limit exceeded-rate_limit]" time="0.002" /><testcase classname="tests.test_phase6_reliability_security.TestErrorClassification" name="test_slow_path_regex[Resource exhausted-rate_limit]" time="0.002" /><testcase classname="tests.test_phase6_reliability_security.TestErrorClassification" name="test_slow_path_regex[429 too many requests-rate_limit]" time="0.002" /><testcase classname="tests.test_phase6_reliability_security.TestErrorClassification" name="test_slow_path_regex[read timed out-timeout]" time="0.002" /><testcase classname="tests.test_phase6_reliability_security.TestErrorClassification" name="test_slow_path_regex[Connection refused-upstream]" time="0.002" /><testcase classname="tests.test_phase6_reliability_security.TestErrorClassification" name="test_slow_path_regex[503 Service unavailable-upstream]" time="0.002" /><testcase classname="tests.test_phase6_reliability_security.TestErrorClassification" name="test_unknown_fallback" time="0.001" /><testcase classname="tests.test_curriculum_sync_phase2_metadata" name="test_programming_fundamentals_is_the_root_subject" time="0.040" /><testcase classname="tests.test_curriculum_sync_phase2_metadata" name="test_generator_source_of_truth_matches_expected_dag" time="0.001" /><testcase classname="tests.test_curriculum_sync_phase2_metadata" name="test_canonical_subject_dependency_dag" time="0.002" /><testcase classname="tests.test_curriculum_sync_phase2_metadata" name="test_unlock_chain_is_exact_reverse_of_prerequisite_dag" time="0.002" /><testcase classname="tests.test_curriculum_sync_phase2_metadata" name="test_recommended_next_subjects_matches_unlocks" time="0.002" /><testcase classname="tests.test_curriculum_sync_phase2_metadata" name="test_no_broken_subject_references" time="0.002" /><testcase classname="tests.test_curriculum_sync_phase2_metadata" name="test_no_cycles_in_subject_prerequisite_graph" time="0.002" /><testcase classname="tests.test_curriculum_sync_phase2_metadata" name="test_every_module_has_complete_curriculum_sync_metadata" time="0.002" /><testcase classname="tests.test_curriculum_sync_phase2_metadata" name="test_every_topic_has_complete_curriculum_sync_metadata" time="0.003" /><testcase classname="tests.test_curriculum_sync_phase2_metadata" name="test_first_module_of_a_subject_links_to_every_prerequisite_subjects_last_module" time="0.002" /><testcase classname="tests.test_curriculum_sync_phase2_metadata" name="test_isolated_subjects_have_no_academic_prerequisite_edges" time="0.002" /><testcase classname="tests.test_curriculum_sync_phase2_metadata" name="test_academic_subjects_never_reference_isolated_subjects" time="0.003" /><testcase classname="tests.test_curriculum_sync_phase2_metadata" name="test_language_support_metadata_is_future_ready" time="0.002" /><testcase classname="tests.test_curriculum_sync_phase2_metadata" name="test_existing_prerequisites_field_is_untouched_by_phase2_metadata" time="0.006" /><testcase classname="tests.test_curriculum_sync_phase2_metadata" name="test_roadmap_generation_is_deterministic_across_processes" time="0.632" /><testcase classname="tests.test_learning_engine" name="test_onboarding_self_assessment_accepts_zero_as_no_knowledge" time="0.001" /><testcase classname="tests.test_learning_engine" name="test_ranking_prefers_low_confidence_and_high_weakness" time="0.001" /><testcase classname="tests.test_learning_engine" name="test_planner_returns_revision_before_other_candidates" time="0.010" /><testcase classname="tests.test_learning_engine" name="test_builder_output_shape" time="0.001" /><testcase classname="tests.test_learning_engine" name="test_planner_builds_support_and_core_recommendations_from_roadmap" time="0.092" /><testcase classname="tests.test_learning_engine" name="test_revision_selection_uses_due_reviews" time="0.001" /><testcase classname="tests.test_learning_engine" name="test_mission_engine_uses_learning_recommendation_when_provided" time="0.132" /><testcase classname="tests.test_learning_engine" name="test_mission_engine_does_not_use_legacy_selection_when_recommendation_is_provided" time="0.135" /><testcase classname="tests.test_learning_engine" name="test_mission_engine_uses_support_recommendation_when_provided" time="0.006" /><testcase classname="tests.test_learning_engine" name="test_mission_engine_does_not_fallback_to_legacy_support_topic_when_track_is_valid_but_no_unlocked_node" time="0.002" /><testcase classname="tests.test_learning_engine" name="test_mission_engine_does_not_fallback_to_legacy_core_topic_when_no_unlocked_core_node_available" time="0.002" /><testcase classname="tests.test_learning_engine" name="test_mission_engine_preserves_existing_selection_when_recommendation_is_none" time="0.002" /><testcase classname="tests.test_learning_engine" name="test_revision_task_node_id_propagates" time="0.002" /><testcase classname="tests.test_phase6_reliability_security.TestSecretScrubbing" name="test_openai_key_redacted" time="0.001" /><testcase classname="tests.test_phase6_reliability_security.TestSecretScrubbing" name="test_openrouter_key_redacted" time="0.001" /><testcase classname="tests.test_phase6_reliability_security.TestSecretScrubbing" name="test_google_api_key_redacted" time="0.001" /><testcase classname="tests.test_phase6_reliability_security.TestSecretScrubbing" name="test_bearer_token_redacted" time="0.002" /><testcase classname="tests.test_phase6_reliability_security.TestSecretScrubbing" name="test_generic_api_key_value_redacted" time="0.001" /><testcase classname="tests.test_phase6_reliability_security.TestSecretScrubbing" name="test_generic_token_value_redacted" time="0.001" /><testcase classname="tests.test_phase6_reliability_security.TestSecretScrubbing" name="test_generic_secret_value_redacted" time="0.001" /><testcase classname="tests.test_phase6_reliability_security.TestSecretScrubbing" name="test_password_value_redacted" time="0.001" /><testcase classname="tests.test_phase6_reliability_security.TestSecretScrubbing" name="test_non_secret_text_preserved" time="0.002" /><testcase classname="tests.test_phase6_reliability_security.TestSecretScrubbing" name="test_mixed_secret_and_diagnostic_text" time="0.001" /><testcase classname="tests.test_phase5_consumer_hardening.TestCapabilityToTierRouting" name="test_capability_resolves_to_expected_tier[mentor_chat-fast]" time="0.001" /><testcase classname="tests.test_phase5_consumer_hardening.TestCapabilityToTierRouting" name="test_capability_resolves_to_expected_tier[knowledge_generation-standard]" time="0.002" /><testcase classname="tests.test_phase5_consumer_hardening.TestCapabilityToTierRouting" name="test_capability_resolves_to_expected_tier[mentor_lesson-standard]" time="0.001" /><testcase classname="tests.test_phase5_consumer_hardening.TestCapabilityToTierRouting" name="test_capability_resolves_to_expected_tier[mission_narrative-fast]" time="0.002" /><testcase classname="tests.test_phase5_consumer_hardening.TestCapabilityToTierRouting" name="test_capability_resolves_to_expected_tier[assessment_content-deep]" time="0.001" /><testcase classname="tests.test_phase5_consumer_hardening.TestCapabilityToTierRouting" name="test_model_used_matches_tier_through_gateway[mentor_chat-fast]" time="0.003" /><testcase classname="tests.test_phase5_consumer_hardening.TestCapabilityToTierRouting" name="test_model_used_matches_tier_through_gateway[knowledge_generation-standard]" time="0.003" /><testcase classname="tests.test_phase5_consumer_hardening.TestCapabilityToTierRouting" name="test_model_used_matches_tier_through_gateway[mission_narrative-fast]" time="0.004" /><testcase classname="tests.test_phase5_consumer_hardening.TestCapabilityToTierRouting" name="test_model_used_matches_tier_through_gateway[assessment_content-deep]" time="0.004" /><testcase classname="tests.test_effective_completion_verification" name="test_pf_below_threshold_does_not_effectively_complete" time="0.011" /><testcase classname="tests.test_effective_completion_verification" name="test_pf_at_threshold_effectively_completes" time="0.011" /><testcase classname="tests.test_effective_completion_verification" name="test_pf_zero_does_not_effectively_complete" time="0.007" /><testcase classname="tests.test_effective_completion_verification" name="test_downstream_subjects_blocked_when_only_pf_effective" time="0.018" /><testcase classname="tests.test_effective_completion_verification" name="test_lld_hld_remain_locked_with_partial_effective_completion" time="0.016" /><testcase classname="tests.test_curriculum_sync_phase2_metadata" name="test_total_node_count_unchanged_by_regeneration" time="0.002" /><testcase classname="tests.test_effective_completion_verification" name="test_independent_tracks_always_eligible" time="0.021" /><testcase classname="tests.test_company_context_phase2a.TestCompanyContextCreation" name="test_single_company" time="0.031" /><testcase classname="tests.test_effective_completion_verification" name="test_eligibility_and_sessions_agree_on_java_availability" time="0.126" /><testcase classname="tests.test_company_context_phase2a.TestCompanyContextCreation" name="test_multiple_companies_preserve_order_and_dedupe" time="0.004" /><testcase classname="tests.test_company_context_phase2a.TestCompanyContextCreation" name="test_case_insensitive_and_trims" time="0.003" /><testcase classname="tests.test_company_context_phase2a.TestCompanyContextCreation" name="test_empty_selection_is_empty_context" time="0.003" /><testcase classname="tests.test_company_context_phase2a.TestCompanyContextCreation" name="test_unknown_ids_tracked_not_raised" time="0.002" /><testcase classname="tests.test_company_context_phase2a.TestCompanyContextCreation" name="test_all_unknown_yields_empty" time="0.002" /><testcase classname="tests.test_company_context_phase2a.TestCompanyContextCreation" name="test_normalized_planner_accessors" time="0.002" /><testcase classname="tests.test_company_context_phase2a.TestCompanyContextCreation" name="test_adobe_signals_variant" time="0.003" /><testcase classname="tests.test_company_context_phase2a.TestCompanyContextCreation" name="test_never_exposes_raw_sections" time="0.003" /><testcase classname="tests.test_company_context_phase2a.TestCompanyContextCreation" name="test_loader_failure_degrades_to_unknown" time="0.002" /><testcase classname="tests.test_interview_pacing" name="test_pacing_state_180_days_is_on_track" time="0.002" /><testcase classname="tests.test_interview_pacing" name="test_pacing_state_45_days_is_accelerated" time="0.002" /><testcase classname="tests.test_interview_pacing" name="test_pacing_state_15_days_is_critical" time="0.002" /><testcase classname="tests.test_interview_pacing" name="test_mission_practice_count_still_driven_by_study_hours_at_same_urgency" time="0.262"><failure message="AssertionError: assert 3 &lt; 3&#10; +  where 3 = MissionTask(id='542aaece-7e55-4379-9b05-00a2690a25d5', title='Solve 3 Two Pointers problems', kind='practice', topic='...leted=False, completed_at=None, pattern='two_pointers', problem_count=3, node_id='dsa.foundations.two_pointers.basics').problem_count&#10; +  and   3 = MissionTask(id='4934b466-88a0-4998-9d74-1f9e0cf73357', title='Solve 3 Two Pointers problems', kind='practice', topic='...leted=False, completed_at=None, pattern='two_pointers', problem_count=3, node_id='dsa.foundations.two_pointers.basics').problem_count">tests\test_interview_pacing.py:84: in test_mission_practice_count_still_driven_by_study_hours_at_same_urgency
    assert low_practice.problem_count &lt; high_practice.problem_count
E   AssertionError: assert 3 &lt; 3
E    +  where 3 = MissionTask(id='542aaece-7e55-4379-9b05-00a2690a25d5', title='Solve 3 Two Pointers problems', kind='practice', topic='...leted=False, completed_at=None, pattern='two_pointers', problem_count=3, node_id='dsa.foundations.two_pointers.basics').problem_count
E    +  and   3 = MissionTask(id='4934b466-88a0-4998-9d74-1f9e0cf73357', title='Solve 3 Two Pointers problems', kind='practice', topic='...leted=False, completed_at=None, pattern='two_pointers', problem_count=3, node_id='dsa.foundations.two_pointers.basics').problem_count</failure></testcase><testcase classname="tests.test_effective_completion_verification" name="test_eligibility_and_sessions_agree_java_locked_at_pf0" time="0.078" /><testcase classname="tests.test_company_aware_planner_phase2b.TestScoringEngine" name="test_google_dsa_signal_positive" time="0.016" /><testcase classname="tests.test_company_aware_planner_phase2b.TestScoringEngine" name="test_company_specific_differences" time="0.008" /><testcase classname="tests.test_company_aware_planner_phase2b.TestScoringEngine" name="test_multiple_companies_average" time="0.002" /><testcase classname="tests.test_company_aware_planner_phase2b.TestScoringEngine" name="test_experience_level_suppresses_design_for_new_grad" time="0.001" /><testcase classname="tests.test_company_aware_planner_phase2b.TestScoringEngine" name="test_confidence_scales_signal" time="0.001" /><testcase classname="tests.test_company_aware_planner_phase2b.TestScoringEngine" name="test_empty_context_zero" time="0.001" /><testcase classname="tests.test_company_aware_planner_phase2b.TestScoringEngine" name="test_unknown_subject_neutral_not_crash" time="0.002" /><testcase classname="tests.test_company_aware_planner_phase2b.TestScoringEngine" name="test_deterministic" time="0.002" /><testcase classname="tests.test_recommendation_insight" name="test_roi_is_derived_from_the_real_prerequisite_graph" time="0.001" /><testcase classname="tests.test_recommendation_insight" name="test_insight_explanation_matches_the_ranking_breakdown_exactly" time="0.001" /><testcase classname="tests.test_recommendation_insight" name="test_highlights_are_generated_dynamically_not_hardcoded" time="0.001" /><testcase classname="tests.test_recommendation_insight" name="test_different_companies_produce_different_explanations" time="0.001" /><testcase classname="tests.test_recommendation_insight" name="test_forecast_changes_when_study_hours_change" time="0.001" /><testcase classname="tests.test_recommendation_insight" name="test_forecast_changes_when_interview_date_changes" time="0.001" /><testcase classname="tests.test_recommendation_insight" name="test_planner_recommendation_still_backward_compatible_and_now_carries_insight" time="0.073" /><testcase classname="tests.test_recommendation_insight" name="test_planner_without_new_params_is_still_a_no_op_default" time="0.094" /><testcase classname="tests.test_interview_pacing" name="test_high_urgency_uses_same_daily_capacity_more_aggressively" time="0.316" /><testcase classname="tests.test_problem_selector" name="test_deterministic" time="0.001" /><testcase classname="tests.test_problem_selector" name="test_unknown_pattern_is_empty_not_fallback" time="0.002" /><testcase classname="tests.test_problem_selector" name="test_stage_is_never_mixed" time="0.001" /><testcase classname="tests.test_problem_selector" name="test_adaptive_volume" time="0.001" /><testcase classname="tests.test_problem_selector" name="test_arena_and_assessment_are_disjoint" time="0.002" /><testcase classname="tests.test_problem_selector" name="test_exclusions_are_respected" time="0.002" /><testcase classname="tests.test_problem_selector" name="test_assessment_overflow_uses_practice_library_without_duplicating_arena" time="0.002" /><testcase classname="tests.test_problem_selector" name="test_arena_never_pulls_from_practice_library" time="0.001" /><testcase classname="tests.test_phase6_reliability_security.TestClassifyErrorSecretScrubbing" name="test_unknown_error_with_api_key_is_scrubbed" time="0.001" /><testcase classname="tests.test_phase6_reliability_security.TestClassifyErrorSecretScrubbing" name="test_unknown_error_with_bearer_token_is_scrubbed" time="0.001" /><testcase classname="tests.test_phase6_reliability_security.TestClassifyErrorSecretScrubbing" name="test_unknown_error_with_google_key_is_scrubbed" time="0.001" /><testcase classname="tests.test_phase6_reliability_security.TestClassifyErrorSecretScrubbing" name="test_known_auth_error_uses_safe_message" time="0.001" /><testcase classname="tests.test_phase6_reliability_security.TestClassifyErrorSecretScrubbing" name="test_fallback_preserves_safe_diagnostic_info" time="0.002" /><testcase classname="tests.test_phase6_reliability_security.TestClassifyErrorSecretScrubbing" name="test_multiline_error_uses_first_line_only" time="0.002" /><testcase classname="tests.test_phase6_reliability_security.TestClassifyErrorSecretScrubbing" name="test_long_error_is_truncated" time="0.002" /><testcase classname="tests.test_effective_prerequisite_completion" name="test_pf9_effective_completion_is_consistent" time="0.009" /><testcase classname="tests.test_effective_prerequisite_completion" name="test_pf0_keeps_java_locked" time="0.009" /><testcase classname="tests.test_effective_prerequisite_completion" name="test_e2e_pf9_java1_resolves_to_java" time="0.068" /><testcase classname="tests.test_effective_prerequisite_completion" name="test_e2e_pf0_resolves_to_pf" time="0.042" /><testcase classname="tests.test_effective_prerequisite_completion" name="test_effective_completion_does_not_mutate_actual_state" time="0.011" /><testcase classname="tests.test_effective_prerequisite_completion" name="test_actual_java_completion_unlocks_dsa" time="0.010" /><testcase classname="tests.test_phase6_reliability_security.TestFailoverSemantics" name="test_A_openrouter_succeeds" time="0.002" /><testcase classname="tests.test_phase6_reliability_security.TestFailoverSemantics" name="test_B_model_not_found_advances_candidate" time="0.005" /><testcase classname="tests.test_interview_pacing" name="test_ranking_urgency_prioritizes_interview_value_and_shorter_nodes" time="0.001" /><testcase classname="tests.test_interview_pacing" name="test_missing_interview_date_pacing_state_is_a_noop" time="0.001" /><testcase classname="tests.test_phase6_reliability_security.TestFailoverSemantics" name="test_C_openrouter_exhausted_gemini_fallback" time="0.005" /><testcase classname="tests.test_interview_pacing" name="test_missing_interview_date_falls_back_to_current_mission_behavior" time="0.275" /><testcase classname="tests.test_phase6_reliability_security.TestFailoverSemantics" name="test_D_retryable_failure_retries" time="0.007" /><testcase classname="tests.test_phase6_reliability_security.TestFailoverSemantics" name="test_E_non_retryable_skips_retry" time="0.004" /><testcase classname="tests.test_phase6_reliability_security.TestFailoverSemantics" name="test_F_all_providers_fail" time="0.003" /><testcase classname="tests.test_phase5_consumer_hardening.TestProviderSdkCoupling" name="test_consumer_does_not_import_provider_sdks[knowledge_generation]" time="0.008" /><testcase classname="tests.test_phase5_consumer_hardening.TestProviderSdkCoupling" name="test_consumer_does_not_import_provider_sdks[ai_mentor.mentor_service]" time="0.020" /><testcase classname="tests.test_phase5_consumer_hardening.TestProviderSdkCoupling" name="test_consumer_does_not_import_provider_sdks[ai_mentor.mission_planner]" time="0.004" /><testcase classname="tests.test_phase5_consumer_hardening.TestProviderSdkCoupling" name="test_consumer_does_not_import_provider_sdks[prompt_builder]" time="0.003" /><testcase classname="tests.test_phase5_consumer_hardening.TestProviderSdkCoupling" name="test_consumers_import_only_ai_service" time="0.002" /><testcase classname="tests.test_phase6_reliability_security.TestRetrySemantics" name="test_retryable_error_retries_exact_count" time="0.006" /><testcase classname="tests.test_phase6_reliability_security.TestRetrySemantics" name="test_non_retryable_error_does_not_retry" time="0.003" /><testcase classname="tests.test_phase6_reliability_security.TestRetrySemantics" name="test_retry_succeeds_on_second_attempt" time="0.005" /><testcase classname="tests.test_phase6_reliability_security.TestRetrySemantics" name="test_backoff_is_bounded" time="0.004" /><testcase classname="tests.test_phase6_reliability_security.TestRetrySemantics" name="test_retryable_kinds_match_expected_set" time="0.001" /><testcase classname="tests.test_universal_node_actions" name="test_topic_meta_covers_every_real_roadmap_track" time="0.001" /><testcase classname="tests.test_universal_node_actions" name="test_support_task_for_behavioral_track_gets_a_node_id_via_fallback_selection" time="0.153" /><testcase classname="tests.test_universal_node_actions" name="test_support_task_for_dsa_track_still_works_unchanged" time="0.148" /><testcase classname="tests.test_assessment_li_integration_phase3b.TestProcessing" name="test_confidence_increase_on_success" time="0.079"><failure message="fastapi.exceptions.HTTPException: 400: No coding problem could be selected for the given context. It may be exhausted or invalid.">tests\test_assessment_li_integration_phase3b.py:73: in test_confidence_increase_on_success
    u = process_evidence(_evidence(solved=True), user_id="u1")
                         ^^^^^^^^^^^^^^^^^^^^^^
tests\test_assessment_li_integration_phase3b.py:29: in _evidence
    q = generate_coding_assessment(roadmap_node_id=node, difficulty="medium", target_company="google")
        ^^^^^^^^^^^^^^^^^^^^^^^^^^^^^^^^^^^^^^^^^^^^^^^^^^^^^^^^^^^^^^^^^^^^^^^^^^^^^^^^^^^^^^^^^^^^^^
assessment\assessment_generator.py:105: in generate_coding_assessment
    raise HTTPException(
E   fastapi.exceptions.HTTPException: 400: No coding problem could be selected for the given context. It may be exhausted or invalid.</failure></testcase><testcase classname="tests.test_assessment_li_integration_phase3b.TestProcessing" name="test_confidence_decrease_on_failure" time="0.002"><failure message="fastapi.exceptions.HTTPException: 400: No coding problem could be selected for the given context. It may be exhausted or invalid.">tests\test_assessment_li_integration_phase3b.py:81: in test_confidence_decrease_on_failure
    u = process_evidence(_evidence(solved=False), user_id="u1")
                         ^^^^^^^^^^^^^^^^^^^^^^^
tests\test_assessment_li_integration_phase3b.py:29: in _evidence
    q = generate_coding_assessment(roadmap_node_id=node, difficulty="medium", target_company="google")
        ^^^^^^^^^^^^^^^^^^^^^^^^^^^^^^^^^^^^^^^^^^^^^^^^^^^^^^^^^^^^^^^^^^^^^^^^^^^^^^^^^^^^^^^^^^^^^^
assessment\assessment_generator.py:105: in generate_coding_assessment
    raise HTTPException(
E   fastapi.exceptions.HTTPException: 400: No coding problem could be selected for the given context. It may be exhausted or invalid.</failure></testcase><testcase classname="tests.test_assessment_li_integration_phase3b.TestProcessing" name="test_only_learner_state_fields" time="0.002"><failure message="fastapi.exceptions.HTTPException: 400: No coding problem could be selected for the given context. It may be exhausted or invalid.">tests\test_assessment_li_integration_phase3b.py:91: in test_only_learner_state_fields
    u = process_evidence(_evidence(), user_id="u1")
                         ^^^^^^^^^^^
tests\test_assessment_li_integration_phase3b.py:29: in _evidence
    q = generate_coding_assessment(roadmap_node_id=node, difficulty="medium", target_company="google")
        ^^^^^^^^^^^^^^^^^^^^^^^^^^^^^^^^^^^^^^^^^^^^^^^^^^^^^^^^^^^^^^^^^^^^^^^^^^^^^^^^^^^^^^^^^^^^^^
assessment\assessment_generator.py:105: in generate_coding_assessment
    raise HTTPException(
E   fastapi.exceptions.HTTPException: 400: No coding problem could be selected for the given context. It may be exhausted or invalid.</failure></testcase><testcase classname="tests.test_universal_node_actions" name="test_every_track_produces_atomic_learning_nodes_not_just_dsa_and_lld" time="0.003" /><testcase classname="tests.test_universal_node_actions" name="test_leaf_topic_nodes_are_unlockable_and_lookup_by_id_works" time="0.002" /><testcase classname="tests.test_mission_context" name="test_coding_node_builds_coding_context_and_opens_arena" time="0.002" /><testcase classname="tests.test_mission_context" name="test_study_node_opens_kb_and_has_no_representative_problems" time="0.002" /><testcase classname="tests.test_mission_context" name="test_representative_problems_never_leak_other_topics_or_stages" time="0.002" /><testcase classname="tests.test_mission_context" name="test_unknown_node_returns_none" time="0.002" /><testcase classname="tests.test_assessment_li_integration_phase3b.TestProcessing" name="test_deterministic" time="0.002"><failure message="fastapi.exceptions.HTTPException: 400: No coding problem could be selected for the given context. It may be exhausted or invalid.">tests\test_assessment_li_integration_phase3b.py:98: in test_deterministic
    ev = _evidence(solved=True)
         ^^^^^^^^^^^^^^^^^^^^^^
tests\test_assessment_li_integration_phase3b.py:29: in _evidence
    q = generate_coding_assessment(roadmap_node_id=node, difficulty="medium", target_company="google")
        ^^^^^^^^^^^^^^^^^^^^^^^^^^^^^^^^^^^^^^^^^^^^^^^^^^^^^^^^^^^^^^^^^^^^^^^^^^^^^^^^^^^^^^^^^^^^^^
assessment\assessment_generator.py:105: in generate_coding_assessment
    raise HTTPException(
E   fastapi.exceptions.HTTPException: 400: No coding problem could be selected for the given context. It may be exhausted or invalid.</failure></testcase><testcase classname="tests.test_mission_context" name="test_context_is_json_serialisable" time="0.002" /><testcase classname="tests.test_mission_context_cta" name="test_cta_rules_match_frozen_contract" time="0.002" /><testcase classname="tests.test_mission_context_cta" name="test_cta_labels_present" time="0.001" /><testcase classname="tests.test_mission_context_cta" name="test_cta_none_for_missing_activity" time="0.001" /><testcase classname="tests.test_mission_context_cta" name="test_study_node_projects_to_knowledge_base_cta" time="0.002" /><testcase classname="tests.test_mission_context_cta" name="test_coding_node_projects_to_arena_cta" time="0.002" /><testcase classname="tests.test_assessment_li_integration_phase3b.TestProcessing" name="test_type_agnostic_accepts_plain_dict" time="0.002" /><testcase classname="tests.test_learner_intelligence_phase2c.TestWeaknessStability" name="test_persistent" time="0.003" /><testcase classname="tests.test_learner_intelligence_phase2c.TestTrendAnalysis" name="test_split_mean_delta_rising" time="0.002" /><testcase classname="tests.test_learner_intelligence_phase2c.TestWeaknessStability" name="test_recovered" time="0.002" /><testcase classname="tests.test_learner_intelligence_phase2c.TestTrendAnalysis" name="test_split_mean_delta_short_series_is_flat" time="0.002" /><testcase classname="tests.test_learner_intelligence_phase2c.TestTrendAnalysis" name="test_classify_bands" time="0.002" /><testcase classname="tests.test_learner_intelligence_phase2c.TestWeaknessStability" name="test_recurring" time="0.003" /><testcase classname="tests.test_learner_intelligence_phase2c.TestWeaknessStability" name="test_temporary" time="0.003" /><testcase classname="tests.test_learner_intelligence_phase2c.TestTrendAnalysis" name="test_determinism" time="0.002" /><testcase classname="tests.test_phase5_consumer_hardening.TestErrorBoundary" name="test_runtime_error_classified_to_ai_provider_error" time="3.577" /><testcase classname="tests.test_learner_intelligence_phase2c.TestFallbackAndRegression" name="test_engine_never_raises_on_garbage" time="0.010" /><testcase classname="tests.test_learner_intelligence_phase2c.TestFallbackAndRegression" name="test_empty_input_is_empty_snapshot" time="0.001" /><testcase classname="tests.test_learner_intelligence_phase2c.TestFallbackAndRegression" name="test_scoring_unchanged_without_learner_context" time="0.074" /><testcase classname="tests.test_learner_intelligence_phase2c.TestFallbackAndRegression" name="test_snapshot_is_deterministic" time="0.002" /><testcase classname="tests.test_mission_roadmap_catalog" name="test_mission_catalog_is_the_roadmap_catalog_for_supported_tracks" time="0.002" /><testcase classname="tests.test_mission_roadmap_catalog" name="test_mission_catalog_exposes_roadmap_content_outside_the_legacy_mvp_list" time="0.002" /><testcase classname="tests.test_mission_roadmap_catalog" name="test_candidate_ranking_prefers_unlocked_topics_before_progress_signals" time="0.002" /><testcase classname="tests.test_mission_roadmap_catalog" name="test_candidate_ranking_uses_seeded_rng_for_exact_ties" time="0.002"><failure message="AssertionError: assert {'id': 'first...: 'available'} == {'id': 'secon...: 'available'}&#10;  &#10;  Omitting 2 identical items, use -vv to show&#10;  Differing items:&#10;  {'id': 'first'} != {'id': 'second'}&#10;  {'label': 'First'} != {'label': 'Second'}&#10;  Use -v to get more diff">tests\test_mission_roadmap_catalog.py:65: in test_candidate_ranking_uses_seeded_rng_for_exact_ties
    assert actual == expected
E   AssertionError: assert {'id': 'first...: 'available'} == {'id': 'secon...: 'available'}
E     
E     Omitting 2 identical items, use -vv to show
E     Differing items:
E     {'id': 'first'} != {'id': 'second'}
E     {'label': 'First'} != {'label': 'Second'}
E     Use -v to get more diff</failure></testcase><testcase classname="tests.test_planner_ranking_integration" name="test_planner_pick_equals_ranking_winner_for_eligible_candidates" time="0.285" /><testcase classname="tests.test_planner_ranking_integration" name="test_roadmap_order_does_not_override_ranking" time="0.087" /><testcase classname="tests.test_planner_ranking_integration" name="test_company_signal_differentiates_planner_picks" time="0.193" /><testcase classname="tests.test_company_aware_planner_phase2b.TestPlannerIntegration" name="test_ci_adds_positive_term_when_enabled" time="0.002" /><testcase classname="tests.test_company_aware_planner_phase2b.TestPlannerIntegration" name="test_ci_never_dominates_learner_signal" time="0.002" /><testcase classname="tests.test_company_aware_planner_phase2b.TestPlannerIntegration" name="test_explainability_present_in_breakdown" time="0.002" /><testcase classname="tests.test_company_aware_planner_phase2b.TestFallback" name="test_enabled_but_unknown_company_falls_back" time="0.002" /><testcase classname="tests.test_company_aware_planner_phase2b.TestFallback" name="test_disabled_adds_no_ci_term" time="0.002" /><testcase classname="tests.test_company_aware_planner_phase2b.TestFallback" name="test_no_target_companies_no_ci" time="0.001" /><testcase classname="tests.test_company_context_phase2a.TestLearnerContextIntegration" name="test_company_context_attached_from_target_companies" time="0.002" /><testcase classname="tests.test_company_context_phase2a.TestLearnerContextIntegration" name="test_empty_companies_still_gets_empty_context" time="0.002" /><testcase classname="tests.test_company_context_phase2a.TestLearnerContextIntegration" name="test_explicit_company_context_is_respected" time="0.001" /><testcase classname="tests.test_learner_intelligence_phase2c.TestVelocity" name="test_accelerating_velocity" time="0.002" /><testcase classname="tests.test_learner_intelligence_phase2c.TestVelocity" name="test_decelerating_velocity" time="0.002" /><testcase classname="tests.test_learner_intelligence_phase2c.TestVelocity" name="test_no_dates_zero_velocity" time="0.001" /><testcase classname="tests.test_learner_intelligence_phase2c.TestConsistency" name="test_streak_and_consistency" time="0.002" /><testcase classname="tests.test_learner_intelligence_phase2c.TestConsistency" name="test_streak_counts_from_yesterday_if_today_idle" time="0.001" /><testcase classname="tests.test_learner_intelligence_phase2c.TestConsistency" name="test_skipped_count_tracked" time="0.001" /><testcase classname="tests.test_learner_intelligence_phase2c.TestMasteryTrend" name="test_mastered" time="0.001" /><testcase classname="tests.test_learner_intelligence_phase2c.TestMasteryTrend" name="test_regressing" time="0.001" /><testcase classname="tests.test_learner_intelligence_phase2c.TestMasteryTrend" name="test_plateau_vs_improving" time="0.001" /><testcase classname="tests.test_learner_intelligence_phase2c.TestDifficultyAdaptation" name="test_decrease_when_struggling" time="0.002" /><testcase classname="tests.test_learner_intelligence_phase2c.TestDifficultyAdaptation" name="test_increase_when_progressing" time="0.002" /><testcase classname="tests.test_learner_intelligence_phase2c.TestDifficultyAdaptation" name="test_maintain_default" time="0.001" /><testcase classname="tests.test_learner_intelligence_phase2c.TestPlannerAdapter" name="test_weak_track_node_gets_positive_signal" time="0.002" /><testcase classname="tests.test_learner_intelligence_phase2c.TestPlannerAdapter" name="test_signal_is_bounded" time="0.001" /><testcase classname="tests.test_learner_intelligence_phase2c.TestPlannerAdapter" name="test_empty_snapshot_returns_zero" time="0.001" /><testcase classname="tests.test_learner_intelligence_phase2c.TestPlannerIntegration" name="test_enabled_changes_score" time="0.002" /><testcase classname="tests.test_learner_intelligence_phase2c.TestPlannerIntegration" name="test_disabled_is_byte_identical_to_no_context_term" time="0.002" /><testcase classname="tests.test_learner_intelligence_phase2c.TestPlannerIntegration" name="test_does_not_dominate_knowledge_gap" time="0.002" /><testcase classname="tests.test_learner_intelligence_phase2c.TestExplainability" name="test_snapshot_summary_reasons" time="0.001" /><testcase classname="tests.test_learner_intelligence_phase2c.TestExplainability" name="test_empty_snapshot_summary_unavailable" time="0.001" /><testcase classname="tests.test_learner_intelligence_phase2c.TestExplainability" name="test_contributions_summary_ordered" time="0.001" /><testcase classname="tests.test_assessment_li_integration_phase3b.TestValidation" name="test_none_rejected" time="0.001" /><testcase classname="tests.test_assessment_li_integration_phase3b.TestValidation" name="test_missing_fields_rejected" time="0.002" /><testcase classname="tests.test_assessment_li_integration_phase3b.TestValidation" name="test_valid_passes" time="0.063"><failure message="fastapi.exceptions.HTTPException: 400: No coding problem could be selected for the given context. It may be exhausted or invalid.">tests\test_assessment_li_integration_phase3b.py:67: in test_valid_passes
    validate_evidence(_evidence())  # no raise
                      ^^^^^^^^^^^
tests\test_assessment_li_integration_phase3b.py:29: in _evidence
    q = generate_coding_assessment(roadmap_node_id=node, difficulty="medium", target_company="google")
        ^^^^^^^^^^^^^^^^^^^^^^^^^^^^^^^^^^^^^^^^^^^^^^^^^^^^^^^^^^^^^^^^^^^^^^^^^^^^^^^^^^^^^^^^^^^^^^
assessment\assessment_generator.py:105: in generate_coding_assessment
    raise HTTPException(
E   fastapi.exceptions.HTTPException: 400: No coding problem could be selected for the given context. It may be exhausted or invalid.</failure></testcase><testcase classname="tests.test_assessment_li_integration_phase3b.TestImmutabilityAndHistory" name="test_update_is_immutable" time="0.001"><failure message="fastapi.exceptions.HTTPException: 400: No coding problem could be selected for the given context. It may be exhausted or invalid.">tests\test_assessment_li_integration_phase3b.py:141: in test_update_is_immutable
    u = process_evidence(_evidence(), user_id="u1")
                         ^^^^^^^^^^^
tests\test_assessment_li_integration_phase3b.py:29: in _evidence
    q = generate_coding_assessment(roadmap_node_id=node, difficulty="medium", target_company="google")
        ^^^^^^^^^^^^^^^^^^^^^^^^^^^^^^^^^^^^^^^^^^^^^^^^^^^^^^^^^^^^^^^^^^^^^^^^^^^^^^^^^^^^^^^^^^^^^^
assessment\assessment_generator.py:105: in generate_coding_assessment
    raise HTTPException(
E   fastapi.exceptions.HTTPException: 400: No coding problem could be selected for the given context. It may be exhausted or invalid.</failure></testcase><testcase classname="tests.test_assessment_li_integration_phase3b.TestImmutabilityAndHistory" name="test_from_dict_roundtrip" time="0.002"><failure message="fastapi.exceptions.HTTPException: 400: No coding problem could be selected for the given context. It may be exhausted or invalid.">tests\test_assessment_li_integration_phase3b.py:146: in test_from_dict_roundtrip
    u = process_evidence(_evidence(), user_id="u1")
                         ^^^^^^^^^^^
tests\test_assessment_li_integration_phase3b.py:29: in _evidence
    q = generate_coding_assessment(roadmap_node_id=node, difficulty="medium", target_company="google")
        ^^^^^^^^^^^^^^^^^^^^^^^^^^^^^^^^^^^^^^^^^^^^^^^^^^^^^^^^^^^^^^^^^^^^^^^^^^^^^^^^^^^^^^^^^^^^^^
assessment\assessment_generator.py:105: in generate_coding_assessment
    raise HTTPException(
E   fastapi.exceptions.HTTPException: 400: No coding problem could be selected for the given context. It may be exhausted or invalid.</failure></testcase><testcase classname="tests.test_assessment_li_integration_phase3b.TestImmutabilityAndHistory" name="test_append_only_ingest" time="0.002"><failure message="fastapi.exceptions.HTTPException: 400: No coding problem could be selected for the given context. It may be exhausted or invalid.">tests\test_assessment_li_integration_phase3b.py:152: in test_append_only_ingest
    ev1, ev2 = _evidence(solved=True), _evidence(solved=False)
               ^^^^^^^^^^^^^^^^^^^^^^
tests\test_assessment_li_integration_phase3b.py:29: in _evidence
    q = generate_coding_assessment(roadmap_node_id=node, difficulty="medium", target_company="google")
        ^^^^^^^^^^^^^^^^^^^^^^^^^^^^^^^^^^^^^^^^^^^^^^^^^^^^^^^^^^^^^^^^^^^^^^^^^^^^^^^^^^^^^^^^^^^^^^
assessment\assessment_generator.py:105: in generate_coding_assessment
    raise HTTPException(
E   fastapi.exceptions.HTTPException: 400: No coding problem could be selected for the given context. It may be exhausted or invalid.</failure></testcase><testcase classname="tests.test_assessment_li_integration_phase3b.TestLearnerState" name="test_aggregation_per_node" time="0.001"><failure message="fastapi.exceptions.HTTPException: 400: No coding problem could be selected for the given context. It may be exhausted or invalid.">tests\test_assessment_li_integration_phase3b.py:165: in test_aggregation_per_node
    u_ok = process_evidence(_evidence(solved=True), user_id="u1")
                            ^^^^^^^^^^^^^^^^^^^^^^
tests\test_assessment_li_integration_phase3b.py:29: in _evidence
    q = generate_coding_assessment(roadmap_node_id=node, difficulty="medium", target_company="google")
        ^^^^^^^^^^^^^^^^^^^^^^^^^^^^^^^^^^^^^^^^^^^^^^^^^^^^^^^^^^^^^^^^^^^^^^^^^^^^^^^^^^^^^^^^^^^^^^
assessment\assessment_generator.py:105: in generate_coding_assessment
    raise HTTPException(
E   fastapi.exceptions.HTTPException: 400: No coding problem could be selected for the given context. It may be exhausted or invalid.</failure></testcase><testcase classname="tests.test_assessment_li_integration_phase3b.TestLearnerState" name="test_empty_state" time="0.001" /><testcase classname="tests.test_assessment_li_integration_phase3b.TestLearnerState" name="test_deterministic_sorted" time="0.001"><failure message="fastapi.exceptions.HTTPException: 400: No coding problem could be selected for the given context. It may be exhausted or invalid.">tests\test_assessment_li_integration_phase3b.py:181: in test_deterministic_sorted
    a = process_evidence(_evidence(node="dsa.arrays.core"), user_id="u1")
                         ^^^^^^^^^^^^^^^^^^^^^^^^^^^^^^^^^
tests\test_assessment_li_integration_phase3b.py:29: in _evidence
    q = generate_coding_assessment(roadmap_node_id=node, difficulty="medium", target_company="google")
        ^^^^^^^^^^^^^^^^^^^^^^^^^^^^^^^^^^^^^^^^^^^^^^^^^^^^^^^^^^^^^^^^^^^^^^^^^^^^^^^^^^^^^^^^^^^^^^
assessment\assessment_generator.py:105: in generate_coding_assessment
    raise HTTPException(
E   fastapi.exceptions.HTTPException: 400: No coding problem could be selected for the given context. It may be exhausted or invalid.</failure></testcase><testcase classname="tests.test_roadmap_node_progress" name="test_learning_node_traversal_helpers_follow_roadmap_prerequisites" time="0.065" /><testcase classname="tests.test_roadmap_node_progress" name="test_initializer_builds_one_idempotent_progress_row_per_learning_node" time="0.031" /><testcase classname="tests.test_roadmap_node_progress" name="test_initial_progress_defaults_do_not_depend_on_existing_progress_collections" time="0.002" /><testcase classname="tests.test_phase5_consumer_hardening.TestKnowledgeGenerationConsumer" name="test_uses_knowledge_generation_capability" time="0.006" /><testcase classname="tests.test_phase5_consumer_hardening.TestKnowledgeGenerationConsumer" name="test_malformed_response_is_surfaced_as_text" time="0.005" /><testcase classname="tests.test_phase5_consumer_hardening.TestKnowledgeGenerationConsumer" name="test_knowledge_parser_integration" time="0.004" /><testcase classname="tests.test_phase5_consumer_hardening.TestMissionNarrativeConsumer" name="test_uses_mission_narrative_capability" time="0.012" /><testcase classname="tests.test_phase5_consumer_hardening.TestMissionNarrativeConsumer" name="test_ai_failure_returns_empty_dict" time="0.006" /><testcase classname="tests.test_phase5_consumer_hardening.TestMissionNarrativeConsumer" name="test_malformed_json_returns_empty_dict" time="0.006" /><testcase classname="tests.test_phase5_consumer_hardening.TestResponseContract" name="test_response_metadata_populated" time="0.003" /><testcase classname="tests.test_phase5_consumer_hardening.TestResponseContract" name="test_model_used_reflects_tier_selection" time="0.004" /><testcase classname="tests.test_phase5_consumer_hardening.TestResponseContract" name="test_ai_service_returns_only_text" time="0.003" /><testcase classname="tests.test_phase5_consumer_hardening.TestParserIntegration" name="test_prompt_builder_uses_shared_parser" time="0.001" /><testcase classname="tests.test_phase5_consumer_hardening.TestParserIntegration" name="test_mentor_service_uses_shared_parser" time="0.018" /><testcase classname="tests.test_phase5_consumer_hardening.TestParserIntegration" name="test_mission_planner_uses_shared_parser" time="0.001" /><testcase classname="tests.test_phase6_reliability_security.TestAIResponseContractAfterFailover" name="test_provider_used_reflects_fallback_provider" time="0.004" /><testcase classname="tests.test_phase6_reliability_security.TestAIResponseContractAfterFailover" name="test_model_used_reflects_successful_candidate" time="0.006" /><testcase classname="tests.test_phase6_reliability_security.TestAIResponseContractAfterFailover" name="test_latency_includes_retry_time" time="0.006" /><testcase classname="tests.test_phase6_reliability_security.TestLoggingSecurity" name="test_provider_failure_log_does_not_contain_error_message" time="0.004" /><testcase classname="tests.test_phase6_reliability_security.TestLoggingSecurity" name="test_retry_log_does_not_contain_error_message" time="0.007" /><testcase classname="tests.test_phase6_reliability_security.TestLoggingSecurity" name="test_success_log_does_not_contain_prompt" time="0.005" /><testcase classname="tests.test_phase6_reliability_security.TestProviderAdapterLifecycle" name="test_openrouter_adapter_creates_client_per_call" time="0.011" /><testcase classname="tests.test_phase6_reliability_security.TestProviderAdapterLifecycle" name="test_gemini_adapter_creates_client_per_call" time="0.005" /><testcase classname="tests.test_phase6_reliability_security.TestProviderAdapterLifecycle" name="test_adapters_have_no_instance_state" time="0.001" /><testcase classname="tests.test_phase6_reliability_security.TestModelNotFoundBehavior" name="test_same_candidate_not_retried_after_model_not_found" time="0.004" /><testcase classname="tests.test_phase6_reliability_security.TestModelNotFoundBehavior" name="test_all_candidates_exhausted_raises" time="0.004" /><testcase classname="tests.test_phase6_reliability_security.TestModelNotFoundBehavior" name="test_no_candidates_produces_model_not_found" time="0.004" /><testcase classname="tests.test_company_aware_planner_phase2b.TestBiasEngine" name="test_bias_bounded" time="0.002" /><testcase classname="tests.test_company_aware_planner_phase2b.TestBiasEngine" name="test_empty_context_neutral" time="0.001" /><testcase classname="tests.test_company_aware_planner_phase2b.TestExplainability" name="test_summary_shape" time="0.002" /><testcase classname="tests.test_company_aware_planner_phase2b.TestExplainability" name="test_lowest_confidence_exposed" time="0.001" /><testcase classname="tests.test_company_context_phase2a.TestBackwardCompatibility" name="test_ranking_identical_with_and_without_company_context" time="0.002" /><testcase classname="tests.test_company_context_phase2a.TestBackwardCompatibility" name="test_score_candidate_unaffected_by_company_context" time="0.002" /><testcase classname="tests.test_learner_intelligence_phase2c.TestConfidenceTrend" name="test_rising_confidence" time="0.001" /><testcase classname="tests.test_learner_intelligence_phase2c.TestConfidenceTrend" name="test_declining_confidence" time="0.002" /><testcase classname="tests.test_learner_intelligence_phase2c.TestRetention" name="test_success_and_failure_counts" time="0.001" /><testcase classname="tests.test_learner_intelligence_phase2c.TestRetention" name="test_repeated_mistakes" time="0.001" /><testcase classname="tests.test_learner_intelligence_phase2c.TestRevisionHealth" name="test_debt_and_backlog" time="0.001" /><testcase classname="tests.test_learner_intelligence_phase2c.TestRevisionHealth" name="test_no_scheduled_is_healthy" time="0.001" /><testcase classname="tests.test_learner_intelligence_phase2c.TestCodingGrowth" name="test_has_signal_and_progression" time="0.002" /><testcase classname="tests.test_learner_intelligence_phase2c.TestCodingGrowth" name="test_no_coding_signal" time="0.001" /><testcase classname="tests.test_learner_intelligence_phase2c.TestReadinessTrend" name="test_upward" time="0.002" /><testcase classname="tests.test_learner_intelligence_phase2c.TestReadinessTrend" name="test_declining" time="0.001" /><testcase classname="tests.test_assessment_li_integration_phase3b.TestExplainability" name="test_reasons_present_and_deterministic" time="0.057"><failure message="fastapi.exceptions.HTTPException: 400: No coding problem could be selected for the given context. It may be exhausted or invalid.">tests\test_assessment_li_integration_phase3b.py:128: in test_reasons_present_and_deterministic
    u = process_evidence(_evidence(solved=False), user_id="u1")
                         ^^^^^^^^^^^^^^^^^^^^^^^
tests\test_assessment_li_integration_phase3b.py:29: in _evidence
    q = generate_coding_assessment(roadmap_node_id=node, difficulty="medium", target_company="google")
        ^^^^^^^^^^^^^^^^^^^^^^^^^^^^^^^^^^^^^^^^^^^^^^^^^^^^^^^^^^^^^^^^^^^^^^^^^^^^^^^^^^^^^^^^^^^^^^
assessment\assessment_generator.py:105: in generate_coding_assessment
    raise HTTPException(
E   fastapi.exceptions.HTTPException: 400: No coding problem could be selected for the given context. It may be exhausted or invalid.</failure></testcase><testcase classname="tests.test_assessment_li_integration_phase3b.TestExplainability" name="test_strength_reason" time="0.001"><failure message="fastapi.exceptions.HTTPException: 400: No coding problem could be selected for the given context. It may be exhausted or invalid.">tests\test_assessment_li_integration_phase3b.py:134: in test_strength_reason
    u = process_evidence(_evidence(solved=True), user_id="u1")
                         ^^^^^^^^^^^^^^^^^^^^^^
tests\test_assessment_li_integration_phase3b.py:29: in _evidence
    q = generate_coding_assessment(roadmap_node_id=node, difficulty="medium", target_company="google")
        ^^^^^^^^^^^^^^^^^^^^^^^^^^^^^^^^^^^^^^^^^^^^^^^^^^^^^^^^^^^^^^^^^^^^^^^^^^^^^^^^^^^^^^^^^^^^^^
assessment\assessment_generator.py:105: in generate_coding_assessment
    raise HTTPException(
E   fastapi.exceptions.HTTPException: 400: No coding problem could be selected for the given context. It may be exhausted or invalid.</failure></testcase><testcase classname="tests.test_assessment_li_integration_phase3b.TestBackwardCompatibility" name="test_existing_snapshot_unaffected" time="0.001" /><testcase classname="tests.test_assessment_li_integration_phase3b.TestBackwardCompatibility" name="test_accepts_frozen_assessment_evidence_object" time="0.001"><failure message="fastapi.exceptions.HTTPException: 400: No coding problem could be selected for the given context. It may be exhausted or invalid.">tests\test_assessment_li_integration_phase3b.py:198: in test_accepts_frozen_assessment_evidence_object
    ev = _evidence()
         ^^^^^^^^^^^
tests\test_assessment_li_integration_phase3b.py:29: in _evidence
    q = generate_coding_assessment(roadmap_node_id=node, difficulty="medium", target_company="google")
        ^^^^^^^^^^^^^^^^^^^^^^^^^^^^^^^^^^^^^^^^^^^^^^^^^^^^^^^^^^^^^^^^^^^^^^^^^^^^^^^^^^^^^^^^^^^^^^
assessment\assessment_generator.py:105: in generate_coding_assessment
    raise HTTPException(
E   fastapi.exceptions.HTTPException: 400: No coding problem could be selected for the given context. It may be exhausted or invalid.</failure></testcase><testcase classname="tests.test_phase5_consumer_hardening.TestMentorChatConsumer" name="test_uses_mentor_chat_capability" time="0.003" /><testcase classname="tests.test_phase5_consumer_hardening.TestMentorChatConsumer" name="test_empty_response_does_not_crash_service" time="0.003" /><testcase classname="tests.test_phase5_consumer_hardening.TestMentorLessonConsumer" name="test_uses_mentor_lesson_capability" time="0.003" /><testcase classname="tests.test_phase5_consumer_hardening.TestMentorLessonConsumer" name="test_lesson_uses_shared_parser" time="0.001" /><testcase classname="tests.test_phase5_consumer_hardening.TestAssessmentContentCapability" name="test_assessment_capability_is_registered" time="0.001" /><testcase classname="tests.test_phase5_consumer_hardening.TestAssessmentContentCapability" name="test_assessment_routes_through_gateway" time="0.003" /><testcase classname="tests.test_phase6_reliability_security.TestConcurrency" name="test_two_concurrent_requests_isolated" time="0.003" /><testcase classname="tests.test_phase6_reliability_security.TestConcurrency" name="test_concurrent_failures_isolated" time="0.003" /><testcase classname="tests.test_company_aware_planner_phase2b.TestExperienceLevel" name="test_position_mapping" time="0.001" /><testcase classname="tests.test_phase5_consumer_hardening.TestErrorBoundary" name="test_provider_error_message_is_user_safe" time="0.001" /><testcase classname="tests.test_phase5_consumer_hardening.TestErrorBoundary" name="test_fallback_error_truncates_raw_message" time="0.001" /><testcase classname="tests.test_phase5_consumer_hardening.TestErrorBoundary" name="test_all_providers_exhausted_error" time="0.003" /></testsuite></testsuites>