<?xml version="1.0" encoding="utf-8"?><testsuites name="pytest tests"><testsuite name="pytest" errors="0" failures="4" skipped="0" tests="41" time="5.530" timestamp="2026-09-09T20:02:36.162462+05:30" hostname="Teja"><testcase classname="tests.test_interview_pacing" name="test_pacing_state_180_days_is_on_track" time="0.003" /><testcase classname="tests.test_effective_completion_verification" name="test_pf_below_threshold_does_not_effectively_complete" time="0.058" /><testcase classname="tests.test_interview_pacing" name="test_pacing_state_45_days_is_accelerated" time="0.001" /><testcase classname="tests.test_interview_pacing" name="test_pacing_state_15_days_is_critical" time="0.001" /><testcase classname="tests.test_interview_pacing" name="test_mission_practice_count_still_driven_by_study_hours_at_same_urgency" time="0.315"><failure message="AssertionError: assert 3 &lt; 3&#10; +  where 3 = MissionTask(id='62875f1f-25e2-403e-ba7f-03386a07274a', title='Solve 3 Two Pointers problems', kind='practice', topic='...leted=False, completed_at=None, pattern='two_pointers', problem_count=3, node_id='dsa.foundations.two_pointers.basics').problem_count&#10; +  and   3 = MissionTask(id='99b2b0d9-6f33-4cc8-8a36-49c62d2dcf35', title='Solve 3 Two Pointers problems', kind='practice', topic='...leted=False, completed_at=None, pattern='two_pointers', problem_count=3, node_id='dsa.foundations.two_pointers.basics').problem_count">tests\test_interview_pacing.py:84: in test_mission_practice_count_still_driven_by_study_hours_at_same_urgency
    assert low_practice.problem_count &lt; high_practice.problem_count
E   AssertionError: assert 3 &lt; 3
E    +  where 3 = MissionTask(id='62875f1f-25e2-403e-ba7f-03386a07274a', title='Solve 3 Two Pointers problems', kind='practice', topic='...leted=False, completed_at=None, pattern='two_pointers', problem_count=3, node_id='dsa.foundations.two_pointers.basics').problem_count
E    +  and   3 = MissionTask(id='99b2b0d9-6f33-4cc8-8a36-49c62d2dcf35', title='Solve 3 Two Pointers problems', kind='practice', topic='...leted=False, completed_at=None, pattern='two_pointers', problem_count=3, node_id='dsa.foundations.two_pointers.basics').problem_count</failure></testcase><testcase classname="tests.test_effective_completion_verification" name="test_pf_at_threshold_effectively_completes" time="0.011" /><testcase classname="tests.test_effective_completion_verification" name="test_pf_zero_does_not_effectively_complete" time="0.008" /><testcase classname="tests.test_effective_completion_verification" name="test_downstream_subjects_blocked_when_only_pf_effective" time="0.019" /><testcase classname="tests.test_effective_completion_verification" name="test_lld_hld_remain_locked_with_partial_effective_completion" time="0.010" /><testcase classname="tests.test_effective_completion_verification" name="test_independent_tracks_always_eligible" time="0.008" /><testcase classname="tests.test_effective_completion_verification" name="test_eligibility_and_sessions_agree_on_java_availability" time="0.100" /><testcase classname="tests.test_effective_completion_verification" name="test_eligibility_and_sessions_agree_java_locked_at_pf0" time="0.124" /><testcase classname="tests.test_canonical_progress" name="test_canonical_progress_rolls_up_from_children" time="0.002" /><testcase classname="tests.test_canonical_progress" name="test_canonical_progress_walks_real_track_roots" time="0.001" /><testcase classname="tests.test_canonical_progress" name="test_roadmap_parser_walks_generic_nested_containers" time="0.004" /><testcase classname="tests.test_canonical_progress" name="test_canonical_progress_counts_only_learning_nodes" time="0.122" /><testcase classname="tests.test_canonical_progress" name="test_canonical_progress_partial_completion_is_not_completed" time="0.002" /><testcase classname="tests.test_canonical_progress" name="test_canonical_progress_fully_untouched_section_is_not_started" time="0.003" /><testcase classname="tests.test_canonical_progress" name="test_canonical_progress_all_children_completed_is_completed" time="0.002" /><testcase classname="tests.test_effective_prerequisite_completion" name="test_pf9_effective_completion_is_consistent" time="0.021" /><testcase classname="tests.test_effective_prerequisite_completion" name="test_pf0_keeps_java_locked" time="0.024" /><testcase classname="tests.test_effective_prerequisite_completion" name="test_e2e_pf9_java1_resolves_to_java" time="0.255" /><testcase classname="tests.test_interview_pacing" name="test_high_urgency_uses_same_daily_capacity_more_aggressively" time="0.465" /><testcase classname="tests.test_effective_prerequisite_completion" name="test_e2e_pf0_resolves_to_pf" time="0.115" /><testcase classname="tests.test_effective_prerequisite_completion" name="test_effective_completion_does_not_mutate_actual_state" time="0.035" /><testcase classname="tests.test_effective_prerequisite_completion" name="test_actual_java_completion_unlocks_dsa" time="0.031" /><testcase classname="tests.test_onboarding_knowledge_seed" name="test_seed_covers_every_roadmap_track_with_stage_aware_rows" time="0.033"><failure message="assert False&#10; +  where False = all(&lt;generator object test_seed_covers_every_roadmap_track_with_stage_aware_rows.&lt;locals&gt;.&lt;genexpr&gt; at 0x000002E09504C1E0&gt;)">tests\test_onboarding_knowledge_seed.py:105: in test_seed_covers_every_roadmap_track_with_stage_aware_rows
    assert all(row["confidence"] == 5.0 and row["status"] == "in_progress" for row in unrated_rows)
E   assert False
E    +  where False = all(&lt;generator object test_seed_covers_every_roadmap_track_with_stage_aware_rows.&lt;locals&gt;.&lt;genexpr&gt; at 0x000002E09504C1E0&gt;)</failure></testcase><testcase classname="tests.test_interview_pacing" name="test_ranking_urgency_prioritizes_interview_value_and_shorter_nodes" time="0.002" /><testcase classname="tests.test_interview_pacing" name="test_missing_interview_date_pacing_state_is_a_noop" time="0.002" /><testcase classname="tests.test_interview_pacing" name="test_missing_interview_date_falls_back_to_current_mission_behavior" time="0.325" /><testcase classname="tests.test_onboarding_knowledge_seed" name="test_high_rating_marks_earlier_stages_completed_so_later_stages_unlock" time="0.015" /><testcase classname="tests.test_onboarding_knowledge_seed" name="test_programming_fundamentals_is_never_seeded_from_onboarding" time="0.019" /><testcase classname="tests.test_onboarding_knowledge_seed" name="test_seed_is_idempotent_and_never_overwrites_existing_progress" time="0.046" /><testcase classname="tests.test_onboarding_knowledge_seed" name="test_planner_input_differs_between_low_and_high_dsa_self_assessment" time="0.463" /><testcase classname="tests.test_candidate_generation" name="test_candidate_pool_is_compact_and_within_expected_range" time="0.113"><failure message="assert 0 &gt; 30&#10; +  where 0 = len([])">tests\test_candidate_generation.py:28: in test_candidate_pool_is_compact_and_within_expected_range
    assert len(eligible) &gt; DEFAULT_MAX_CANDIDATES  # sanity: trimming is actually needed
    ^^^^^^^^^^^^^^^^^^^^^^^^^^^^^^^^^^^^^^^^^^^^^
E   assert 0 &gt; 30
E    +  where 0 = len([])</failure></testcase><testcase classname="tests.test_candidate_generation" name="test_candidate_generation_is_a_noop_when_pool_already_compact" time="0.069" /><testcase classname="tests.test_candidate_generation" name="test_candidate_generation_is_deterministic" time="0.072" /><testcase classname="tests.test_candidate_generation" name="test_weakest_or_revision_due_track_is_prioritized" time="0.088"><failure message="assert False&#10; +  where False = any(&lt;generator object test_weakest_or_revision_due_track_is_prioritized.&lt;locals&gt;.&lt;genexpr&gt; at 0x000001DE15D7E880&gt;)">tests\test_candidate_generation.py:73: in test_weakest_or_revision_due_track_is_prioritized
    assert any(n.get("track") == "dsa" for n in candidates)
E   assert False
E    +  where False = any(&lt;generator object test_weakest_or_revision_due_track_is_prioritized.&lt;locals&gt;.&lt;genexpr&gt; at 0x000001DE15D7E880&gt;)</failure></testcase><testcase classname="tests.test_planner_ranking_integration" name="test_planner_pick_equals_ranking_winner_for_eligible_candidates" time="0.291" /><testcase classname="tests.test_planner_ranking_integration" name="test_roadmap_order_does_not_override_ranking" time="0.108" /><testcase classname="tests.test_planner_ranking_integration" name="test_company_signal_differentiates_planner_picks" time="0.149" /></testsuite></testsuites>