<?xml version="1.0" encoding="utf-8"?><testsuites name="pytest tests"><testsuite name="pytest" errors="0" failures="4" skipped="0" tests="312" time="10.420" timestamp="2026-09-09T20:26:40.941221+05:30" hostname="Teja"><testcase classname="tests.test_ai_gateway.TestErrorClassification" name="test_invalid_key_patterns[API key not valid-invalid_key]" time="0.002" /><testcase classname="tests.test_adaptive_planning_phase4_step2" name="test_A1_absolute_beginner_starts_at_programming_fundamentals" time="0.072" /><testcase classname="tests.test_ai_gateway.TestErrorClassification" name="test_invalid_key_patterns[api_key_invalid: check your credentials-invalid_key]" time="0.001" /><testcase classname="tests.test_ai_gateway.TestErrorClassification" name="test_invalid_key_patterns[Unauthorized access-invalid_key]" time="0.001" /><testcase classname="tests.test_ai_gateway.TestErrorClassification" name="test_invalid_key_patterns[Permission denied for this resource-invalid_key]" time="0.001" /><testcase classname="tests.test_ai_gateway.TestErrorClassification" name="test_invalid_key_patterns[Error 401: invalid credentials-invalid_key]" time="0.001" /><testcase classname="tests.test_ai_gateway.TestErrorClassification" name="test_rate_limit_patterns[Rate limit exceeded-rate_limit]" time="0.001" /><testcase classname="tests.test_ai_gateway.TestErrorClassification" name="test_rate_limit_patterns[Quota exhausted for today-rate_limit]" time="0.001" /><testcase classname="tests.test_ai_gateway.TestErrorClassification" name="test_rate_limit_patterns[Too many requests-rate_limit]" time="0.001" /><testcase classname="tests.test_ai_gateway.TestErrorClassification" name="test_rate_limit_patterns[Resource exhausted-rate_limit]" time="0.001" /><testcase classname="tests.test_ai_gateway.TestErrorClassification" name="test_rate_limit_patterns[Error 429-rate_limit]" time="0.001" /><testcase classname="tests.test_ai_gateway.TestErrorClassification" name="test_model_not_found_patterns[Model not found: gemini-1.5-flash-model_not_found]" time="0.001" /><testcase classname="tests.test_ai_gateway.TestErrorClassification" name="test_model_not_found_patterns[Invalid model name specified-model_not_found]" time="0.001" /><testcase classname="tests.test_ai_gateway.TestErrorClassification" name="test_model_not_found_patterns[Unknown model: gpt-99-model_not_found]" time="0.001" /><testcase classname="tests.test_ai_gateway.TestErrorClassification" name="test_model_not_found_patterns[NotFoundError: model does not exist-model_not_found]" time="0.001" /><testcase classname="tests.test_ai_gateway.TestErrorClassification" name="test_timeout_patterns[Request timeout after 30s-timeout]" time="0.001" /><testcase classname="tests.test_ai_gateway.TestErrorClassification" name="test_timeout_patterns[Read timed out after 30s-timeout]" time="0.001" /><testcase classname="tests.test_ai_gateway.TestErrorClassification" name="test_network_patterns[Connection refused-upstream]" time="0.001" /><testcase classname="tests.test_ai_gateway.TestErrorClassification" name="test_network_patterns[Service unavailable-upstream]" time="0.001" /><testcase classname="tests.test_ai_gateway.TestErrorClassification" name="test_network_patterns[Error 503: backend down-upstream]" time="0.001" /><testcase classname="tests.test_ai_gateway.TestErrorClassification" name="test_network_patterns[Name resolution failed-upstream]" time="0.001" /><testcase classname="tests.test_ai_gateway.TestErrorClassification" name="test_unknown_error_fallback" time="0.001" /><testcase classname="tests.test_ai_gateway.TestErrorClassification" name="test_classify_by_class_name" time="0.001" /><testcase classname="tests.test_ai_gateway.TestErrorClassification" name="test_provider_error_attributes" time="0.001" /><testcase classname="tests.test_learning_engine" name="test_unlock_logic_respects_prerequisites" time="0.001" /><testcase classname="tests.test_learning_engine" name="test_get_unlocked_and_next_unlockable_nodes" time="0.010" /><testcase classname="tests.test_adaptive_planning_phase4_step2" name="test_A2_low_pf_learner_continues_programming_fundamentals" time="0.056" /><testcase classname="tests.test_learning_engine" name="test_first_time_beginner_starts_from_programming_fundamentals" time="0.184" /><testcase classname="tests.test_adaptive_planning_phase4_step2" name="test_A3_strong_pf_declaration_progresses_into_java" time="0.078" /><testcase classname="tests.test_adaptive_planning_phase4_step2" name="test_B1_oracle_learner_gets_core_cs_mission" time="0.072" /><testcase classname="tests.test_learning_engine" name="test_onboarding_self_assessment_accepts_zero_as_no_knowledge" time="0.001" /><testcase classname="tests.test_learning_engine" name="test_ranking_prefers_low_confidence_and_high_weakness" time="0.001" /><testcase classname="tests.test_learning_engine" name="test_planner_returns_revision_before_other_candidates" time="0.013" /><testcase classname="tests.test_learning_engine" name="test_builder_output_shape" time="0.001" /><testcase classname="tests.test_learning_engine" name="test_planner_builds_support_and_core_recommendations_from_roadmap" time="0.046" /><testcase classname="tests.test_adaptive_planning_phase4_step2" name="test_B2_google_learner_favours_dsa_over_core_cs" time="0.067" /><testcase classname="tests.test_learning_engine" name="test_revision_selection_uses_due_reviews" time="0.001" /><testcase classname="tests.test_learning_engine" name="test_mission_engine_uses_learning_recommendation_when_provided" time="0.118" /><testcase classname="tests.test_adaptive_planning_phase4_step2" name="test_C1_pf_java_dsa_complete_moves_to_core_cs" time="0.092" /><testcase classname="tests.test_adaptive_planning_phase4_step2" name="test_D1_senior_with_weak_dsa_and_google_target_gets_dsa" time="0.131" /><testcase classname="tests.test_learning_engine" name="test_mission_engine_does_not_use_legacy_selection_when_recommendation_is_provided" time="0.113" /><testcase classname="tests.test_learning_engine" name="test_mission_engine_uses_support_recommendation_when_provided" time="0.006" /><testcase classname="tests.test_learning_engine" name="test_mission_engine_does_not_fallback_to_legacy_support_topic_when_track_is_valid_but_no_unlocked_node" time="0.002" /><testcase classname="tests.test_adaptive_planning_phase4_step2" name="test_D2_senior_with_weak_core_cs_gets_core_cs" time="0.155" /><testcase classname="tests.test_learning_engine" name="test_mission_engine_does_not_fallback_to_legacy_core_topic_when_no_unlocked_core_node_available" time="0.002" /><testcase classname="tests.test_learning_engine" name="test_mission_engine_preserves_existing_selection_when_recommendation_is_none" time="0.003" /><testcase classname="tests.test_learning_engine" name="test_revision_task_node_id_propagates" time="0.003" /><testcase classname="tests.test_curriculum_sync_phase2_metadata" name="test_programming_fundamentals_is_the_root_subject" time="0.036" /><testcase classname="tests.test_curriculum_sync_phase2_metadata" name="test_generator_source_of_truth_matches_expected_dag" time="0.001" /><testcase classname="tests.test_curriculum_sync_phase2_metadata" name="test_canonical_subject_dependency_dag" time="0.002" /><testcase classname="tests.test_curriculum_sync_phase2_metadata" name="test_unlock_chain_is_exact_reverse_of_prerequisite_dag" time="0.001" /><testcase classname="tests.test_curriculum_sync_phase2_metadata" name="test_recommended_next_subjects_matches_unlocks" time="0.001" /><testcase classname="tests.test_curriculum_sync_phase2_metadata" name="test_no_broken_subject_references" time="0.001" /><testcase classname="tests.test_curriculum_sync_phase2_metadata" name="test_no_cycles_in_subject_prerequisite_graph" time="0.001" /><testcase classname="tests.test_curriculum_sync_phase2_metadata" name="test_every_module_has_complete_curriculum_sync_metadata" time="0.003" /><testcase classname="tests.test_curriculum_sync_phase2_metadata" name="test_every_topic_has_complete_curriculum_sync_metadata" time="0.002" /><testcase classname="tests.test_curriculum_sync_phase2_metadata" name="test_first_module_of_a_subject_links_to_every_prerequisite_subjects_last_module" time="0.001" /><testcase classname="tests.test_curriculum_sync_phase2_metadata" name="test_isolated_subjects_have_no_academic_prerequisite_edges" time="0.003" /><testcase classname="tests.test_curriculum_sync_phase2_metadata" name="test_academic_subjects_never_reference_isolated_subjects" time="0.001" /><testcase classname="tests.test_curriculum_sync_phase2_metadata" name="test_language_support_metadata_is_future_ready" time="0.001" /><testcase classname="tests.test_curriculum_sync_phase2_metadata" name="test_existing_prerequisites_field_is_untouched_by_phase2_metadata" time="0.002" /><testcase classname="tests.test_curriculum_sync_phase2_metadata" name="test_roadmap_generation_is_deterministic_across_processes" time="0.630" /><testcase classname="tests.test_adaptive_planning_phase4_step2" name="test_E1_and_E2_same_learner_different_company_yields_different_track" time="0.224" /><testcase classname="tests.test_adaptive_planning_phase4_step2" name="test_F1_urgent_timeline_prefers_revision_or_high_frequency_content" time="0.145" /><testcase classname="tests.test_adaptive_planning_phase4_step2" name="test_J2_high_actual_mastery_outranks_high_self_assessment" time="0.003" /><testcase classname="tests.test_adaptive_planning_phase4_step2" name="test_J1_low_actual_mastery_outranks_high_self_assessment" time="0.005" /><testcase classname="tests.test_adaptive_planning_phase4_step2" name="test_K_company_flips_priority_between_dsa_and_core_cs" time="0.155" /><testcase classname="tests.test_adaptive_planning_phase4_step2" name="test_backwards_compat_default_ranking_unchanged_without_context" time="0.001" /><testcase classname="tests.test_adaptive_planning_phase4_step2" name="test_effective_knowledge_is_pure_self_assessment_at_zero_evidence" time="0.001" /><testcase classname="tests.test_adaptive_planning_phase4_step2" name="test_effective_knowledge_asymptotes_toward_actual_with_evidence" time="0.004" /><testcase classname="tests.test_adaptive_planning_phase4_step2" name="test_weights_registry_supports_per_call_overrides" time="0.001" /><testcase classname="tests.test_ai_response_parsing" name="test_parse_llm_json_accepts_raw_json_and_whitespace" time="0.001" /><testcase classname="tests.test_ai_response_parsing" name="test_parse_llm_json_accepts_markdown_code_fence" time="0.001" /><testcase classname="tests.test_ai_response_parsing" name="test_parse_llm_json_extracts_object_from_surrounding_text" time="0.001" /><testcase classname="tests.test_ai_response_parsing" name="test_parse_llm_json_returns_none_for_invalid_json[]" time="0.001" /><testcase classname="tests.test_ai_response_parsing" name="test_parse_llm_json_returns_none_for_invalid_json[not json]" time="0.002" /><testcase classname="tests.test_ai_response_parsing" name="test_parse_llm_json_returns_none_for_invalid_json[{&quot;missing&quot;: ]]" time="0.002" /><testcase classname="tests.test_ai_response_parsing" name="test_knowledge_parser_keeps_normalization_and_malformed_fallback" time="0.001" /><testcase classname="tests.test_ai_response_parsing" name="test_mentor_uses_the_canonical_parser_without_legacy_helper" time="0.001" /><testcase classname="tests.test_curriculum_sync_phase2_metadata" name="test_total_node_count_unchanged_by_regeneration" time="0.001" /><testcase classname="tests.test_ai_response_parsing" name="test_mentor_lesson_keeps_structured_or_chat_fallback_behavior[```json\n{&quot;executive_summary&quot;: &quot;Arrays&quot;}\n```-lesson-expected_structured0]" time="0.016" /><testcase classname="tests.test_ai_gateway.TestModelSelector" name="test_fast_tier_selects_fast_model" time="0.001" /><testcase classname="tests.test_ai_gateway.TestModelSelector" name="test_standard_tier_selects_standard_model" time="0.001" /><testcase classname="tests.test_ai_gateway.TestModelSelector" name="test_deep_tier_selects_deep_model" time="0.001" /><testcase classname="tests.test_ai_gateway.TestModelSelector" name="test_tiers_are_differentiated" time="0.001" /><testcase classname="tests.test_ai_gateway.TestModelSelector" name="test_fast_tier_contains_multiple_model_families" time="0.001" /><testcase classname="tests.test_ai_gateway.TestModelSelector" name="test_fast_requirements_prefer_fast_economy_candidate" time="0.001" /><testcase classname="tests.test_ai_gateway.TestModelSelector" name="test_latency_and_cost_requirements_choose_matching_candidate" time="0.001" /><testcase classname="tests.test_ai_response_parsing" name="test_mentor_lesson_keeps_structured_or_chat_fallback_behavior[not valid JSON-chat-None]" time="0.012" /><testcase classname="tests.test_ai_gateway.TestModelSelector" name="test_deep_requirements_prefer_deep_balanced_cost_candidate" time="0.001" /><testcase classname="tests.test_ai_gateway.TestModelSelector" name="test_structured_output_excludes_unsupported_candidate" time="0.001" /><testcase classname="tests.test_ai_gateway.TestModelSelector" name="test_no_candidate_is_returned_when_all_fail_a_hard_requirement" time="0.001" /><testcase classname="tests.test_ai_gateway.TestModelSelector" name="test_selection_is_deterministic" time="0.001" /><testcase classname="tests.test_ai_gateway.TestModelSelector" name="test_env_override_fast" time="0.005" /><testcase classname="tests.test_ai_response_parsing" name="test_mission_planner_uses_shared_parser_and_preserves_empty_fallback" time="0.009" /><testcase classname="tests.test_ai_gateway.TestModelSelector" name="test_env_override_accepts_ordered_candidates" time="0.007" /><testcase classname="tests.test_phase5_consumer_hardening.TestCapabilityToTierRouting" name="test_capability_resolves_to_expected_tier[mentor_chat-fast]" time="0.001" /><testcase classname="tests.test_phase5_consumer_hardening.TestCapabilityToTierRouting" name="test_capability_resolves_to_expected_tier[knowledge_generation-standard]" time="0.001" /><testcase classname="tests.test_ai_gateway.TestModelSelector" name="test_env_override_deep" time="0.005" /><testcase classname="tests.test_phase5_consumer_hardening.TestCapabilityToTierRouting" name="test_capability_resolves_to_expected_tier[mentor_lesson-standard]" time="0.001" /><testcase classname="tests.test_phase5_consumer_hardening.TestCapabilityToTierRouting" name="test_capability_resolves_to_expected_tier[mission_narrative-fast]" time="0.001" /><testcase classname="tests.test_phase5_consumer_hardening.TestCapabilityToTierRouting" name="test_capability_resolves_to_expected_tier[assessment_content-deep]" time="0.001" /><testcase classname="tests.test_ai_gateway.TestModelSelector" name="test_gemini_uses_provider_model" time="0.009" /><testcase classname="tests.test_phase5_consumer_hardening.TestCapabilityToTierRouting" name="test_model_used_matches_tier_through_gateway[mentor_chat-fast]" time="0.004" /><testcase classname="tests.test_phase5_consumer_hardening.TestCapabilityToTierRouting" name="test_model_used_matches_tier_through_gateway[knowledge_generation-standard]" time="0.003" /><testcase classname="tests.test_ai_gateway.TestModelSelector" name="test_fake_adapter_without_name_supported" time="0.001" /><testcase classname="tests.test_company_aware_planner_phase2b.TestScoringEngine" name="test_google_dsa_signal_positive" time="0.017" /><testcase classname="tests.test_phase5_consumer_hardening.TestCapabilityToTierRouting" name="test_model_used_matches_tier_through_gateway[mission_narrative-fast]" time="0.003" /><testcase classname="tests.test_phase5_consumer_hardening.TestCapabilityToTierRouting" name="test_model_used_matches_tier_through_gateway[assessment_content-deep]" time="0.005" /><testcase classname="tests.test_interview_pacing" name="test_pacing_state_180_days_is_on_track" time="0.001" /><testcase classname="tests.test_interview_pacing" name="test_pacing_state_45_days_is_accelerated" time="0.001" /><testcase classname="tests.test_interview_pacing" name="test_pacing_state_15_days_is_critical" time="0.001" /><testcase classname="tests.test_company_aware_planner_phase2b.TestScoringEngine" name="test_company_specific_differences" time="0.002" /><testcase classname="tests.test_interview_pacing" name="test_mission_practice_count_still_driven_by_study_hours_at_same_urgency" time="0.245"><failure message="AssertionError: assert 3 &lt; 3&#10; +  where 3 = MissionTask(id='a338a874-8ee6-4e86-90d6-ac35bcb1164b', title='Solve 3 Two Pointers problems', kind='practice', topic='...leted=False, completed_at=None, pattern='two_pointers', problem_count=3, node_id='dsa.foundations.two_pointers.basics').problem_count&#10; +  and   3 = MissionTask(id='5c81ab1c-2461-427b-9fef-c91155ab2aa9', title='Solve 3 Two Pointers problems', kind='practice', topic='...leted=False, completed_at=None, pattern='two_pointers', problem_count=3, node_id='dsa.foundations.two_pointers.basics').problem_count">tests\test_interview_pacing.py:84: in test_mission_practice_count_still_driven_by_study_hours_at_same_urgency
    assert low_practice.problem_count &lt; high_practice.problem_count
E   AssertionError: assert 3 &lt; 3
E    +  where 3 = MissionTask(id='a338a874-8ee6-4e86-90d6-ac35bcb1164b', title='Solve 3 Two Pointers problems', kind='practice', topic='...leted=False, completed_at=None, pattern='two_pointers', problem_count=3, node_id='dsa.foundations.two_pointers.basics').problem_count
E    +  and   3 = MissionTask(id='5c81ab1c-2461-427b-9fef-c91155ab2aa9', title='Solve 3 Two Pointers problems', kind='practice', topic='...leted=False, completed_at=None, pattern='two_pointers', problem_count=3, node_id='dsa.foundations.two_pointers.basics').problem_count</failure></testcase><testcase classname="tests.test_company_aware_planner_phase2b.TestScoringEngine" name="test_multiple_companies_average" time="0.003" /><testcase classname="tests.test_company_aware_planner_phase2b.TestScoringEngine" name="test_experience_level_suppresses_design_for_new_grad" time="0.001" /><testcase classname="tests.test_company_aware_planner_phase2b.TestScoringEngine" name="test_confidence_scales_signal" time="0.001" /><testcase classname="tests.test_company_aware_planner_phase2b.TestScoringEngine" name="test_empty_context_zero" time="0.001" /><testcase classname="tests.test_company_aware_planner_phase2b.TestScoringEngine" name="test_unknown_subject_neutral_not_crash" time="0.002" /><testcase classname="tests.test_company_aware_planner_phase2b.TestScoringEngine" name="test_deterministic" time="0.002" /><testcase classname="tests.test_ai_gateway.TestProviderRegistry" name="test_register_and_retrieve" time="0.001" /><testcase classname="tests.test_ai_gateway.TestProviderRegistry" name="test_get_all" time="0.001" /><testcase classname="tests.test_ai_gateway.TestProviderRegistry" name="test_get_by_id_missing" time="0.001" /><testcase classname="tests.test_ai_gateway.TestProviderRegistry" name="test_load_from_environment_no_keys" time="0.003" /><testcase classname="tests.test_ai_gateway.TestProviderRegistry" name="test_load_from_environment_with_gemini_key" time="0.003" /><testcase classname="tests.test_ai_gateway.TestProviderRegistry" name="test_openrouter_precedes_gemini_when_both_are_configured" time="0.004" /><testcase classname="tests.test_ai_gateway.TestProviderRegistry" name="test_load_from_environment_deduplicates_same_key" time="0.002" /><testcase classname="tests.test_ai_gateway.TestProviderRegistry" name="test_load_from_environment_two_different_keys" time="0.003" /><testcase classname="tests.test_recommendation_insight" name="test_roi_is_derived_from_the_real_prerequisite_graph" time="0.001" /><testcase classname="tests.test_recommendation_insight" name="test_insight_explanation_matches_the_ranking_breakdown_exactly" time="0.002" /><testcase classname="tests.test_recommendation_insight" name="test_highlights_are_generated_dynamically_not_hardcoded" time="0.001" /><testcase classname="tests.test_recommendation_insight" name="test_different_companies_produce_different_explanations" time="0.001" /><testcase classname="tests.test_recommendation_insight" name="test_forecast_changes_when_study_hours_change" time="0.002" /><testcase classname="tests.test_recommendation_insight" name="test_forecast_changes_when_interview_date_changes" time="0.001" /><testcase classname="tests.test_recommendation_insight" name="test_planner_recommendation_still_backward_compatible_and_now_carries_insight" time="0.056" /><testcase classname="tests.test_recommendation_insight" name="test_planner_without_new_params_is_still_a_no_op_default" time="0.082" /><testcase classname="tests.test_company_aware_ranking" name="test_google_and_oracle_users_get_different_top_pick" time="0.002" /><testcase classname="tests.test_company_aware_ranking" name="test_uber_and_microsoft_users_prioritize_different_topics" time="0.001" /><testcase classname="tests.test_company_aware_ranking" name="test_ranking_without_target_companies_is_unaffected" time="0.001" /><testcase classname="tests.test_company_aware_ranking" name="test_company_importance_breaks_exact_ties" time="0.001" /><testcase classname="tests.test_company_aware_ranking" name="test_changing_onboarding_target_companies_changes_planner_output" time="0.169" /><testcase classname="tests.test_company_aware_ranking" name="test_legacy_choose_focus_topic_still_uses_roadmap_company_importance" time="0.001" /><testcase classname="tests.test_company_aware_ranking" name="test_mandatory_signals_untouched_unlock_and_revision" time="0.003" /><testcase classname="tests.test_mission_assessment_phase3c.TestWorkflowState" name="test_mission_started" time="0.001" /><testcase classname="tests.test_mission_assessment_phase3c.TestWorkflowState" name="test_study_complete" time="0.001" /><testcase classname="tests.test_mission_assessment_phase3c.TestWorkflowState" name="test_assessment_available" time="0.002" /><testcase classname="tests.test_mission_assessment_phase3c.TestWorkflowState" name="test_assessment_in_progress" time="0.001" /><testcase classname="tests.test_mission_assessment_phase3c.TestWorkflowState" name="test_assessment_completed" time="0.002" /><testcase classname="tests.test_mission_assessment_phase3c.TestWorkflowState" name="test_mission_completed_terminal" time="0.002" /><testcase classname="tests.test_learning_stage_engine" name="test_beginner_with_no_progress_starts_at_foundation" time="0.008" /><testcase classname="tests.test_learning_stage_engine" name="test_completing_all_foundation_nodes_advances_current_stage_to_core" time="0.005" /><testcase classname="tests.test_learning_stage_engine" name="test_revision_state_reflects_due_next_revision_field" time="0.008" /><testcase classname="tests.test_learning_stage_engine" name="test_learning_velocity_requires_at_least_two_days_of_history" time="0.012" /><testcase classname="tests.test_learning_stage_engine" name="test_compute_all_subject_states_covers_every_track" time="0.041" /><testcase classname="tests.test_eligibility_engine" name="test_total_beginner_never_sees_advanced_stage_nodes" time="0.041" /><testcase classname="tests.test_interview_pacing" name="test_high_urgency_uses_same_daily_capacity_more_aggressively" time="0.205" /><testcase classname="tests.test_eligibility_engine" name="test_completed_nodes_are_excluded_from_eligible_set" time="0.038" /><testcase classname="tests.test_eligibility_engine" name="test_skip_node_ids_are_excluded" time="0.045" /><testcase classname="tests.test_eligibility_engine" name="test_high_urgency_widens_stage_cap_to_admit_interview_stage_nodes" time="0.043" /><testcase classname="tests.test_eligibility_engine" name="test_eligible_pool_is_meaningfully_smaller_than_all_unlocked_nodes" time="0.036" /><testcase classname="tests.test_universal_node_actions" name="test_topic_meta_covers_every_real_roadmap_track" time="0.001" /><testcase classname="tests.test_universal_node_actions" name="test_support_task_for_behavioral_track_gets_a_node_id_via_fallback_selection" time="0.110" /><testcase classname="tests.test_interview_pacing" name="test_ranking_urgency_prioritizes_interview_value_and_shorter_nodes" time="0.001" /><testcase classname="tests.test_interview_pacing" name="test_missing_interview_date_pacing_state_is_a_noop" time="0.002" /><testcase classname="tests.test_interview_pacing" name="test_missing_interview_date_falls_back_to_current_mission_behavior" time="0.368" /><testcase classname="tests.test_universal_node_actions" name="test_support_task_for_dsa_track_still_works_unchanged" time="0.129" /><testcase classname="tests.test_universal_node_actions" name="test_every_track_produces_atomic_learning_nodes_not_just_dsa_and_lld" time="0.004" /><testcase classname="tests.test_universal_node_actions" name="test_leaf_topic_nodes_are_unlockable_and_lookup_by_id_works" time="0.002" /><testcase classname="tests.test_mission_context_cta" name="test_cta_rules_match_frozen_contract" time="0.002" /><testcase classname="tests.test_mission_context_cta" name="test_cta_labels_present" time="0.003" /><testcase classname="tests.test_mission_context_cta" name="test_cta_none_for_missing_activity" time="0.002" /><testcase classname="tests.test_mission_context_cta" name="test_study_node_projects_to_knowledge_base_cta" time="0.002" /><testcase classname="tests.test_mission_context_cta" name="test_coding_node_projects_to_arena_cta" time="0.003" /><testcase classname="tests.test_ai_gateway.TestCapabilityTierMapping" name="test_knowledge_generation_is_standard" time="0.001" /><testcase classname="tests.test_ai_gateway.TestCapabilityTierMapping" name="test_mentor_chat_is_fast" time="0.001" /><testcase classname="tests.test_ai_gateway.TestCapabilityTierMapping" name="test_mentor_lesson_is_standard" time="0.001" /><testcase classname="tests.test_ai_gateway.TestCapabilityTierMapping" name="test_mission_narrative_is_fast" time="0.003" /><testcase classname="tests.test_ai_gateway.TestCapabilityTierMapping" name="test_assessment_content_is_deep" time="0.002" /><testcase classname="tests.test_ai_gateway.TestOpenRouterPreferred" name="test_openrouter_tried_first" time="0.005" /><testcase classname="tests.test_ai_gateway.TestOpenRouterPreferred" name="test_gemini_fallback_when_openrouter_fails" time="0.008" /><testcase classname="tests.test_ai_gateway.TestOpenRouterPreferred" name="test_openrouter_uses_next_configured_model_when_primary_is_unavailable" time="0.006" /><testcase classname="tests.test_ai_gateway.TestOpenRouterPreferred" name="test_gemini_fallback_after_all_openrouter_candidates_are_unavailable" time="0.007" /><testcase classname="tests.test_ai_gateway.TestOpenRouterPreferred" name="test_gemini_fallback_when_no_openrouter_candidate_meets_requirements" time="0.003" /><testcase classname="tests.test_phase5_consumer_hardening.TestProviderSdkCoupling" name="test_consumer_does_not_import_provider_sdks[knowledge_generation]" time="0.003" /><testcase classname="tests.test_phase5_consumer_hardening.TestProviderSdkCoupling" name="test_consumer_does_not_import_provider_sdks[ai_mentor.mentor_service]" time="0.003" /><testcase classname="tests.test_phase5_consumer_hardening.TestProviderSdkCoupling" name="test_consumer_does_not_import_provider_sdks[ai_mentor.mission_planner]" time="0.003" /><testcase classname="tests.test_phase5_consumer_hardening.TestProviderSdkCoupling" name="test_consumer_does_not_import_provider_sdks[prompt_builder]" time="0.002" /><testcase classname="tests.test_phase5_consumer_hardening.TestProviderSdkCoupling" name="test_consumers_import_only_ai_service" time="0.002" /><testcase classname="tests.test_candidate_generation" name="test_candidate_pool_is_compact_and_within_expected_range" time="0.096"><failure message="assert 0 &gt; 30&#10; +  where 0 = len([])">tests\test_candidate_generation.py:28: in test_candidate_pool_is_compact_and_within_expected_range
    assert len(eligible) &gt; DEFAULT_MAX_CANDIDATES  # sanity: trimming is actually needed
    ^^^^^^^^^^^^^^^^^^^^^^^^^^^^^^^^^^^^^^^^^^^^^
E   assert 0 &gt; 30
E    +  where 0 = len([])</failure></testcase><testcase classname="tests.test_mission_context" name="test_coding_node_builds_coding_context_and_opens_arena" time="0.001" /><testcase classname="tests.test_mission_context" name="test_study_node_opens_kb_and_has_no_representative_problems" time="0.001" /><testcase classname="tests.test_mission_context" name="test_representative_problems_never_leak_other_topics_or_stages" time="0.001" /><testcase classname="tests.test_mission_context" name="test_unknown_node_returns_none" time="0.001" /><testcase classname="tests.test_mission_context" name="test_context_is_json_serialisable" time="0.001" /><testcase classname="tests.test_learner_intelligence_phase2c.TestTrendAnalysis" name="test_split_mean_delta_rising" time="0.001" /><testcase classname="tests.test_learner_intelligence_phase2c.TestTrendAnalysis" name="test_split_mean_delta_short_series_is_flat" time="0.001" /><testcase classname="tests.test_learner_intelligence_phase2c.TestTrendAnalysis" name="test_classify_bands" time="0.002" /><testcase classname="tests.test_learner_intelligence_phase2c.TestTrendAnalysis" name="test_determinism" time="0.003" /><testcase classname="tests.test_learner_intelligence_phase2c.TestWeaknessStability" name="test_persistent" time="0.003" /><testcase classname="tests.test_learner_intelligence_phase2c.TestWeaknessStability" name="test_recovered" time="0.003" /><testcase classname="tests.test_learner_intelligence_phase2c.TestWeaknessStability" name="test_recurring" time="0.002" /><testcase classname="tests.test_learner_intelligence_phase2c.TestWeaknessStability" name="test_temporary" time="0.002" /><testcase classname="tests.test_learner_intelligence_phase2c.TestFallbackAndRegression" name="test_engine_never_raises_on_garbage" time="0.013" /><testcase classname="tests.test_learner_intelligence_phase2c.TestFallbackAndRegression" name="test_empty_input_is_empty_snapshot" time="0.002" /><testcase classname="tests.test_learner_intelligence_phase2c.TestFallbackAndRegression" name="test_scoring_unchanged_without_learner_context" time="0.003" /><testcase classname="tests.test_learner_intelligence_phase2c.TestFallbackAndRegression" name="test_snapshot_is_deterministic" time="0.003" /><testcase classname="tests.test_ai_gateway.TestCapabilityRegistry" name="test_all_default_capabilities_registered" time="0.003" /><testcase classname="tests.test_ai_gateway.TestCapabilityRegistry" name="test_resolve_returns_profile" time="0.002" /><testcase classname="tests.test_ai_gateway.TestCapabilityRegistry" name="test_register_override" time="0.002" /><testcase classname="tests.test_ai_gateway.TestCapabilityRegistry" name="test_mentor_chat_vs_lesson_profiles_differ" time="0.003" /><testcase classname="tests.test_ai_gateway.TestRoutingPolicy" name="test_resolve_chain_orders_by_priority" time="0.002" /><testcase classname="tests.test_ai_gateway.TestRoutingPolicy" name="test_resolve_chain_filters_by_capability" time="0.002" /><testcase classname="tests.test_ai_gateway.TestRoutingPolicy" name="test_resolve_chain_empty_when_no_match" time="0.003" /><testcase classname="tests.test_ai_gateway.TestRoutingPolicy" name="test_resolve_chain_skips_no_adapter" time="0.002" /><testcase classname="tests.test_ai_gateway.TestTypedAPI" name="test_complete_delegates_to_gateway" time="0.009" /><testcase classname="tests.test_ai_gateway.TestTypedAPI" name="test_complete_empty_prompt_raises" time="0.005" /><testcase classname="tests.test_ai_gateway.TestTypedAPI" name="test_complete_json_removed" time="0.005" /><testcase classname="tests.test_ai_gateway.TestTypedAPI" name="test_all_exports" time="0.002" /><testcase classname="tests.test_phase5_consumer_hardening.TestErrorBoundary" name="test_runtime_error_classified_to_ai_provider_error" time="3.619" /><testcase classname="tests.test_candidate_generation" name="test_candidate_generation_is_a_noop_when_pool_already_compact" time="0.033" /><testcase classname="tests.test_candidate_generation" name="test_candidate_generation_is_deterministic" time="0.043" /><testcase classname="tests.test_candidate_generation" name="test_weakest_or_revision_due_track_is_prioritized" time="0.047"><failure message="assert False&#10; +  where False = any(&lt;generator object test_weakest_or_revision_due_track_is_prioritized.&lt;locals&gt;.&lt;genexpr&gt; at 0x0000018610CAECE0&gt;)">tests\test_candidate_generation.py:73: in test_weakest_or_revision_due_track_is_prioritized
    assert any(n.get("track") == "dsa" for n in candidates)
E   assert False
E    +  where False = any(&lt;generator object test_weakest_or_revision_due_track_is_prioritized.&lt;locals&gt;.&lt;genexpr&gt; at 0x0000018610CAECE0&gt;)</failure></testcase><testcase classname="tests.test_mission_roadmap_catalog" name="test_mission_catalog_is_the_roadmap_catalog_for_supported_tracks" time="0.002" /><testcase classname="tests.test_mission_roadmap_catalog" name="test_mission_catalog_exposes_roadmap_content_outside_the_legacy_mvp_list" time="0.001" /><testcase classname="tests.test_mission_roadmap_catalog" name="test_candidate_ranking_prefers_unlocked_topics_before_progress_signals" time="0.002" /><testcase classname="tests.test_mission_roadmap_catalog" name="test_candidate_ranking_uses_seeded_rng_for_exact_ties" time="0.002"><failure message="AssertionError: assert {'id': 'first...: 'available'} == {'id': 'secon...: 'available'}&#10;  &#10;  Omitting 2 identical items, use -vv to show&#10;  Differing items:&#10;  {'id': 'first'} != {'id': 'second'}&#10;  {'label': 'First'} != {'label': 'Second'}&#10;  Use -v to get more diff">tests\test_mission_roadmap_catalog.py:65: in test_candidate_ranking_uses_seeded_rng_for_exact_ties
    assert actual == expected
E   AssertionError: assert {'id': 'first...: 'available'} == {'id': 'secon...: 'available'}
E     
E     Omitting 2 identical items, use -vv to show
E     Differing items:
E     {'id': 'first'} != {'id': 'second'}
E     {'label': 'First'} != {'label': 'Second'}
E     Use -v to get more diff</failure></testcase><testcase classname="tests.test_company_aware_planner_phase2b.TestPlannerIntegration" name="test_ci_adds_positive_term_when_enabled" time="0.002" /><testcase classname="tests.test_company_aware_planner_phase2b.TestPlannerIntegration" name="test_ci_never_dominates_learner_signal" time="0.003" /><testcase classname="tests.test_company_aware_planner_phase2b.TestPlannerIntegration" name="test_explainability_present_in_breakdown" time="0.001" /><testcase classname="tests.test_company_aware_planner_phase2b.TestFallback" name="test_enabled_but_unknown_company_falls_back" time="0.001" /><testcase classname="tests.test_company_aware_planner_phase2b.TestFallback" name="test_disabled_adds_no_ci_term" time="0.002" /><testcase classname="tests.test_company_aware_planner_phase2b.TestFallback" name="test_no_target_companies_no_ci" time="0.001" /><testcase classname="tests.test_learner_intelligence_phase2c.TestVelocity" name="test_accelerating_velocity" time="0.001" /><testcase classname="tests.test_learner_intelligence_phase2c.TestVelocity" name="test_decelerating_velocity" time="0.003" /><testcase classname="tests.test_learner_intelligence_phase2c.TestVelocity" name="test_no_dates_zero_velocity" time="0.001" /><testcase classname="tests.test_learner_intelligence_phase2c.TestConsistency" name="test_streak_and_consistency" time="0.001" /><testcase classname="tests.test_learner_intelligence_phase2c.TestConsistency" name="test_streak_counts_from_yesterday_if_today_idle" time="0.001" /><testcase classname="tests.test_learner_intelligence_phase2c.TestConsistency" name="test_skipped_count_tracked" time="0.001" /><testcase classname="tests.test_learner_intelligence_phase2c.TestMasteryTrend" name="test_mastered" time="0.001" /><testcase classname="tests.test_learner_intelligence_phase2c.TestMasteryTrend" name="test_regressing" time="0.001" /><testcase classname="tests.test_learner_intelligence_phase2c.TestMasteryTrend" name="test_plateau_vs_improving" time="0.002" /><testcase classname="tests.test_learner_intelligence_phase2c.TestDifficultyAdaptation" name="test_decrease_when_struggling" time="0.001" /><testcase classname="tests.test_learner_intelligence_phase2c.TestDifficultyAdaptation" name="test_increase_when_progressing" time="0.002" /><testcase classname="tests.test_learner_intelligence_phase2c.TestDifficultyAdaptation" name="test_maintain_default" time="0.001" /><testcase classname="tests.test_learner_intelligence_phase2c.TestPlannerAdapter" name="test_weak_track_node_gets_positive_signal" time="0.001" /><testcase classname="tests.test_learner_intelligence_phase2c.TestPlannerAdapter" name="test_signal_is_bounded" time="0.001" /><testcase classname="tests.test_learner_intelligence_phase2c.TestPlannerAdapter" name="test_empty_snapshot_returns_zero" time="0.001" /><testcase classname="tests.test_learner_intelligence_phase2c.TestPlannerIntegration" name="test_enabled_changes_score" time="0.002" /><testcase classname="tests.test_learner_intelligence_phase2c.TestPlannerIntegration" name="test_disabled_is_byte_identical_to_no_context_term" time="0.001" /><testcase classname="tests.test_learner_intelligence_phase2c.TestPlannerIntegration" name="test_does_not_dominate_knowledge_gap" time="0.001" /><testcase classname="tests.test_learner_intelligence_phase2c.TestExplainability" name="test_snapshot_summary_reasons" time="0.001" /><testcase classname="tests.test_learner_intelligence_phase2c.TestExplainability" name="test_empty_snapshot_summary_unavailable" time="0.001" /><testcase classname="tests.test_learner_intelligence_phase2c.TestExplainability" name="test_contributions_summary_ordered" time="0.002" /><testcase classname="tests.test_roadmap_node_progress" name="test_learning_node_traversal_helpers_follow_roadmap_prerequisites" time="0.005" /><testcase classname="tests.test_roadmap_node_progress" name="test_initializer_builds_one_idempotent_progress_row_per_learning_node" time="0.104" /><testcase classname="tests.test_roadmap_node_progress" name="test_initial_progress_defaults_do_not_depend_on_existing_progress_collections" time="0.002" /><testcase classname="tests.test_ai_gateway.TestGatewayLifecycle" name="test_complete_success" time="0.003" /><testcase classname="tests.test_ai_gateway.TestGatewayLifecycle" name="test_complete_no_providers_raises" time="0.003" /><testcase classname="tests.test_ai_gateway.TestGatewayLifecycle" name="test_initialise_idempotent" time="0.003" /><testcase classname="tests.test_ai_gateway.TestRetryLogic" name="test_retry_on_timeout" time="1.498" /><testcase classname="tests.test_ai_gateway.TestRetryLogic" name="test_exhausts_retries" time="0.003" /><testcase classname="tests.test_ai_gateway.TestRetryLogic" name="test_non_retryable_error_skips_retry" time="0.003" /><testcase classname="tests.test_phase5_consumer_hardening.TestKnowledgeGenerationConsumer" name="test_uses_knowledge_generation_capability" time="0.003" /><testcase classname="tests.test_phase5_consumer_hardening.TestKnowledgeGenerationConsumer" name="test_malformed_response_is_surfaced_as_text" time="0.004" /><testcase classname="tests.test_phase5_consumer_hardening.TestKnowledgeGenerationConsumer" name="test_knowledge_parser_integration" time="0.001" /><testcase classname="tests.test_phase5_consumer_hardening.TestMissionNarrativeConsumer" name="test_uses_mission_narrative_capability" time="0.003" /><testcase classname="tests.test_phase5_consumer_hardening.TestMissionNarrativeConsumer" name="test_ai_failure_returns_empty_dict" time="0.007" /><testcase classname="tests.test_phase5_consumer_hardening.TestMissionNarrativeConsumer" name="test_malformed_json_returns_empty_dict" time="0.005" /><testcase classname="tests.test_phase5_consumer_hardening.TestResponseContract" name="test_response_metadata_populated" time="0.002" /><testcase classname="tests.test_phase5_consumer_hardening.TestResponseContract" name="test_model_used_reflects_tier_selection" time="0.004" /><testcase classname="tests.test_phase5_consumer_hardening.TestResponseContract" name="test_ai_service_returns_only_text" time="0.003" /><testcase classname="tests.test_phase5_consumer_hardening.TestParserIntegration" name="test_prompt_builder_uses_shared_parser" time="0.001" /><testcase classname="tests.test_phase5_consumer_hardening.TestParserIntegration" name="test_mentor_service_uses_shared_parser" time="0.002" /><testcase classname="tests.test_phase5_consumer_hardening.TestParserIntegration" name="test_mission_planner_uses_shared_parser" time="0.002" /><testcase classname="tests.test_mission_assessment_phase3c.TestTasksAndContext" name="test_tasks_all_complete" time="0.001" /><testcase classname="tests.test_mission_assessment_phase3c.TestTasksAndContext" name="test_context_prefers_coding_node" time="0.001" /><testcase classname="tests.test_mission_assessment_phase3c.TestTasksAndContext" name="test_context_falls_back_to_study_then_topic" time="0.001" /><testcase classname="tests.test_mission_assessment_phase3c.TestCompletionGate" name="test_no_linked_assessment_allows_completion" time="0.005" /><testcase classname="tests.test_mission_assessment_phase3c.TestCompletionGate" name="test_incomplete_assessment_blocks_completion" time="0.002" /><testcase classname="tests.test_mission_assessment_phase3c.TestCompletionGate" name="test_completed_assessment_allows_completion" time="0.002" /><testcase classname="tests.test_company_aware_planner_phase2b.TestBiasEngine" name="test_bias_bounded" time="0.002" /><testcase classname="tests.test_company_aware_planner_phase2b.TestBiasEngine" name="test_empty_context_neutral" time="0.003" /><testcase classname="tests.test_company_aware_planner_phase2b.TestExplainability" name="test_summary_shape" time="0.002" /><testcase classname="tests.test_company_aware_planner_phase2b.TestExplainability" name="test_lowest_confidence_exposed" time="0.001" /><testcase classname="tests.test_learner_intelligence_phase2c.TestConfidenceTrend" name="test_rising_confidence" time="0.001" /><testcase classname="tests.test_learner_intelligence_phase2c.TestConfidenceTrend" name="test_declining_confidence" time="0.001" /><testcase classname="tests.test_learner_intelligence_phase2c.TestRetention" name="test_success_and_failure_counts" time="0.002" /><testcase classname="tests.test_learner_intelligence_phase2c.TestRetention" name="test_repeated_mistakes" time="0.001" /><testcase classname="tests.test_learner_intelligence_phase2c.TestRevisionHealth" name="test_debt_and_backlog" time="0.002" /><testcase classname="tests.test_learner_intelligence_phase2c.TestRevisionHealth" name="test_no_scheduled_is_healthy" time="0.001" /><testcase classname="tests.test_learner_intelligence_phase2c.TestCodingGrowth" name="test_has_signal_and_progression" time="0.003" /><testcase classname="tests.test_learner_intelligence_phase2c.TestCodingGrowth" name="test_no_coding_signal" time="0.002" /><testcase classname="tests.test_learner_intelligence_phase2c.TestReadinessTrend" name="test_upward" time="0.001" /><testcase classname="tests.test_learner_intelligence_phase2c.TestReadinessTrend" name="test_declining" time="0.001" /><testcase classname="tests.test_ai_gateway.TestProviderFailover" name="test_failover_to_second_provider" time="0.005" /><testcase classname="tests.test_ai_gateway.TestProviderFailover" name="test_all_providers_exhausted" time="0.004" /><testcase classname="tests.test_phase5_consumer_hardening.TestMentorChatConsumer" name="test_uses_mentor_chat_capability" time="0.004" /><testcase classname="tests.test_phase5_consumer_hardening.TestMentorChatConsumer" name="test_empty_response_does_not_crash_service" time="0.008" /><testcase classname="tests.test_phase5_consumer_hardening.TestMentorLessonConsumer" name="test_uses_mentor_lesson_capability" time="0.004" /><testcase classname="tests.test_phase5_consumer_hardening.TestMentorLessonConsumer" name="test_lesson_uses_shared_parser" time="0.002" /><testcase classname="tests.test_phase5_consumer_hardening.TestAssessmentContentCapability" name="test_assessment_capability_is_registered" time="0.002" /><testcase classname="tests.test_phase5_consumer_hardening.TestAssessmentContentCapability" name="test_assessment_routes_through_gateway" time="0.003" /><testcase classname="tests.test_mission_assessment_phase3c.TestEnrichment" name="test_enrich_adds_optional_fields" time="0.003" /><testcase classname="tests.test_mission_assessment_phase3c.TestEnrichment" name="test_enrich_safe_without_assessment" time="0.005" /><testcase classname="tests.test_company_aware_planner_phase2b.TestExperienceLevel" name="test_position_mapping" time="0.001" /><testcase classname="tests.test_ai_gateway.TestResponsePipeline" name="test_response_contains_metadata" time="0.003" /><testcase classname="tests.test_ai_gateway.TestRequestPipeline" name="test_request_passes_through" time="0.001" /><testcase classname="tests.test_ai_gateway.TestModelUsedInResponse" name="test_model_used_is_selected_model_not_provider_default" time="0.004" /><testcase classname="tests.test_streak_engine" name="test_streak_starts_on_first_activity_and_stays_same_day" time="0.001" /><testcase classname="tests.test_phase5_consumer_hardening.TestErrorBoundary" name="test_provider_error_message_is_user_safe" time="0.002" /><testcase classname="tests.test_phase5_consumer_hardening.TestErrorBoundary" name="test_fallback_error_truncates_raw_message" time="0.002" /><testcase classname="tests.test_phase5_consumer_hardening.TestErrorBoundary" name="test_all_providers_exhausted_error" time="0.009" /></testsuite></testsuites>