<?xml version="1.0" encoding="utf-8"?><testsuites name="pytest tests"><testsuite name="pytest" errors="0" failures="6" skipped="0" tests="187" time="12.130" timestamp="2026-09-09T20:12:55.398755+05:30" hostname="Teja"><testcase classname="tests.test_adaptive_planning_phase4_step2" name="test_A1_absolute_beginner_starts_at_programming_fundamentals" time="0.198" /><testcase classname="tests.test_evidence_provenance" name="test_baseline_without_evidence_has_zero_actual_and_no_persisted_seed[programming_fundamentals-0]" time="0.323" /><testcase classname="tests.test_adaptive_planning_phase4_step2" name="test_A2_low_pf_learner_continues_programming_fundamentals" time="0.161" /><testcase classname="tests.test_evidence_provenance" name="test_baseline_without_evidence_has_zero_actual_and_no_persisted_seed[programming_fundamentals-7]" time="0.318" /><testcase classname="tests.test_adaptive_planning_phase4_step2" name="test_A3_strong_pf_declaration_progresses_into_java" time="0.196" /><testcase classname="tests.test_adaptive_planning_phase4_step2" name="test_B1_oracle_learner_gets_core_cs_mission" time="0.202" /><testcase classname="tests.test_evidence_provenance" name="test_baseline_without_evidence_has_zero_actual_and_no_persisted_seed[programming_fundamentals-9]" time="0.227" /><testcase classname="tests.test_adaptive_planning_phase4_step2" name="test_B2_google_learner_favours_dsa_over_core_cs" time="0.140" /><testcase classname="tests.test_evidence_provenance" name="test_baseline_without_evidence_has_zero_actual_and_no_persisted_seed[programming_fundamentals-10]" time="0.351" /><testcase classname="tests.test_adaptive_planning_phase4_step2" name="test_C1_pf_java_dsa_complete_moves_to_core_cs" time="0.220" /><testcase classname="tests.test_adaptive_planning_phase4_step2" name="test_D1_senior_with_weak_dsa_and_google_target_gets_dsa" time="0.157" /><testcase classname="tests.test_evidence_provenance" name="test_baseline_without_evidence_has_zero_actual_and_no_persisted_seed[java-7]" time="0.044" /><testcase classname="tests.test_evidence_provenance" name="test_baseline_without_evidence_has_zero_actual_and_no_persisted_seed[dsa-9]" time="0.049" /><testcase classname="tests.test_adaptive_planning_phase4_step2" name="test_D2_senior_with_weak_core_cs_gets_core_cs" time="0.175" /><testcase classname="tests.test_evidence_provenance" name="test_baseline_without_evidence_has_zero_actual_and_no_persisted_seed[operating_systems-6]" time="0.051" /><testcase classname="tests.test_evidence_provenance" name="test_baseline_without_evidence_has_zero_actual_and_no_persisted_seed[dbms-5]" time="0.057" /><testcase classname="tests.test_evidence_provenance" name="test_baseline_without_evidence_has_zero_actual_and_no_persisted_seed[computer_networks-4]" time="0.090" /><testcase classname="tests.test_adaptive_planning_phase4_step2" name="test_E1_and_E2_same_learner_different_company_yields_different_track" time="0.387" /><testcase classname="tests.test_evidence_provenance" name="test_baseline_without_evidence_has_zero_actual_and_no_persisted_seed[lld-8]" time="0.087" /><testcase classname="tests.test_evidence_provenance" name="test_baseline_without_evidence_has_zero_actual_and_no_persisted_seed[hld-3]" time="0.067" /><testcase classname="tests.test_evidence_provenance" name="test_all_eight_actual_and_baseline_remain_separate[programming_fundamentals]" time="0.054" /><testcase classname="tests.test_evidence_provenance" name="test_all_eight_actual_and_baseline_remain_separate[dsa]" time="0.056" /><testcase classname="tests.test_evidence_provenance" name="test_all_eight_actual_and_baseline_remain_separate[java]" time="0.052" /><testcase classname="tests.test_adaptive_planning_phase4_step2" name="test_F1_urgent_timeline_prefers_revision_or_high_frequency_content" time="0.170" /><testcase classname="tests.test_evidence_provenance" name="test_all_eight_actual_and_baseline_remain_separate[lld]" time="0.036" /><testcase classname="tests.test_evidence_provenance" name="test_all_eight_actual_and_baseline_remain_separate[hld]" time="0.037" /><testcase classname="tests.test_evidence_provenance" name="test_all_eight_actual_and_baseline_remain_separate[operating_systems]" time="0.049" /><testcase classname="tests.test_evidence_provenance" name="test_all_eight_actual_and_baseline_remain_separate[dbms]" time="0.053" /><testcase classname="tests.test_adaptive_planning_phase4_step2" name="test_J2_high_actual_mastery_outranks_high_self_assessment" time="0.007" /><testcase classname="tests.test_adaptive_planning_phase4_step2" name="test_J1_low_actual_mastery_outranks_high_self_assessment" time="0.008" /><testcase classname="tests.test_adaptive_planning_phase4_step2" name="test_K_company_flips_priority_between_dsa_and_core_cs" time="0.363" /><testcase classname="tests.test_evidence_provenance" name="test_all_eight_actual_and_baseline_remain_separate[computer_networks]" time="0.061" /><testcase classname="tests.test_evidence_provenance" name="test_legacy_with_dates_attempts_and_wrong_track_never_certifies_mastery" time="0.050" /><testcase classname="tests.test_evidence_provenance" name="test_later_task_gain_preserves_unknown_seventy_and_only_uses_certified_prior" time="0.714" /><testcase classname="tests.test_adaptive_planning_phase4_step2" name="test_backwards_compat_default_ranking_unchanged_without_context" time="0.001" /><testcase classname="tests.test_adaptive_planning_phase4_step2" name="test_effective_knowledge_is_pure_self_assessment_at_zero_evidence" time="0.002" /><testcase classname="tests.test_adaptive_planning_phase4_step2" name="test_effective_knowledge_asymptotes_toward_actual_with_evidence" time="0.004" /><testcase classname="tests.test_adaptive_planning_phase4_step2" name="test_weights_registry_supports_per_call_overrides" time="0.001" /><testcase classname="tests.test_learning_engine" name="test_unlock_logic_respects_prerequisites" time="0.002" /><testcase classname="tests.test_learning_engine" name="test_get_unlocked_and_next_unlockable_nodes" time="0.014" /><testcase classname="tests.test_learning_engine" name="test_first_time_beginner_starts_from_programming_fundamentals" time="0.304" /><testcase classname="tests.test_learning_engine" name="test_onboarding_self_assessment_accepts_zero_as_no_knowledge" time="0.002" /><testcase classname="tests.test_learning_engine" name="test_ranking_prefers_low_confidence_and_high_weakness" time="0.002" /><testcase classname="tests.test_learning_engine" name="test_planner_returns_revision_before_other_candidates" time="0.143"><failure message="AssertionError: assert 'behavioral.framework.star' == 'dsa.foundati...ys.diff_array'&#10;  &#10;  - dsa.foundations.arrays.diff_array&#10;  + behavioral.framework.star">tests\test_learning_engine.py:127: in test_planner_returns_revision_before_other_candidates
    assert recommendation["node_id"] == "dsa.foundations.arrays.diff_array"
E   AssertionError: assert 'behavioral.framework.star' == 'dsa.foundati...ys.diff_array'
E     
E     - dsa.foundations.arrays.diff_array
E     + behavioral.framework.star</failure></testcase><testcase classname="tests.test_evidence_provenance" name="test_new_status_records_completion_without_certifying_unknown_mastery" time="0.195" /><testcase classname="tests.test_evidence_provenance" name="test_explicit_new_confidence_is_independent_measurement_and_preserves_legacy" time="0.014" /><testcase classname="tests.test_evidence_provenance" name="test_attempt_and_revision_facts_preserved_without_certifying_old_scores" time="0.075" /><testcase classname="tests.test_evidence_provenance" name="test_unsupported_sources_missing_stamps_and_wrong_version_are_excluded" time="0.453" /><testcase classname="tests.test_evidence_provenance" name="test_unknown_track_identity_is_inspectable_but_not_in_actual_totals" time="0.010" /><testcase classname="tests.test_evidence_provenance" name="test_kb_api_rollups_readiness_and_mentor_exclude_legacy" time="0.757" /><testcase classname="tests.test_learning_engine" name="test_builder_output_shape" time="0.002" /><testcase classname="tests.test_learning_engine" name="test_planner_builds_support_and_core_recommendations_from_roadmap" time="0.243" /><testcase classname="tests.test_learning_engine" name="test_revision_selection_uses_due_reviews" time="0.005" /><testcase classname="tests.test_learning_engine" name="test_mission_engine_uses_learning_recommendation_when_provided" time="0.231" /><testcase classname="tests.test_evidence_provenance" name="test_all_subject_completion_is_certified_or_explicit_planner_compatibility" time="0.104" /><testcase classname="tests.test_evidence_provenance" name="test_onboarding_update_does_not_overwrite_actual_or_legacy_and_invalidates_targeted_mission" time="0.025"><failure message="pydantic_core._pydantic_core.ValidationError: 1 validation error for OnboardingPayload&#10;target_companies&#10;  List should have at least 1 item after validation, not 0 [type=too_short, input_value=[], input_type=list]&#10;    For further information visit https://errors.pydantic.dev/2.13/v/too_short">tests\test_evidence_provenance.py:265: in test_onboarding_update_does_not_overwrite_actual_or_legacy_and_invalidates_targeted_mission
    asyncio.run(run())
C:\Program Files\WindowsApps\PythonSoftwareFoundation.Python.3.11_3.11.2544.0_x64__qbz5n2kfra8p0\Lib\asyncio\runners.py:190: in run
    return runner.run(main)
           ^^^^^^^^^^^^^^^^
C:\Program Files\WindowsApps\PythonSoftwareFoundation.Python.3.11_3.11.2544.0_x64__qbz5n2kfra8p0\Lib\asyncio\runners.py:118: in run
    return self._loop.run_until_complete(task)
           ^^^^^^^^^^^^^^^^^^^^^^^^^^^^^^^^^^^
C:\Program Files\WindowsApps\PythonSoftwareFoundation.Python.3.11_3.11.2544.0_x64__qbz5n2kfra8p0\Lib\asyncio\base_events.py:654: in run_until_complete
    return future.result()
           ^^^^^^^^^^^^^^^
tests\test_evidence_provenance.py:256: in run
    payload = OnboardingPayload(interview_target_date="2027-01-01", target_companies=[], current_position="student", daily_study_hours=2,
E   pydantic_core._pydantic_core.ValidationError: 1 validation error for OnboardingPayload
E   target_companies
E     List should have at least 1 item after validation, not 0 [type=too_short, input_value=[], input_type=list]
E       For further information visit https://errors.pydantic.dev/2.13/v/too_short</failure></testcase><testcase classname="tests.test_learning_engine" name="test_mission_engine_does_not_use_legacy_selection_when_recommendation_is_provided" time="0.209" /><testcase classname="tests.test_learning_engine" name="test_mission_engine_uses_support_recommendation_when_provided" time="0.006" /><testcase classname="tests.test_learning_engine" name="test_mission_engine_does_not_fallback_to_legacy_support_topic_when_track_is_valid_but_no_unlocked_node" time="0.002" /><testcase classname="tests.test_learning_engine" name="test_mission_engine_does_not_fallback_to_legacy_core_topic_when_no_unlocked_core_node_available" time="0.001" /><testcase classname="tests.test_learning_engine" name="test_mission_engine_preserves_existing_selection_when_recommendation_is_none" time="0.002" /><testcase classname="tests.test_learning_engine" name="test_revision_task_node_id_propagates" time="0.002" /><testcase classname="tests.test_company_aware_planner_phase2b.TestScoringEngine" name="test_google_dsa_signal_positive" time="0.003" /><testcase classname="tests.test_company_aware_planner_phase2b.TestScoringEngine" name="test_company_specific_differences" time="0.003" /><testcase classname="tests.test_company_aware_planner_phase2b.TestScoringEngine" name="test_multiple_companies_average" time="0.002" /><testcase classname="tests.test_company_aware_planner_phase2b.TestScoringEngine" name="test_experience_level_suppresses_design_for_new_grad" time="0.003" /><testcase classname="tests.test_company_aware_planner_phase2b.TestScoringEngine" name="test_confidence_scales_signal" time="0.002" /><testcase classname="tests.test_company_aware_planner_phase2b.TestScoringEngine" name="test_empty_context_zero" time="0.001" /><testcase classname="tests.test_company_aware_planner_phase2b.TestScoringEngine" name="test_unknown_subject_neutral_not_crash" time="0.003" /><testcase classname="tests.test_company_aware_planner_phase2b.TestScoringEngine" name="test_deterministic" time="0.003" /><testcase classname="tests.test_interview_pacing" name="test_pacing_state_180_days_is_on_track" time="0.002" /><testcase classname="tests.test_interview_pacing" name="test_pacing_state_45_days_is_accelerated" time="0.003" /><testcase classname="tests.test_interview_pacing" name="test_pacing_state_15_days_is_critical" time="0.001" /><testcase classname="tests.test_interview_pacing" name="test_mission_practice_count_still_driven_by_study_hours_at_same_urgency" time="0.289"><failure message="AssertionError: assert 3 &lt; 3&#10; +  where 3 = MissionTask(id='daefae75-c041-4dd8-ba97-c4c40d96525f', title='Solve 3 Two Pointers problems', kind='practice', topic='...leted=False, completed_at=None, pattern='two_pointers', problem_count=3, node_id='dsa.foundations.two_pointers.basics').problem_count&#10; +  and   3 = MissionTask(id='419327dd-b1f7-438f-bf7b-2df7345c5f4a', title='Solve 3 Two Pointers problems', kind='practice', topic='...leted=False, completed_at=None, pattern='two_pointers', problem_count=3, node_id='dsa.foundations.two_pointers.basics').problem_count">tests\test_interview_pacing.py:84: in test_mission_practice_count_still_driven_by_study_hours_at_same_urgency
    assert low_practice.problem_count &lt; high_practice.problem_count
E   AssertionError: assert 3 &lt; 3
E    +  where 3 = MissionTask(id='daefae75-c041-4dd8-ba97-c4c40d96525f', title='Solve 3 Two Pointers problems', kind='practice', topic='...leted=False, completed_at=None, pattern='two_pointers', problem_count=3, node_id='dsa.foundations.two_pointers.basics').problem_count
E    +  and   3 = MissionTask(id='419327dd-b1f7-438f-bf7b-2df7345c5f4a', title='Solve 3 Two Pointers problems', kind='practice', topic='...leted=False, completed_at=None, pattern='two_pointers', problem_count=3, node_id='dsa.foundations.two_pointers.basics').problem_count</failure></testcase><testcase classname="tests.test_curriculum_sync_phase2_metadata" name="test_programming_fundamentals_is_the_root_subject" time="0.034" /><testcase classname="tests.test_curriculum_sync_phase2_metadata" name="test_generator_source_of_truth_matches_expected_dag" time="0.002" /><testcase classname="tests.test_curriculum_sync_phase2_metadata" name="test_canonical_subject_dependency_dag" time="0.003" /><testcase classname="tests.test_curriculum_sync_phase2_metadata" name="test_unlock_chain_is_exact_reverse_of_prerequisite_dag" time="0.001" /><testcase classname="tests.test_curriculum_sync_phase2_metadata" name="test_recommended_next_subjects_matches_unlocks" time="0.001" /><testcase classname="tests.test_curriculum_sync_phase2_metadata" name="test_no_broken_subject_references" time="0.002" /><testcase classname="tests.test_curriculum_sync_phase2_metadata" name="test_no_cycles_in_subject_prerequisite_graph" time="0.002" /><testcase classname="tests.test_curriculum_sync_phase2_metadata" name="test_every_module_has_complete_curriculum_sync_metadata" time="0.001" /><testcase classname="tests.test_curriculum_sync_phase2_metadata" name="test_every_topic_has_complete_curriculum_sync_metadata" time="0.002" /><testcase classname="tests.test_curriculum_sync_phase2_metadata" name="test_first_module_of_a_subject_links_to_every_prerequisite_subjects_last_module" time="0.002" /><testcase classname="tests.test_curriculum_sync_phase2_metadata" name="test_isolated_subjects_have_no_academic_prerequisite_edges" time="0.001" /><testcase classname="tests.test_curriculum_sync_phase2_metadata" name="test_academic_subjects_never_reference_isolated_subjects" time="0.001" /><testcase classname="tests.test_curriculum_sync_phase2_metadata" name="test_language_support_metadata_is_future_ready" time="0.001" /><testcase classname="tests.test_curriculum_sync_phase2_metadata" name="test_existing_prerequisites_field_is_untouched_by_phase2_metadata" time="0.005" /><testcase classname="tests.test_curriculum_sync_phase2_metadata" name="test_roadmap_generation_is_deterministic_across_processes" time="0.973" /><testcase classname="tests.test_interview_pacing" name="test_high_urgency_uses_same_daily_capacity_more_aggressively" time="0.338" /><testcase classname="tests.test_interview_pacing" name="test_ranking_urgency_prioritizes_interview_value_and_shorter_nodes" time="0.003" /><testcase classname="tests.test_interview_pacing" name="test_missing_interview_date_pacing_state_is_a_noop" time="0.002" /><testcase classname="tests.test_interview_pacing" name="test_missing_interview_date_falls_back_to_current_mission_behavior" time="0.372" /><testcase classname="tests.test_learning_stage_engine" name="test_beginner_with_no_progress_starts_at_foundation" time="0.009" /><testcase classname="tests.test_learning_stage_engine" name="test_completing_all_foundation_nodes_advances_current_stage_to_core" time="0.008" /><testcase classname="tests.test_learning_stage_engine" name="test_revision_state_reflects_due_next_revision_field" time="0.007" /><testcase classname="tests.test_learning_stage_engine" name="test_learning_velocity_requires_at_least_two_days_of_history" time="0.016" /><testcase classname="tests.test_learning_stage_engine" name="test_compute_all_subject_states_covers_every_track" time="0.068" /><testcase classname="tests.test_eligibility_engine" name="test_total_beginner_never_sees_advanced_stage_nodes" time="0.069" /><testcase classname="tests.test_eligibility_engine" name="test_completed_nodes_are_excluded_from_eligible_set" time="0.042" /><testcase classname="tests.test_curriculum_sync_phase2_metadata" name="test_total_node_count_unchanged_by_regeneration" time="0.001" /><testcase classname="tests.test_company_aware_ranking" name="test_google_and_oracle_users_get_different_top_pick" time="0.002" /><testcase classname="tests.test_company_aware_ranking" name="test_uber_and_microsoft_users_prioritize_different_topics" time="0.001" /><testcase classname="tests.test_company_aware_ranking" name="test_ranking_without_target_companies_is_unaffected" time="0.001" /><testcase classname="tests.test_company_aware_ranking" name="test_company_importance_breaks_exact_ties" time="0.001" /><testcase classname="tests.test_eligibility_engine" name="test_skip_node_ids_are_excluded" time="0.051" /><testcase classname="tests.test_company_aware_ranking" name="test_changing_onboarding_target_companies_changes_planner_output" time="0.267" /><testcase classname="tests.test_eligibility_engine" name="test_high_urgency_widens_stage_cap_to_admit_interview_stage_nodes" time="0.077" /><testcase classname="tests.test_eligibility_engine" name="test_eligible_pool_is_meaningfully_smaller_than_all_unlocked_nodes" time="0.082" /><testcase classname="tests.test_universal_node_actions" name="test_topic_meta_covers_every_real_roadmap_track" time="0.002" /><testcase classname="tests.test_universal_node_actions" name="test_support_task_for_behavioral_track_gets_a_node_id_via_fallback_selection" time="0.157" /><testcase classname="tests.test_company_aware_ranking" name="test_legacy_choose_focus_topic_still_uses_roadmap_company_importance" time="0.001" /><testcase classname="tests.test_company_aware_ranking" name="test_mandatory_signals_untouched_unlock_and_revision" time="0.006" /><testcase classname="tests.test_mission_context" name="test_coding_node_builds_coding_context_and_opens_arena" time="0.001" /><testcase classname="tests.test_mission_context" name="test_study_node_opens_kb_and_has_no_representative_problems" time="0.001" /><testcase classname="tests.test_mission_context" name="test_representative_problems_never_leak_other_topics_or_stages" time="0.001" /><testcase classname="tests.test_mission_context" name="test_unknown_node_returns_none" time="0.001" /><testcase classname="tests.test_mission_context" name="test_context_is_json_serialisable" time="0.001" /><testcase classname="tests.test_mission_context_cta" name="test_cta_rules_match_frozen_contract" time="0.001" /><testcase classname="tests.test_mission_context_cta" name="test_cta_labels_present" time="0.001" /><testcase classname="tests.test_mission_context_cta" name="test_cta_none_for_missing_activity" time="0.001" /><testcase classname="tests.test_mission_context_cta" name="test_study_node_projects_to_knowledge_base_cta" time="0.002" /><testcase classname="tests.test_mission_context_cta" name="test_coding_node_projects_to_arena_cta" time="0.002" /><testcase classname="tests.test_candidate_generation" name="test_candidate_pool_is_compact_and_within_expected_range" time="0.081"><failure message="assert 0 &gt; 30&#10; +  where 0 = len([])">tests\test_candidate_generation.py:28: in test_candidate_pool_is_compact_and_within_expected_range
    assert len(eligible) &gt; DEFAULT_MAX_CANDIDATES  # sanity: trimming is actually needed
    ^^^^^^^^^^^^^^^^^^^^^^^^^^^^^^^^^^^^^^^^^^^^^
E   assert 0 &gt; 30
E    +  where 0 = len([])</failure></testcase><testcase classname="tests.test_universal_node_actions" name="test_support_task_for_dsa_track_still_works_unchanged" time="0.112" /><testcase classname="tests.test_candidate_generation" name="test_candidate_generation_is_a_noop_when_pool_already_compact" time="0.030" /><testcase classname="tests.test_candidate_generation" name="test_candidate_generation_is_deterministic" time="0.042" /><testcase classname="tests.test_candidate_generation" name="test_weakest_or_revision_due_track_is_prioritized" time="0.059"><failure message="assert False&#10; +  where False = any(&lt;generator object test_weakest_or_revision_due_track_is_prioritized.&lt;locals&gt;.&lt;genexpr&gt; at 0x000001947B642A40&gt;)">tests\test_candidate_generation.py:73: in test_weakest_or_revision_due_track_is_prioritized
    assert any(n.get("track") == "dsa" for n in candidates)
E   assert False
E    +  where False = any(&lt;generator object test_weakest_or_revision_due_track_is_prioritized.&lt;locals&gt;.&lt;genexpr&gt; at 0x000001947B642A40&gt;)</failure></testcase><testcase classname="tests.test_universal_node_actions" name="test_every_track_produces_atomic_learning_nodes_not_just_dsa_and_lld" time="0.002" /><testcase classname="tests.test_universal_node_actions" name="test_leaf_topic_nodes_are_unlockable_and_lookup_by_id_works" time="0.001" /><testcase classname="tests.test_learner_intelligence_phase2c.TestWeaknessStability" name="test_persistent" time="0.002" /><testcase classname="tests.test_learner_intelligence_phase2c.TestWeaknessStability" name="test_recovered" time="0.002" /><testcase classname="tests.test_learner_intelligence_phase2c.TestWeaknessStability" name="test_recurring" time="0.002" /><testcase classname="tests.test_learner_intelligence_phase2c.TestWeaknessStability" name="test_temporary" time="0.001" /><testcase classname="tests.test_learner_intelligence_phase2c.TestFallbackAndRegression" name="test_engine_never_raises_on_garbage" time="0.006" /><testcase classname="tests.test_learner_intelligence_phase2c.TestFallbackAndRegression" name="test_empty_input_is_empty_snapshot" time="0.001" /><testcase classname="tests.test_learner_intelligence_phase2c.TestFallbackAndRegression" name="test_scoring_unchanged_without_learner_context" time="0.002" /><testcase classname="tests.test_learner_intelligence_phase2c.TestFallbackAndRegression" name="test_snapshot_is_deterministic" time="0.003" /><testcase classname="tests.test_company_aware_planner_phase2b.TestPlannerIntegration" name="test_ci_adds_positive_term_when_enabled" time="0.003" /><testcase classname="tests.test_company_aware_planner_phase2b.TestPlannerIntegration" name="test_ci_never_dominates_learner_signal" time="0.002" /><testcase classname="tests.test_company_aware_planner_phase2b.TestPlannerIntegration" name="test_explainability_present_in_breakdown" time="0.002" /><testcase classname="tests.test_learner_intelligence_phase2c.TestTrendAnalysis" name="test_split_mean_delta_rising" time="0.002" /><testcase classname="tests.test_company_aware_planner_phase2b.TestFallback" name="test_enabled_but_unknown_company_falls_back" time="0.002" /><testcase classname="tests.test_company_aware_planner_phase2b.TestFallback" name="test_disabled_adds_no_ci_term" time="0.003" /><testcase classname="tests.test_learner_intelligence_phase2c.TestTrendAnalysis" name="test_split_mean_delta_short_series_is_flat" time="0.001" /><testcase classname="tests.test_learner_intelligence_phase2c.TestTrendAnalysis" name="test_classify_bands" time="0.001" /><testcase classname="tests.test_company_aware_planner_phase2b.TestFallback" name="test_no_target_companies_no_ci" time="0.002" /><testcase classname="tests.test_learner_intelligence_phase2c.TestTrendAnalysis" name="test_determinism" time="0.001" /><testcase classname="tests.test_learner_intelligence_phase2c.TestConsistency" name="test_streak_and_consistency" time="0.001" /><testcase classname="tests.test_learner_intelligence_phase2c.TestVelocity" name="test_accelerating_velocity" time="0.001" /><testcase classname="tests.test_learner_intelligence_phase2c.TestConsistency" name="test_streak_counts_from_yesterday_if_today_idle" time="0.002" /><testcase classname="tests.test_learner_intelligence_phase2c.TestVelocity" name="test_decelerating_velocity" time="0.002" /><testcase classname="tests.test_learner_intelligence_phase2c.TestConsistency" name="test_skipped_count_tracked" time="0.002" /><testcase classname="tests.test_learner_intelligence_phase2c.TestVelocity" name="test_no_dates_zero_velocity" time="0.001" /><testcase classname="tests.test_learner_intelligence_phase2c.TestDifficultyAdaptation" name="test_decrease_when_struggling" time="0.001" /><testcase classname="tests.test_learner_intelligence_phase2c.TestMasteryTrend" name="test_mastered" time="0.002" /><testcase classname="tests.test_learner_intelligence_phase2c.TestDifficultyAdaptation" name="test_increase_when_progressing" time="0.002" /><testcase classname="tests.test_learner_intelligence_phase2c.TestMasteryTrend" name="test_regressing" time="0.001" /><testcase classname="tests.test_learner_intelligence_phase2c.TestDifficultyAdaptation" name="test_maintain_default" time="0.001" /><testcase classname="tests.test_learner_intelligence_phase2c.TestMasteryTrend" name="test_plateau_vs_improving" time="0.001" /><testcase classname="tests.test_learner_intelligence_phase2c.TestPlannerIntegration" name="test_enabled_changes_score" time="0.002"><failure message="assert 0.0 &gt; 0">tests\test_learner_intelligence_phase2c.py:396: in test_enabled_changes_score
    assert on["learner_intelligence_score"] &gt; 0
E   assert 0.0 &gt; 0</failure></testcase><testcase classname="tests.test_learner_intelligence_phase2c.TestPlannerAdapter" name="test_weak_track_node_gets_positive_signal" time="0.001" /><testcase classname="tests.test_learner_intelligence_phase2c.TestPlannerAdapter" name="test_signal_is_bounded" time="0.001" /><testcase classname="tests.test_learner_intelligence_phase2c.TestPlannerAdapter" name="test_empty_snapshot_returns_zero" time="0.001" /><testcase classname="tests.test_learner_intelligence_phase2c.TestExplainability" name="test_snapshot_summary_reasons" time="0.001" /><testcase classname="tests.test_learner_intelligence_phase2c.TestExplainability" name="test_empty_snapshot_summary_unavailable" time="0.001" /><testcase classname="tests.test_learner_intelligence_phase2c.TestExplainability" name="test_contributions_summary_ordered" time="0.001" /><testcase classname="tests.test_roadmap_node_progress" name="test_learning_node_traversal_helpers_follow_roadmap_prerequisites" time="0.006" /><testcase classname="tests.test_roadmap_node_progress" name="test_initializer_builds_one_idempotent_progress_row_per_learning_node" time="0.030" /><testcase classname="tests.test_learner_intelligence_phase2c.TestPlannerIntegration" name="test_disabled_is_byte_identical_to_no_context_term" time="0.002" /><testcase classname="tests.test_learner_intelligence_phase2c.TestPlannerIntegration" name="test_does_not_dominate_knowledge_gap" time="0.001" /><testcase classname="tests.test_company_aware_planner_phase2b.TestExplainability" name="test_summary_shape" time="0.002" /><testcase classname="tests.test_company_aware_planner_phase2b.TestExplainability" name="test_lowest_confidence_exposed" time="0.002" /><testcase classname="tests.test_learner_intelligence_phase2c.TestConfidenceTrend" name="test_rising_confidence" time="0.002" /><testcase classname="tests.test_learner_intelligence_phase2c.TestConfidenceTrend" name="test_declining_confidence" time="0.001" /><testcase classname="tests.test_learner_intelligence_phase2c.TestRetention" name="test_success_and_failure_counts" time="0.001" /><testcase classname="tests.test_learner_intelligence_phase2c.TestRetention" name="test_repeated_mistakes" time="0.001" /><testcase classname="tests.test_learner_intelligence_phase2c.TestRevisionHealth" name="test_debt_and_backlog" time="0.002" /><testcase classname="tests.test_roadmap_node_progress" name="test_initial_progress_defaults_do_not_depend_on_existing_progress_collections" time="0.002" /><testcase classname="tests.test_learner_intelligence_phase2c.TestRevisionHealth" name="test_no_scheduled_is_healthy" time="0.002" /><testcase classname="tests.test_learner_intelligence_phase2c.TestCodingGrowth" name="test_has_signal_and_progression" time="0.002" /><testcase classname="tests.test_company_aware_planner_phase2b.TestBiasEngine" name="test_bias_bounded" time="0.002" /><testcase classname="tests.test_learner_intelligence_phase2c.TestCodingGrowth" name="test_no_coding_signal" time="0.001" /><testcase classname="tests.test_company_aware_planner_phase2b.TestBiasEngine" name="test_empty_context_neutral" time="0.002" /><testcase classname="tests.test_learner_intelligence_phase2c.TestReadinessTrend" name="test_upward" time="0.002" /><testcase classname="tests.test_company_aware_planner_phase2b.TestExperienceLevel" name="test_position_mapping" time="0.002" /><testcase classname="tests.test_learner_intelligence_phase2c.TestReadinessTrend" name="test_declining" time="0.002" /></testsuite></testsuites>