<?xml version="1.0" encoding="utf-8"?><testsuites name="pytest tests"><testsuite name="pytest" errors="0" failures="3" skipped="0" tests="158" time="12.284" timestamp="2026-09-09T20:16:06.468604+05:30" hostname="Teja"><testcase classname="tests.test_learning_engine" name="test_unlock_logic_respects_prerequisites" time="0.004" /><testcase classname="tests.test_adaptive_planning_phase4_step2" name="test_A1_absolute_beginner_starts_at_programming_fundamentals" time="0.236" /><testcase classname="tests.test_learning_engine" name="test_get_unlocked_and_next_unlockable_nodes" time="0.020" /><testcase classname="tests.test_learning_engine" name="test_first_time_beginner_starts_from_programming_fundamentals" time="0.560" /><testcase classname="tests.test_adaptive_planning_phase4_step2" name="test_A2_low_pf_learner_continues_programming_fundamentals" time="0.166" /><testcase classname="tests.test_adaptive_planning_phase4_step2" name="test_A3_strong_pf_declaration_progresses_into_java" time="0.246" /><testcase classname="tests.test_learning_engine" name="test_onboarding_self_assessment_accepts_zero_as_no_knowledge" time="0.003" /><testcase classname="tests.test_learning_engine" name="test_ranking_prefers_low_confidence_and_high_weakness" time="0.002" /><testcase classname="tests.test_learning_engine" name="test_planner_returns_revision_before_other_candidates" time="0.024" /><testcase classname="tests.test_learning_engine" name="test_builder_output_shape" time="0.003" /><testcase classname="tests.test_learning_engine" name="test_planner_builds_support_and_core_recommendations_from_roadmap" time="0.199" /><testcase classname="tests.test_adaptive_planning_phase4_step2" name="test_B1_oracle_learner_gets_core_cs_mission" time="0.231" /><testcase classname="tests.test_learning_engine" name="test_revision_selection_uses_due_reviews" time="0.002" /><testcase classname="tests.test_learning_engine" name="test_mission_engine_uses_learning_recommendation_when_provided" time="0.275" /><testcase classname="tests.test_adaptive_planning_phase4_step2" name="test_B2_google_learner_favours_dsa_over_core_cs" time="0.282" /><testcase classname="tests.test_learning_engine" name="test_mission_engine_does_not_use_legacy_selection_when_recommendation_is_provided" time="0.396" /><testcase classname="tests.test_adaptive_planning_phase4_step2" name="test_C1_pf_java_dsa_complete_moves_to_core_cs" time="0.261" /><testcase classname="tests.test_adaptive_planning_phase4_step2" name="test_D1_senior_with_weak_dsa_and_google_target_gets_dsa" time="0.324" /><testcase classname="tests.test_learning_engine" name="test_mission_engine_uses_support_recommendation_when_provided" time="0.011" /><testcase classname="tests.test_learning_engine" name="test_mission_engine_does_not_fallback_to_legacy_support_topic_when_track_is_valid_but_no_unlocked_node" time="0.004" /><testcase classname="tests.test_learning_engine" name="test_mission_engine_does_not_fallback_to_legacy_core_topic_when_no_unlocked_core_node_available" time="0.003" /><testcase classname="tests.test_learning_engine" name="test_mission_engine_preserves_existing_selection_when_recommendation_is_none" time="0.005" /><testcase classname="tests.test_learning_engine" name="test_revision_task_node_id_propagates" time="0.006" /><testcase classname="tests.test_curriculum_sync_phase2_metadata" name="test_programming_fundamentals_is_the_root_subject" time="0.069" /><testcase classname="tests.test_curriculum_sync_phase2_metadata" name="test_generator_source_of_truth_matches_expected_dag" time="0.002" /><testcase classname="tests.test_curriculum_sync_phase2_metadata" name="test_canonical_subject_dependency_dag" time="0.004" /><testcase classname="tests.test_curriculum_sync_phase2_metadata" name="test_unlock_chain_is_exact_reverse_of_prerequisite_dag" time="0.002" /><testcase classname="tests.test_curriculum_sync_phase2_metadata" name="test_recommended_next_subjects_matches_unlocks" time="0.003" /><testcase classname="tests.test_curriculum_sync_phase2_metadata" name="test_no_broken_subject_references" time="0.006" /><testcase classname="tests.test_curriculum_sync_phase2_metadata" name="test_no_cycles_in_subject_prerequisite_graph" time="0.002" /><testcase classname="tests.test_curriculum_sync_phase2_metadata" name="test_every_module_has_complete_curriculum_sync_metadata" time="0.003" /><testcase classname="tests.test_curriculum_sync_phase2_metadata" name="test_every_topic_has_complete_curriculum_sync_metadata" time="0.004" /><testcase classname="tests.test_curriculum_sync_phase2_metadata" name="test_first_module_of_a_subject_links_to_every_prerequisite_subjects_last_module" time="0.003" /><testcase classname="tests.test_curriculum_sync_phase2_metadata" name="test_isolated_subjects_have_no_academic_prerequisite_edges" time="0.003" /><testcase classname="tests.test_curriculum_sync_phase2_metadata" name="test_academic_subjects_never_reference_isolated_subjects" time="0.003" /><testcase classname="tests.test_curriculum_sync_phase2_metadata" name="test_language_support_metadata_is_future_ready" time="0.003" /><testcase classname="tests.test_curriculum_sync_phase2_metadata" name="test_existing_prerequisites_field_is_untouched_by_phase2_metadata" time="0.006" /><testcase classname="tests.test_adaptive_planning_phase4_step2" name="test_D2_senior_with_weak_core_cs_gets_core_cs" time="0.364" /><testcase classname="tests.test_curriculum_sync_phase2_metadata" name="test_roadmap_generation_is_deterministic_across_processes" time="1.513" /><testcase classname="tests.test_adaptive_planning_phase4_step2" name="test_E1_and_E2_same_learner_different_company_yields_different_track" time="0.493" /><testcase classname="tests.test_adaptive_planning_phase4_step2" name="test_F1_urgent_timeline_prefers_revision_or_high_frequency_content" time="0.256" /><testcase classname="tests.test_adaptive_planning_phase4_step2" name="test_J2_high_actual_mastery_outranks_high_self_assessment" time="0.009" /><testcase classname="tests.test_adaptive_planning_phase4_step2" name="test_J1_low_actual_mastery_outranks_high_self_assessment" time="0.006" /><testcase classname="tests.test_adaptive_planning_phase4_step2" name="test_K_company_flips_priority_between_dsa_and_core_cs" time="0.542" /><testcase classname="tests.test_curriculum_sync_phase2_metadata" name="test_total_node_count_unchanged_by_regeneration" time="0.002" /><testcase classname="tests.test_company_aware_planner_phase2b.TestScoringEngine" name="test_google_dsa_signal_positive" time="0.037" /><testcase classname="tests.test_company_aware_planner_phase2b.TestScoringEngine" name="test_company_specific_differences" time="0.003" /><testcase classname="tests.test_company_aware_planner_phase2b.TestScoringEngine" name="test_multiple_companies_average" time="0.005" /><testcase classname="tests.test_company_aware_planner_phase2b.TestScoringEngine" name="test_experience_level_suppresses_design_for_new_grad" time="0.004" /><testcase classname="tests.test_company_aware_planner_phase2b.TestScoringEngine" name="test_confidence_scales_signal" time="0.004" /><testcase classname="tests.test_company_aware_planner_phase2b.TestScoringEngine" name="test_empty_context_zero" time="0.002" /><testcase classname="tests.test_company_aware_planner_phase2b.TestScoringEngine" name="test_unknown_subject_neutral_not_crash" time="0.003" /><testcase classname="tests.test_company_aware_planner_phase2b.TestScoringEngine" name="test_deterministic" time="0.003" /><testcase classname="tests.test_interview_pacing" name="test_pacing_state_180_days_is_on_track" time="0.002" /><testcase classname="tests.test_interview_pacing" name="test_pacing_state_45_days_is_accelerated" time="0.003" /><testcase classname="tests.test_interview_pacing" name="test_pacing_state_15_days_is_critical" time="0.002" /><testcase classname="tests.test_interview_pacing" name="test_mission_practice_count_still_driven_by_study_hours_at_same_urgency" time="0.511"><failure message="AssertionError: assert 3 &lt; 3&#10; +  where 3 = MissionTask(id='39c555e9-27cf-48a1-bf61-c14e63395877', title='Solve 3 Two Pointers problems', kind='practice', topic='...leted=False, completed_at=None, pattern='two_pointers', problem_count=3, node_id='dsa.foundations.two_pointers.basics').problem_count&#10; +  and   3 = MissionTask(id='87c9714e-1999-45cb-ad6e-66da15a3fb43', title='Solve 3 Two Pointers problems', kind='practice', topic='...leted=False, completed_at=None, pattern='two_pointers', problem_count=3, node_id='dsa.foundations.two_pointers.basics').problem_count">tests\test_interview_pacing.py:84: in test_mission_practice_count_still_driven_by_study_hours_at_same_urgency
    assert low_practice.problem_count &lt; high_practice.problem_count
E   AssertionError: assert 3 &lt; 3
E    +  where 3 = MissionTask(id='39c555e9-27cf-48a1-bf61-c14e63395877', title='Solve 3 Two Pointers problems', kind='practice', topic='...leted=False, completed_at=None, pattern='two_pointers', problem_count=3, node_id='dsa.foundations.two_pointers.basics').problem_count
E    +  and   3 = MissionTask(id='87c9714e-1999-45cb-ad6e-66da15a3fb43', title='Solve 3 Two Pointers problems', kind='practice', topic='...leted=False, completed_at=None, pattern='two_pointers', problem_count=3, node_id='dsa.foundations.two_pointers.basics').problem_count</failure></testcase><testcase classname="tests.test_adaptive_planning_phase4_step2" name="test_backwards_compat_default_ranking_unchanged_without_context" time="0.004" /><testcase classname="tests.test_adaptive_planning_phase4_step2" name="test_effective_knowledge_is_pure_self_assessment_at_zero_evidence" time="0.003" /><testcase classname="tests.test_adaptive_planning_phase4_step2" name="test_effective_knowledge_asymptotes_toward_actual_with_evidence" time="0.007" /><testcase classname="tests.test_adaptive_planning_phase4_step2" name="test_weights_registry_supports_per_call_overrides" time="0.002" /><testcase classname="tests.test_company_aware_ranking" name="test_google_and_oracle_users_get_different_top_pick" time="0.003" /><testcase classname="tests.test_company_aware_ranking" name="test_uber_and_microsoft_users_prioritize_different_topics" time="0.002" /><testcase classname="tests.test_company_aware_ranking" name="test_ranking_without_target_companies_is_unaffected" time="0.005" /><testcase classname="tests.test_company_aware_ranking" name="test_company_importance_breaks_exact_ties" time="0.003" /><testcase classname="tests.test_company_aware_ranking" name="test_changing_onboarding_target_companies_changes_planner_output" time="0.372" /><testcase classname="tests.test_company_aware_ranking" name="test_legacy_choose_focus_topic_still_uses_roadmap_company_importance" time="0.003" /><testcase classname="tests.test_company_aware_ranking" name="test_mandatory_signals_untouched_unlock_and_revision" time="0.008" /><testcase classname="tests.test_learning_stage_engine" name="test_beginner_with_no_progress_starts_at_foundation" time="0.010" /><testcase classname="tests.test_learning_stage_engine" name="test_completing_all_foundation_nodes_advances_current_stage_to_core" time="0.014" /><testcase classname="tests.test_learning_stage_engine" name="test_revision_state_reflects_due_next_revision_field" time="0.012" /><testcase classname="tests.test_learning_stage_engine" name="test_learning_velocity_requires_at_least_two_days_of_history" time="0.021" /><testcase classname="tests.test_learning_stage_engine" name="test_compute_all_subject_states_covers_every_track" time="0.087" /><testcase classname="tests.test_eligibility_engine" name="test_total_beginner_never_sees_advanced_stage_nodes" time="0.110" /><testcase classname="tests.test_eligibility_engine" name="test_completed_nodes_are_excluded_from_eligible_set" time="0.091" /><testcase classname="tests.test_eligibility_engine" name="test_skip_node_ids_are_excluded" time="0.074" /><testcase classname="tests.test_eligibility_engine" name="test_high_urgency_widens_stage_cap_to_admit_interview_stage_nodes" time="0.051" /><testcase classname="tests.test_interview_pacing" name="test_high_urgency_uses_same_daily_capacity_more_aggressively" time="0.282" /><testcase classname="tests.test_eligibility_engine" name="test_eligible_pool_is_meaningfully_smaller_than_all_unlocked_nodes" time="0.050" /><testcase classname="tests.test_universal_node_actions" name="test_topic_meta_covers_every_real_roadmap_track" time="0.002" /><testcase classname="tests.test_universal_node_actions" name="test_support_task_for_behavioral_track_gets_a_node_id_via_fallback_selection" time="0.149" /><testcase classname="tests.test_universal_node_actions" name="test_support_task_for_dsa_track_still_works_unchanged" time="0.208" /><testcase classname="tests.test_interview_pacing" name="test_ranking_urgency_prioritizes_interview_value_and_shorter_nodes" time="0.002" /><testcase classname="tests.test_interview_pacing" name="test_missing_interview_date_pacing_state_is_a_noop" time="0.002" /><testcase classname="tests.test_interview_pacing" name="test_missing_interview_date_falls_back_to_current_mission_behavior" time="0.527" /><testcase classname="tests.test_universal_node_actions" name="test_every_track_produces_atomic_learning_nodes_not_just_dsa_and_lld" time="0.003" /><testcase classname="tests.test_universal_node_actions" name="test_leaf_topic_nodes_are_unlockable_and_lookup_by_id_works" time="0.002" /><testcase classname="tests.test_mission_context_cta" name="test_cta_rules_match_frozen_contract" time="0.002" /><testcase classname="tests.test_mission_context_cta" name="test_cta_labels_present" time="0.001" /><testcase classname="tests.test_mission_context_cta" name="test_cta_none_for_missing_activity" time="0.001" /><testcase classname="tests.test_mission_context_cta" name="test_study_node_projects_to_knowledge_base_cta" time="0.001" /><testcase classname="tests.test_mission_context_cta" name="test_coding_node_projects_to_arena_cta" time="0.002" /><testcase classname="tests.test_candidate_generation" name="test_candidate_pool_is_compact_and_within_expected_range" time="0.105"><failure message="assert 0 &gt; 30&#10; +  where 0 = len([])">tests\test_candidate_generation.py:28: in test_candidate_pool_is_compact_and_within_expected_range
    assert len(eligible) &gt; DEFAULT_MAX_CANDIDATES  # sanity: trimming is actually needed
    ^^^^^^^^^^^^^^^^^^^^^^^^^^^^^^^^^^^^^^^^^^^^^
E   assert 0 &gt; 30
E    +  where 0 = len([])</failure></testcase><testcase classname="tests.test_mission_context" name="test_coding_node_builds_coding_context_and_opens_arena" time="0.001" /><testcase classname="tests.test_mission_context" name="test_study_node_opens_kb_and_has_no_representative_problems" time="0.002" /><testcase classname="tests.test_mission_context" name="test_representative_problems_never_leak_other_topics_or_stages" time="0.002" /><testcase classname="tests.test_mission_context" name="test_unknown_node_returns_none" time="0.001" /><testcase classname="tests.test_mission_context" name="test_context_is_json_serialisable" time="0.002" /><testcase classname="tests.test_learner_intelligence_phase2c.TestTrendAnalysis" name="test_split_mean_delta_rising" time="0.001" /><testcase classname="tests.test_learner_intelligence_phase2c.TestTrendAnalysis" name="test_split_mean_delta_short_series_is_flat" time="0.001" /><testcase classname="tests.test_learner_intelligence_phase2c.TestTrendAnalysis" name="test_classify_bands" time="0.002" /><testcase classname="tests.test_learner_intelligence_phase2c.TestTrendAnalysis" name="test_determinism" time="0.001" /><testcase classname="tests.test_learner_intelligence_phase2c.TestWeaknessStability" name="test_persistent" time="0.001" /><testcase classname="tests.test_learner_intelligence_phase2c.TestWeaknessStability" name="test_recovered" time="0.001" /><testcase classname="tests.test_learner_intelligence_phase2c.TestWeaknessStability" name="test_recurring" time="0.001" /><testcase classname="tests.test_learner_intelligence_phase2c.TestWeaknessStability" name="test_temporary" time="0.002" /><testcase classname="tests.test_learner_intelligence_phase2c.TestFallbackAndRegression" name="test_engine_never_raises_on_garbage" time="0.007" /><testcase classname="tests.test_learner_intelligence_phase2c.TestFallbackAndRegression" name="test_empty_input_is_empty_snapshot" time="0.002" /><testcase classname="tests.test_learner_intelligence_phase2c.TestFallbackAndRegression" name="test_scoring_unchanged_without_learner_context" time="0.002" /><testcase classname="tests.test_learner_intelligence_phase2c.TestFallbackAndRegression" name="test_snapshot_is_deterministic" time="0.003" /><testcase classname="tests.test_company_aware_planner_phase2b.TestPlannerIntegration" name="test_ci_adds_positive_term_when_enabled" time="0.002" /><testcase classname="tests.test_company_aware_planner_phase2b.TestPlannerIntegration" name="test_ci_never_dominates_learner_signal" time="0.002" /><testcase classname="tests.test_company_aware_planner_phase2b.TestPlannerIntegration" name="test_explainability_present_in_breakdown" time="0.002" /><testcase classname="tests.test_company_aware_planner_phase2b.TestFallback" name="test_enabled_but_unknown_company_falls_back" time="0.002" /><testcase classname="tests.test_company_aware_planner_phase2b.TestFallback" name="test_disabled_adds_no_ci_term" time="0.002" /><testcase classname="tests.test_company_aware_planner_phase2b.TestFallback" name="test_no_target_companies_no_ci" time="0.001" /><testcase classname="tests.test_learner_intelligence_phase2c.TestVelocity" name="test_accelerating_velocity" time="0.002" /><testcase classname="tests.test_learner_intelligence_phase2c.TestVelocity" name="test_decelerating_velocity" time="0.003" /><testcase classname="tests.test_learner_intelligence_phase2c.TestVelocity" name="test_no_dates_zero_velocity" time="0.001" /><testcase classname="tests.test_learner_intelligence_phase2c.TestConsistency" name="test_streak_and_consistency" time="0.001" /><testcase classname="tests.test_learner_intelligence_phase2c.TestConsistency" name="test_streak_counts_from_yesterday_if_today_idle" time="0.002" /><testcase classname="tests.test_learner_intelligence_phase2c.TestConsistency" name="test_skipped_count_tracked" time="0.002" /><testcase classname="tests.test_learner_intelligence_phase2c.TestMasteryTrend" name="test_mastered" time="0.002" /><testcase classname="tests.test_learner_intelligence_phase2c.TestMasteryTrend" name="test_regressing" time="0.002" /><testcase classname="tests.test_learner_intelligence_phase2c.TestMasteryTrend" name="test_plateau_vs_improving" time="0.002" /><testcase classname="tests.test_learner_intelligence_phase2c.TestDifficultyAdaptation" name="test_decrease_when_struggling" time="0.004" /><testcase classname="tests.test_learner_intelligence_phase2c.TestDifficultyAdaptation" name="test_increase_when_progressing" time="0.003" /><testcase classname="tests.test_learner_intelligence_phase2c.TestDifficultyAdaptation" name="test_maintain_default" time="0.002" /><testcase classname="tests.test_learner_intelligence_phase2c.TestPlannerAdapter" name="test_weak_track_node_gets_positive_signal" time="0.002" /><testcase classname="tests.test_learner_intelligence_phase2c.TestPlannerAdapter" name="test_signal_is_bounded" time="0.003" /><testcase classname="tests.test_candidate_generation" name="test_candidate_generation_is_a_noop_when_pool_already_compact" time="0.069" /><testcase classname="tests.test_learner_intelligence_phase2c.TestPlannerAdapter" name="test_empty_snapshot_returns_zero" time="0.002" /><testcase classname="tests.test_learner_intelligence_phase2c.TestPlannerIntegration" name="test_enabled_changes_score" time="0.003" /><testcase classname="tests.test_learner_intelligence_phase2c.TestPlannerIntegration" name="test_disabled_is_byte_identical_to_no_context_term" time="0.004" /><testcase classname="tests.test_learner_intelligence_phase2c.TestPlannerIntegration" name="test_does_not_dominate_knowledge_gap" time="0.003" /><testcase classname="tests.test_learner_intelligence_phase2c.TestExplainability" name="test_snapshot_summary_reasons" time="0.002" /><testcase classname="tests.test_learner_intelligence_phase2c.TestExplainability" name="test_empty_snapshot_summary_unavailable" time="0.004" /><testcase classname="tests.test_learner_intelligence_phase2c.TestExplainability" name="test_contributions_summary_ordered" time="0.002" /><testcase classname="tests.test_roadmap_node_progress" name="test_learning_node_traversal_helpers_follow_roadmap_prerequisites" time="0.011" /><testcase classname="tests.test_roadmap_node_progress" name="test_initializer_builds_one_idempotent_progress_row_per_learning_node" time="0.035" /><testcase classname="tests.test_candidate_generation" name="test_candidate_generation_is_deterministic" time="0.061" /><testcase classname="tests.test_roadmap_node_progress" name="test_initial_progress_defaults_do_not_depend_on_existing_progress_collections" time="0.002" /><testcase classname="tests.test_company_aware_planner_phase2b.TestBiasEngine" name="test_bias_bounded" time="0.002" /><testcase classname="tests.test_company_aware_planner_phase2b.TestBiasEngine" name="test_empty_context_neutral" time="0.001" /><testcase classname="tests.test_learner_intelligence_phase2c.TestConfidenceTrend" name="test_rising_confidence" time="0.002" /><testcase classname="tests.test_learner_intelligence_phase2c.TestConfidenceTrend" name="test_declining_confidence" time="0.001" /><testcase classname="tests.test_learner_intelligence_phase2c.TestRetention" name="test_success_and_failure_counts" time="0.002" /><testcase classname="tests.test_learner_intelligence_phase2c.TestRetention" name="test_repeated_mistakes" time="0.001" /><testcase classname="tests.test_learner_intelligence_phase2c.TestRevisionHealth" name="test_debt_and_backlog" time="0.001" /><testcase classname="tests.test_learner_intelligence_phase2c.TestRevisionHealth" name="test_no_scheduled_is_healthy" time="0.001" /><testcase classname="tests.test_learner_intelligence_phase2c.TestCodingGrowth" name="test_has_signal_and_progression" time="0.001" /><testcase classname="tests.test_learner_intelligence_phase2c.TestCodingGrowth" name="test_no_coding_signal" time="0.001" /><testcase classname="tests.test_learner_intelligence_phase2c.TestReadinessTrend" name="test_upward" time="0.002" /><testcase classname="tests.test_learner_intelligence_phase2c.TestReadinessTrend" name="test_declining" time="0.002" /><testcase classname="tests.test_candidate_generation" name="test_weakest_or_revision_due_track_is_prioritized" time="0.046"><failure message="assert False&#10; +  where False = any(&lt;generator object test_weakest_or_revision_due_track_is_prioritized.&lt;locals&gt;.&lt;genexpr&gt; at 0x000002A8ADE00740&gt;)">tests\test_candidate_generation.py:73: in test_weakest_or_revision_due_track_is_prioritized
    assert any(n.get("track") == "dsa" for n in candidates)
E   assert False
E    +  where False = any(&lt;generator object test_weakest_or_revision_due_track_is_prioritized.&lt;locals&gt;.&lt;genexpr&gt; at 0x000002A8ADE00740&gt;)</failure></testcase><testcase classname="tests.test_company_aware_planner_phase2b.TestExperienceLevel" name="test_position_mapping" time="0.001" /><testcase classname="tests.test_company_aware_planner_phase2b.TestExplainability" name="test_summary_shape" time="0.002" /><testcase classname="tests.test_company_aware_planner_phase2b.TestExplainability" name="test_lowest_confidence_exposed" time="0.001" /></testsuite></testsuites>