<?xml version="1.0" encoding="utf-8"?><testsuites name="pytest tests"><testsuite name="pytest" errors="0" failures="1" skipped="0" tests="154" time="7.429" timestamp="2026-09-09T20:18:46.565552+05:30" hostname="Teja"><testcase classname="tests.test_ai_gateway.TestModelSelector" name="test_fast_tier_selects_fast_model" time="0.003" /><testcase classname="tests.test_ai_gateway.TestErrorClassification" name="test_invalid_key_patterns[API key not valid-invalid_key]" time="0.003" /><testcase classname="tests.test_ai_gateway.TestErrorClassification" name="test_invalid_key_patterns[api_key_invalid: check your credentials-invalid_key]" time="0.002" /><testcase classname="tests.test_ai_gateway.TestErrorClassification" name="test_invalid_key_patterns[Unauthorized access-invalid_key]" time="0.003" /><testcase classname="tests.test_ai_gateway.TestModelSelector" name="test_standard_tier_selects_standard_model" time="0.001" /><testcase classname="tests.test_ai_gateway.TestModelSelector" name="test_deep_tier_selects_deep_model" time="0.002" /><testcase classname="tests.test_ai_gateway.TestModelSelector" name="test_tiers_are_differentiated" time="0.002" /><testcase classname="tests.test_ai_gateway.TestErrorClassification" name="test_invalid_key_patterns[Permission denied for this resource-invalid_key]" time="0.002" /><testcase classname="tests.test_ai_gateway.TestModelSelector" name="test_fast_tier_contains_multiple_model_families" time="0.001" /><testcase classname="tests.test_ai_gateway.TestErrorClassification" name="test_invalid_key_patterns[Error 401: invalid credentials-invalid_key]" time="0.002" /><testcase classname="tests.test_ai_gateway.TestModelSelector" name="test_fast_requirements_prefer_fast_economy_candidate" time="0.002" /><testcase classname="tests.test_ai_gateway.TestModelSelector" name="test_latency_and_cost_requirements_choose_matching_candidate" time="0.001" /><testcase classname="tests.test_ai_gateway.TestErrorClassification" name="test_rate_limit_patterns[Rate limit exceeded-rate_limit]" time="0.002" /><testcase classname="tests.test_ai_gateway.TestModelSelector" name="test_deep_requirements_prefer_deep_balanced_cost_candidate" time="0.001" /><testcase classname="tests.test_ai_gateway.TestErrorClassification" name="test_rate_limit_patterns[Quota exhausted for today-rate_limit]" time="0.002" /><testcase classname="tests.test_ai_gateway.TestModelSelector" name="test_structured_output_excludes_unsupported_candidate" time="0.001" /><testcase classname="tests.test_ai_gateway.TestModelSelector" name="test_no_candidate_is_returned_when_all_fail_a_hard_requirement" time="0.001" /><testcase classname="tests.test_ai_gateway.TestErrorClassification" name="test_rate_limit_patterns[Too many requests-rate_limit]" time="0.001" /><testcase classname="tests.test_ai_gateway.TestModelSelector" name="test_selection_is_deterministic" time="0.002" /><testcase classname="tests.test_ai_gateway.TestErrorClassification" name="test_rate_limit_patterns[Resource exhausted-rate_limit]" time="0.002" /><testcase classname="tests.test_ai_gateway.TestModelSelector" name="test_env_override_fast" time="0.010" /><testcase classname="tests.test_ai_gateway.TestErrorClassification" name="test_rate_limit_patterns[Error 429-rate_limit]" time="0.002" /><testcase classname="tests.test_ai_gateway.TestErrorClassification" name="test_model_not_found_patterns[Model not found: gemini-1.5-flash-model_not_found]" time="0.002" /><testcase classname="tests.test_ai_gateway.TestErrorClassification" name="test_model_not_found_patterns[Invalid model name specified-model_not_found]" time="0.004" /><testcase classname="tests.test_ai_gateway.TestModelSelector" name="test_env_override_accepts_ordered_candidates" time="0.010" /><testcase classname="tests.test_ai_gateway.TestErrorClassification" name="test_model_not_found_patterns[Unknown model: gpt-99-model_not_found]" time="0.002" /><testcase classname="tests.test_ai_gateway.TestErrorClassification" name="test_model_not_found_patterns[NotFoundError: model does not exist-model_not_found]" time="0.002" /><testcase classname="tests.test_ai_gateway.TestModelSelector" name="test_env_override_deep" time="0.008" /><testcase classname="tests.test_ai_gateway.TestErrorClassification" name="test_timeout_patterns[Request timeout after 30s-timeout]" time="0.001" /><testcase classname="tests.test_ai_gateway.TestErrorClassification" name="test_timeout_patterns[Read timed out after 30s-timeout]" time="0.002" /><testcase classname="tests.test_ai_gateway.TestErrorClassification" name="test_network_patterns[Connection refused-upstream]" time="0.002" /><testcase classname="tests.test_ai_gateway.TestModelSelector" name="test_gemini_uses_provider_model" time="0.054" /><testcase classname="tests.test_ai_gateway.TestErrorClassification" name="test_network_patterns[Service unavailable-upstream]" time="0.002" /><testcase classname="tests.test_ai_gateway.TestErrorClassification" name="test_network_patterns[Error 503: backend down-upstream]" time="0.001" /><testcase classname="tests.test_ai_gateway.TestErrorClassification" name="test_network_patterns[Name resolution failed-upstream]" time="0.001" /><testcase classname="tests.test_ai_gateway.TestErrorClassification" name="test_unknown_error_fallback" time="0.001" /><testcase classname="tests.test_ai_gateway.TestErrorClassification" name="test_classify_by_class_name" time="0.001" /><testcase classname="tests.test_ai_gateway.TestErrorClassification" name="test_provider_error_attributes" time="0.001" /><testcase classname="tests.test_phase5_consumer_hardening.TestCapabilityToTierRouting" name="test_capability_resolves_to_expected_tier[mentor_chat-fast]" time="0.001" /><testcase classname="tests.test_phase5_consumer_hardening.TestCapabilityToTierRouting" name="test_capability_resolves_to_expected_tier[knowledge_generation-standard]" time="0.001" /><testcase classname="tests.test_phase5_consumer_hardening.TestCapabilityToTierRouting" name="test_capability_resolves_to_expected_tier[mentor_lesson-standard]" time="0.001" /><testcase classname="tests.test_phase5_consumer_hardening.TestCapabilityToTierRouting" name="test_capability_resolves_to_expected_tier[mission_narrative-fast]" time="0.002" /><testcase classname="tests.test_phase5_consumer_hardening.TestCapabilityToTierRouting" name="test_capability_resolves_to_expected_tier[assessment_content-deep]" time="0.002" /><testcase classname="tests.test_phase5_consumer_hardening.TestCapabilityToTierRouting" name="test_model_used_matches_tier_through_gateway[mentor_chat-fast]" time="0.005" /><testcase classname="tests.test_phase5_consumer_hardening.TestCapabilityToTierRouting" name="test_model_used_matches_tier_through_gateway[knowledge_generation-standard]" time="0.005" /><testcase classname="tests.test_phase5_consumer_hardening.TestCapabilityToTierRouting" name="test_model_used_matches_tier_through_gateway[mission_narrative-fast]" time="0.006" /><testcase classname="tests.test_ai_gateway.TestModelSelector" name="test_fake_adapter_without_name_supported" time="0.002" /><testcase classname="tests.test_ai_response_parsing" name="test_parse_llm_json_accepts_raw_json_and_whitespace" time="0.002" /><testcase classname="tests.test_phase5_consumer_hardening.TestCapabilityToTierRouting" name="test_model_used_matches_tier_through_gateway[assessment_content-deep]" time="0.005" /><testcase classname="tests.test_ai_response_parsing" name="test_parse_llm_json_accepts_markdown_code_fence" time="0.002" /><testcase classname="tests.test_ai_response_parsing" name="test_parse_llm_json_extracts_object_from_surrounding_text" time="0.002" /><testcase classname="tests.test_ai_gateway.TestProviderRegistry" name="test_register_and_retrieve" time="0.001" /><testcase classname="tests.test_ai_gateway.TestProviderRegistry" name="test_get_all" time="0.001" /><testcase classname="tests.test_ai_response_parsing" name="test_parse_llm_json_returns_none_for_invalid_json[]" time="0.002" /><testcase classname="tests.test_ai_gateway.TestProviderRegistry" name="test_get_by_id_missing" time="0.002" /><testcase classname="tests.test_ai_response_parsing" name="test_parse_llm_json_returns_none_for_invalid_json[not json]" time="0.002" /><testcase classname="tests.test_ai_gateway.TestProviderRegistry" name="test_load_from_environment_no_keys" time="0.006" /><testcase classname="tests.test_ai_response_parsing" name="test_parse_llm_json_returns_none_for_invalid_json[{&quot;missing&quot;: ]]" time="0.002" /><testcase classname="tests.test_ai_response_parsing" name="test_knowledge_parser_keeps_normalization_and_malformed_fallback" time="0.002" /><testcase classname="tests.test_ai_gateway.TestProviderRegistry" name="test_load_from_environment_with_gemini_key" time="0.010" /><testcase classname="tests.test_ai_response_parsing" name="test_mentor_uses_the_canonical_parser_without_legacy_helper" time="0.002" /><testcase classname="tests.test_ai_response_parsing" name="test_mentor_lesson_keeps_structured_or_chat_fallback_behavior[```json\n{&quot;executive_summary&quot;: &quot;Arrays&quot;}\n```-lesson-expected_structured0]" time="0.020" /><testcase classname="tests.test_ai_gateway.TestProviderRegistry" name="test_openrouter_precedes_gemini_when_both_are_configured" time="0.036" /><testcase classname="tests.test_ai_response_parsing" name="test_mentor_lesson_keeps_structured_or_chat_fallback_behavior[not valid JSON-chat-None]" time="0.023" /><testcase classname="tests.test_ai_gateway.TestProviderRegistry" name="test_load_from_environment_deduplicates_same_key" time="0.004" /><testcase classname="tests.test_ai_gateway.TestProviderRegistry" name="test_load_from_environment_two_different_keys" time="0.004" /><testcase classname="tests.test_ai_response_parsing" name="test_mission_planner_uses_shared_parser_and_preserves_empty_fallback" time="0.015" /><testcase classname="tests.test_mission_assessment_phase3c.TestWorkflowState" name="test_mission_started" time="0.001" /><testcase classname="tests.test_mission_assessment_phase3c.TestWorkflowState" name="test_study_complete" time="0.002" /><testcase classname="tests.test_mission_assessment_phase3c.TestWorkflowState" name="test_assessment_available" time="0.003" /><testcase classname="tests.test_recommendation_insight" name="test_roi_is_derived_from_the_real_prerequisite_graph" time="0.006" /><testcase classname="tests.test_mission_assessment_phase3c.TestWorkflowState" name="test_assessment_in_progress" time="0.001" /><testcase classname="tests.test_mission_assessment_phase3c.TestWorkflowState" name="test_assessment_completed" time="0.003" /><testcase classname="tests.test_recommendation_insight" name="test_insight_explanation_matches_the_ranking_breakdown_exactly" time="0.003" /><testcase classname="tests.test_mission_assessment_phase3c.TestWorkflowState" name="test_mission_completed_terminal" time="0.002" /><testcase classname="tests.test_recommendation_insight" name="test_highlights_are_generated_dynamically_not_hardcoded" time="0.002" /><testcase classname="tests.test_ai_gateway.TestCapabilityTierMapping" name="test_knowledge_generation_is_standard" time="0.002" /><testcase classname="tests.test_recommendation_insight" name="test_different_companies_produce_different_explanations" time="0.003" /><testcase classname="tests.test_ai_gateway.TestCapabilityTierMapping" name="test_mentor_chat_is_fast" time="0.002" /><testcase classname="tests.test_ai_gateway.TestCapabilityTierMapping" name="test_mentor_lesson_is_standard" time="0.002" /><testcase classname="tests.test_recommendation_insight" name="test_forecast_changes_when_study_hours_change" time="0.002" /><testcase classname="tests.test_ai_gateway.TestCapabilityTierMapping" name="test_mission_narrative_is_fast" time="0.002" /><testcase classname="tests.test_recommendation_insight" name="test_forecast_changes_when_interview_date_changes" time="0.002" /><testcase classname="tests.test_ai_gateway.TestCapabilityTierMapping" name="test_assessment_content_is_deep" time="0.002" /><testcase classname="tests.test_recommendation_insight" name="test_planner_recommendation_still_backward_compatible_and_now_carries_insight" time="0.171" /><testcase classname="tests.test_ai_gateway.TestOpenRouterPreferred" name="test_openrouter_tried_first" time="0.005" /><testcase classname="tests.test_ai_gateway.TestOpenRouterPreferred" name="test_gemini_fallback_when_openrouter_fails" time="0.007" /><testcase classname="tests.test_ai_gateway.TestOpenRouterPreferred" name="test_openrouter_uses_next_configured_model_when_primary_is_unavailable" time="0.008" /><testcase classname="tests.test_ai_gateway.TestOpenRouterPreferred" name="test_gemini_fallback_after_all_openrouter_candidates_are_unavailable" time="0.007" /><testcase classname="tests.test_ai_gateway.TestOpenRouterPreferred" name="test_gemini_fallback_when_no_openrouter_candidate_meets_requirements" time="0.005" /><testcase classname="tests.test_ai_gateway.TestCapabilityRegistry" name="test_all_default_capabilities_registered" time="0.001" /><testcase classname="tests.test_ai_gateway.TestCapabilityRegistry" name="test_resolve_returns_profile" time="0.001" /><testcase classname="tests.test_ai_gateway.TestCapabilityRegistry" name="test_register_override" time="0.002" /><testcase classname="tests.test_ai_gateway.TestCapabilityRegistry" name="test_mentor_chat_vs_lesson_profiles_differ" time="0.001" /><testcase classname="tests.test_ai_gateway.TestRoutingPolicy" name="test_resolve_chain_orders_by_priority" time="0.001" /><testcase classname="tests.test_ai_gateway.TestRoutingPolicy" name="test_resolve_chain_filters_by_capability" time="0.001" /><testcase classname="tests.test_ai_gateway.TestRoutingPolicy" name="test_resolve_chain_empty_when_no_match" time="0.001" /><testcase classname="tests.test_ai_gateway.TestRoutingPolicy" name="test_resolve_chain_skips_no_adapter" time="0.002" /><testcase classname="tests.test_ai_gateway.TestTypedAPI" name="test_complete_delegates_to_gateway" time="0.007" /><testcase classname="tests.test_ai_gateway.TestTypedAPI" name="test_complete_empty_prompt_raises" time="0.003" /><testcase classname="tests.test_ai_gateway.TestTypedAPI" name="test_complete_json_removed" time="0.001" /><testcase classname="tests.test_ai_gateway.TestTypedAPI" name="test_all_exports" time="0.001" /><testcase classname="tests.test_phase5_consumer_hardening.TestErrorBoundary" name="test_runtime_error_classified_to_ai_provider_error" time="3.934" /><testcase classname="tests.test_recommendation_insight" name="test_planner_without_new_params_is_still_a_no_op_default" time="0.070" /><testcase classname="tests.test_phase5_consumer_hardening.TestProviderSdkCoupling" name="test_consumer_does_not_import_provider_sdks[knowledge_generation]" time="0.002" /><testcase classname="tests.test_phase5_consumer_hardening.TestProviderSdkCoupling" name="test_consumer_does_not_import_provider_sdks[ai_mentor.mentor_service]" time="0.002" /><testcase classname="tests.test_phase5_consumer_hardening.TestProviderSdkCoupling" name="test_consumer_does_not_import_provider_sdks[ai_mentor.mission_planner]" time="0.003" /><testcase classname="tests.test_phase5_consumer_hardening.TestProviderSdkCoupling" name="test_consumer_does_not_import_provider_sdks[prompt_builder]" time="0.003" /><testcase classname="tests.test_phase5_consumer_hardening.TestProviderSdkCoupling" name="test_consumers_import_only_ai_service" time="0.001" /><testcase classname="tests.test_mission_roadmap_catalog" name="test_mission_catalog_is_the_roadmap_catalog_for_supported_tracks" time="0.001" /><testcase classname="tests.test_mission_roadmap_catalog" name="test_mission_catalog_exposes_roadmap_content_outside_the_legacy_mvp_list" time="0.001" /><testcase classname="tests.test_mission_roadmap_catalog" name="test_candidate_ranking_prefers_unlocked_topics_before_progress_signals" time="0.002" /><testcase classname="tests.test_mission_roadmap_catalog" name="test_candidate_ranking_uses_seeded_rng_for_exact_ties" time="0.002"><failure message="AssertionError: assert {'id': 'first...: 'available'} == {'id': 'secon...: 'available'}&#10;  &#10;  Omitting 2 identical items, use -vv to show&#10;  Differing items:&#10;  {'label': 'First'} != {'label': 'Second'}&#10;  {'id': 'first'} != {'id': 'second'}&#10;  Use -v to get more diff">tests\test_mission_roadmap_catalog.py:65: in test_candidate_ranking_uses_seeded_rng_for_exact_ties
    assert actual == expected
E   AssertionError: assert {'id': 'first...: 'available'} == {'id': 'secon...: 'available'}
E     
E     Omitting 2 identical items, use -vv to show
E     Differing items:
E     {'label': 'First'} != {'label': 'Second'}
E     {'id': 'first'} != {'id': 'second'}
E     Use -v to get more diff</failure></testcase><testcase classname="tests.test_ai_gateway.TestGatewayLifecycle" name="test_complete_success" time="0.003" /><testcase classname="tests.test_ai_gateway.TestGatewayLifecycle" name="test_complete_no_providers_raises" time="0.003" /><testcase classname="tests.test_ai_gateway.TestGatewayLifecycle" name="test_initialise_idempotent" time="0.002" /><testcase classname="tests.test_ai_gateway.TestRetryLogic" name="test_retry_on_timeout" time="1.470" /><testcase classname="tests.test_ai_gateway.TestRetryLogic" name="test_exhausts_retries" time="0.003" /><testcase classname="tests.test_ai_gateway.TestRetryLogic" name="test_non_retryable_error_skips_retry" time="0.002" /><testcase classname="tests.test_phase5_consumer_hardening.TestKnowledgeGenerationConsumer" name="test_uses_knowledge_generation_capability" time="0.003" /><testcase classname="tests.test_phase5_consumer_hardening.TestKnowledgeGenerationConsumer" name="test_malformed_response_is_surfaced_as_text" time="0.004" /><testcase classname="tests.test_phase5_consumer_hardening.TestKnowledgeGenerationConsumer" name="test_knowledge_parser_integration" time="0.001" /><testcase classname="tests.test_phase5_consumer_hardening.TestMissionNarrativeConsumer" name="test_uses_mission_narrative_capability" time="0.003" /><testcase classname="tests.test_phase5_consumer_hardening.TestMissionNarrativeConsumer" name="test_ai_failure_returns_empty_dict" time="0.004" /><testcase classname="tests.test_phase5_consumer_hardening.TestMissionNarrativeConsumer" name="test_malformed_json_returns_empty_dict" time="0.004" /><testcase classname="tests.test_phase5_consumer_hardening.TestResponseContract" name="test_response_metadata_populated" time="0.002" /><testcase classname="tests.test_phase5_consumer_hardening.TestResponseContract" name="test_model_used_reflects_tier_selection" time="0.002" /><testcase classname="tests.test_phase5_consumer_hardening.TestResponseContract" name="test_ai_service_returns_only_text" time="0.004" /><testcase classname="tests.test_phase5_consumer_hardening.TestParserIntegration" name="test_prompt_builder_uses_shared_parser" time="0.001" /><testcase classname="tests.test_phase5_consumer_hardening.TestParserIntegration" name="test_mentor_service_uses_shared_parser" time="0.001" /><testcase classname="tests.test_phase5_consumer_hardening.TestParserIntegration" name="test_mission_planner_uses_shared_parser" time="0.001" /><testcase classname="tests.test_mission_assessment_phase3c.TestTasksAndContext" name="test_tasks_all_complete" time="0.001" /><testcase classname="tests.test_mission_assessment_phase3c.TestTasksAndContext" name="test_context_prefers_coding_node" time="0.001" /><testcase classname="tests.test_mission_assessment_phase3c.TestTasksAndContext" name="test_context_falls_back_to_study_then_topic" time="0.001" /><testcase classname="tests.test_mission_assessment_phase3c.TestCompletionGate" name="test_no_linked_assessment_allows_completion" time="0.003" /><testcase classname="tests.test_mission_assessment_phase3c.TestCompletionGate" name="test_incomplete_assessment_blocks_completion" time="0.002" /><testcase classname="tests.test_mission_assessment_phase3c.TestCompletionGate" name="test_completed_assessment_allows_completion" time="0.002" /><testcase classname="tests.test_ai_gateway.TestProviderFailover" name="test_failover_to_second_provider" time="0.002" /><testcase classname="tests.test_ai_gateway.TestProviderFailover" name="test_all_providers_exhausted" time="0.003" /><testcase classname="tests.test_phase5_consumer_hardening.TestMentorChatConsumer" name="test_uses_mentor_chat_capability" time="0.003" /><testcase classname="tests.test_phase5_consumer_hardening.TestMentorChatConsumer" name="test_empty_response_does_not_crash_service" time="0.003" /><testcase classname="tests.test_phase5_consumer_hardening.TestMentorLessonConsumer" name="test_uses_mentor_lesson_capability" time="0.003" /><testcase classname="tests.test_phase5_consumer_hardening.TestMentorLessonConsumer" name="test_lesson_uses_shared_parser" time="0.001" /><testcase classname="tests.test_phase5_consumer_hardening.TestAssessmentContentCapability" name="test_assessment_capability_is_registered" time="0.001" /><testcase classname="tests.test_phase5_consumer_hardening.TestAssessmentContentCapability" name="test_assessment_routes_through_gateway" time="0.003" /><testcase classname="tests.test_mission_assessment_phase3c.TestEnrichment" name="test_enrich_adds_optional_fields" time="0.002" /><testcase classname="tests.test_mission_assessment_phase3c.TestEnrichment" name="test_enrich_safe_without_assessment" time="0.003" /><testcase classname="tests.test_ai_gateway.TestResponsePipeline" name="test_response_contains_metadata" time="0.003" /><testcase classname="tests.test_ai_gateway.TestRequestPipeline" name="test_request_passes_through" time="0.001" /><testcase classname="tests.test_ai_gateway.TestModelUsedInResponse" name="test_model_used_is_selected_model_not_provider_default" time="0.002" /><testcase classname="tests.test_streak_engine" name="test_streak_starts_on_first_activity_and_stays_same_day" time="0.001" /><testcase classname="tests.test_phase5_consumer_hardening.TestErrorBoundary" name="test_provider_error_message_is_user_safe" time="0.001" /><testcase classname="tests.test_phase5_consumer_hardening.TestErrorBoundary" name="test_fallback_error_truncates_raw_message" time="0.001" /><testcase classname="tests.test_phase5_consumer_hardening.TestErrorBoundary" name="test_all_providers_exhausted_error" time="0.007" /></testsuite></testsuites>