<?xml version="1.0" encoding="utf-8"?><testsuites name="pytest tests"><testsuite name="pytest" errors="0" failures="8" skipped="0" tests="41" time="4.055" timestamp="2026-09-09T20:07:41.541692+05:30" hostname="Teja"><testcase classname="tests.test_adaptive_planning_phase4_step2" name="test_A1_absolute_beginner_starts_at_programming_fundamentals" time="0.232" /><testcase classname="tests.test_effective_completion_verification" name="test_pf_below_threshold_does_not_effectively_complete" time="0.172" /><testcase classname="tests.test_effective_completion_verification" name="test_pf_at_threshold_effectively_completes" time="0.013" /><testcase classname="tests.test_effective_completion_verification" name="test_pf_zero_does_not_effectively_complete" time="0.015" /><testcase classname="tests.test_effective_completion_verification" name="test_downstream_subjects_blocked_when_only_pf_effective" time="0.030" /><testcase classname="tests.test_adaptive_planning_phase4_step2" name="test_A2_low_pf_learner_continues_programming_fundamentals" time="0.083" /><testcase classname="tests.test_effective_completion_verification" name="test_lld_hld_remain_locked_with_partial_effective_completion" time="0.017" /><testcase classname="tests.test_effective_completion_verification" name="test_independent_tracks_always_eligible" time="0.017" /><testcase classname="tests.test_effective_completion_verification" name="test_eligibility_and_sessions_agree_on_java_availability" time="0.101" /><testcase classname="tests.test_adaptive_planning_phase4_step2" name="test_A3_strong_pf_declaration_progresses_into_java" time="0.103" /><testcase classname="tests.test_effective_completion_verification" name="test_eligibility_and_sessions_agree_java_locked_at_pf0" time="0.113" /><testcase classname="tests.test_adaptive_planning_phase4_step2" name="test_B1_oracle_learner_gets_core_cs_mission" time="0.098" /><testcase classname="tests.test_canonical_progress" name="test_canonical_progress_rolls_up_from_children" time="0.389"><failure message="assert 0 == 1">tests\test_canonical_progress.py:41: in test_canonical_progress_rolls_up_from_children
    assert result["module"]["completed_topics"] == 1
E   assert 0 == 1</failure></testcase><testcase classname="tests.test_adaptive_planning_phase4_step2" name="test_B2_google_learner_favours_dsa_over_core_cs" time="0.080" /><testcase classname="tests.test_adaptive_planning_phase4_step2" name="test_C1_pf_java_dsa_complete_moves_to_core_cs" time="0.093" /><testcase classname="tests.test_adaptive_planning_phase4_step2" name="test_D1_senior_with_weak_dsa_and_google_target_gets_dsa" time="0.137" /><testcase classname="tests.test_adaptive_planning_phase4_step2" name="test_D2_senior_with_weak_core_cs_gets_core_cs" time="0.177" /><testcase classname="tests.test_adaptive_planning_phase4_step2" name="test_E1_and_E2_same_learner_different_company_yields_different_track" time="0.174" /><testcase classname="tests.test_canonical_progress" name="test_canonical_progress_walks_real_track_roots" time="0.001"><failure message="assert 0.0 == 100.0">tests\test_canonical_progress.py:73: in test_canonical_progress_walks_real_track_roots
    assert result["module"]["completion_pct"] == 100.0
E   assert 0.0 == 100.0</failure></testcase><testcase classname="tests.test_canonical_progress" name="test_roadmap_parser_walks_generic_nested_containers" time="0.001" /><testcase classname="tests.test_canonical_progress" name="test_canonical_progress_counts_only_learning_nodes" time="0.077" /><testcase classname="tests.test_adaptive_planning_phase4_step2" name="test_F1_urgent_timeline_prefers_revision_or_high_frequency_content" time="0.119" /><testcase classname="tests.test_canonical_progress" name="test_canonical_progress_partial_completion_is_not_completed" time="0.001"><failure message="assert 0 == 1">tests\test_canonical_progress.py:163: in test_canonical_progress_partial_completion_is_not_completed
    assert result["section"]["completed_topics"] == 1
E   assert 0 == 1</failure></testcase><testcase classname="tests.test_canonical_progress" name="test_canonical_progress_fully_untouched_section_is_not_started" time="0.002" /><testcase classname="tests.test_canonical_progress" name="test_canonical_progress_all_children_completed_is_completed" time="0.002"><failure message="AssertionError: assert 'not_started' == 'completed'&#10;  &#10;  - completed&#10;  + not_started">tests\test_canonical_progress.py:206: in test_canonical_progress_all_children_completed_is_completed
    assert result["section"]["status"] == "completed"
E   AssertionError: assert 'not_started' == 'completed'
E     
E     - completed
E     + not_started</failure></testcase><testcase classname="tests.test_effective_prerequisite_completion" name="test_pf9_effective_completion_is_consistent" time="0.015"><failure message="AssertionError: Java should be eligible (PF effectively done), got 'active'&#10;assert 'active' == 'eligible'&#10;  &#10;  - eligible&#10;  + active">tests\test_effective_prerequisite_completion.py:76: in test_pf9_effective_completion_is_consistent
    assert java_status == "eligible", (
E   AssertionError: Java should be eligible (PF effectively done), got 'active'
E   assert 'active' == 'eligible'
E     
E     - eligible
E     + active</failure></testcase><testcase classname="tests.test_effective_prerequisite_completion" name="test_pf0_keeps_java_locked" time="0.015" /><testcase classname="tests.test_effective_prerequisite_completion" name="test_e2e_pf9_java1_resolves_to_java" time="0.087" /><testcase classname="tests.test_adaptive_planning_phase4_step2" name="test_J2_high_actual_mastery_outranks_high_self_assessment" time="0.010"><failure message="AssertionError: actual mastery should dominate self-assessment once evidence accumulates; got effective_knowledge=20.0&#10;assert 20.0 &gt;= 80.0">tests\test_adaptive_planning_phase4_step2.py:363: in test_J2_high_actual_mastery_outranks_high_self_assessment
    assert score &gt;= 80.0, (
E   AssertionError: actual mastery should dominate self-assessment once evidence accumulates; got effective_knowledge=20.0
E   assert 20.0 &gt;= 80.0</failure></testcase><testcase classname="tests.test_effective_prerequisite_completion" name="test_e2e_pf0_resolves_to_pf" time="0.050" /><testcase classname="tests.test_effective_prerequisite_completion" name="test_effective_completion_does_not_mutate_actual_state" time="0.022" /><testcase classname="tests.test_effective_prerequisite_completion" name="test_actual_java_completion_unlocks_dsa" time="0.014" /><testcase classname="tests.test_planner_ranking_integration" name="test_planner_pick_equals_ranking_winner_for_eligible_candidates" time="0.264" /><testcase classname="tests.test_adaptive_planning_phase4_step2" name="test_J1_low_actual_mastery_outranks_high_self_assessment" time="0.013"><failure message="AssertionError: low actual mastery should dominate high self-assessment once evidence accumulates; got effective_knowledge=100.0&#10;assert 100.0 &lt;= 40.0">tests\test_adaptive_planning_phase4_step2.py:390: in test_J1_low_actual_mastery_outranks_high_self_assessment
    assert score &lt;= 40.0, (
E   AssertionError: low actual mastery should dominate high self-assessment once evidence accumulates; got effective_knowledge=100.0
E   assert 100.0 &lt;= 40.0</failure></testcase><testcase classname="tests.test_adaptive_planning_phase4_step2" name="test_K_company_flips_priority_between_dsa_and_core_cs" time="0.257" /><testcase classname="tests.test_planner_ranking_integration" name="test_roadmap_order_does_not_override_ranking" time="0.153" /><testcase classname="tests.test_adaptive_planning_phase4_step2" name="test_backwards_compat_default_ranking_unchanged_without_context" time="0.002" /><testcase classname="tests.test_adaptive_planning_phase4_step2" name="test_effective_knowledge_is_pure_self_assessment_at_zero_evidence" time="0.020" /><testcase classname="tests.test_adaptive_planning_phase4_step2" name="test_effective_knowledge_asymptotes_toward_actual_with_evidence" time="0.027"><failure message="AssertionError: assert 10.0 &gt; 70.0&#10; +  where 10.0 = effective_knowledge_score('java')&#10; +    where effective_knowledge_score = LearnerContext(onboarding={'self_assessment': {'java': 1}}, progress_rows=[{'node_id': 'dsa.foundations.arrays.travers...0, components={}, signals=[]), empty=True), learner_intelligence_enabled=False, knowledge_rows=[], skip_node_ids=set()).effective_knowledge_score">tests\test_adaptive_planning_phase4_step2.py:487: in test_effective_knowledge_asymptotes_toward_actual_with_evidence
    assert ctx.effective_knowledge_score("java") &gt; 70.0
E   AssertionError: assert 10.0 &gt; 70.0
E    +  where 10.0 = effective_knowledge_score('java')
E    +    where effective_knowledge_score = LearnerContext(onboarding={'self_assessment': {'java': 1}}, progress_rows=[{'node_id': 'dsa.foundations.arrays.travers...0, components={}, signals=[]), empty=True), learner_intelligence_enabled=False, knowledge_rows=[], skip_node_ids=set()).effective_knowledge_score</failure></testcase><testcase classname="tests.test_adaptive_planning_phase4_step2" name="test_weights_registry_supports_per_call_overrides" time="0.002" /><testcase classname="tests.test_planner_ranking_integration" name="test_company_signal_differentiates_planner_picks" time="0.255" /></testsuite></testsuites>